=== Trigger Deliber Log (meeting_id=52359) 2025-11-17 23:45:02.779619 ===

총 발언 수: 594
bill_pool 크기(의사일정 항 개수): 73

bill_pool 텍스트 저장: C:\pythonproject\k_legisight\preprocess_model\trigger_deliber_output\bill_pool_52359.txt

소위원장 발언 수(전체): 133
소위원장 트리거 후보 발언 수(키워드 필터): 22

소위원장 트리거 후보 TXT 저장: C:\pythonproject\k_legisight\preprocess_model\trigger_deliber_output\chair_trigger_candidates_52359.txt


=== 소위원장 트리거 판별 결과 (후보 발언 기준) ===

- speech_order=2, tf_trigger=True, agenda_items=[1, 2, 3, 4, 5, 6, 7, 8, 9, 10, 11, 12]
  발언 요약: 그러면 의사일정 제1항부터 제73항까지 모두 73건의 법률안을 일괄 상정합니다.  심사 대상 안건의 명칭 및 순서는 배부해 드린 의사일정을 참고하시기 바랍니다.   배석하고 계신 분이 발언을 하는 경우에는 직위와 성함을 먼저 밝힌 후에 말씀하여 주시기 바랍니다.   먼

- speech_order=140, tf_trigger=True, agenda_items=[13, 14, 15, 16, 17, 18, 19]
  발언 요약: 의사일정 1항부터 12항까지는 아까 제가 말씀대로 그렇게 처리하도록 하겠습니다.   다음, 의사일정 제13항부터 제19항까지 모두 7건의 농어촌정비법 일부개정법률안에 대해 수석전문위원께서 주요 사항을 설명해 주시기 바랍니다.

- speech_order=170, tf_trigger=False, agenda_items=[]
  발언 요약: 의결하도록 하겠습니다.   지금 정부안이 여러 가지 수정안과 함께 이렇게 나왔는데요. 이것들을 토털 해서 의사일정 제13항부터 제19항까지……

- speech_order=176, tf_trigger=True, agenda_items=[20, 21]
  발언 요약: 의사일정 제14항부터 19항까지 이상 6건의 법률안은 본회의에 부의하지 않고 농어촌정비법 일부개정법률안(대안)을 우리 위원회안으로 제안하고자 하는데 이의 없으십니까?    (「예」 하는 위원 있음)  가결되었음을 선포합니다.  의사일정 제13항은 소위원회에 계속 계류하

- speech_order=185, tf_trigger=True, agenda_items=[22]
  발언 요약: 의결하도록 하겠습니다.   의사일정 제21항 농업․농촌 및 식품산업 기본법 일부개정법률안은 수정 의결하고자 하는데 이의 없으십니까?     (「예」 하는 위원 있음)  가결되었음을 선포합니다.   의사일정 제20항 박대출 의원님의 법안은 계속 계류하도록 하겠습니다.  

- speech_order=196, tf_trigger=True, agenda_items=[23]
  발언 요약: 그럴까요?   다음, 의사일정 제23항 기능성 양잠산업 육성 및 지원에 관한 법률 일부개정법률안에 대해 수석전문위원께서 주요 사항을 설명해 주시기 바랍니다.

- speech_order=207, tf_trigger=False, agenda_items=[]
  발언 요약: 수고하셨습니다.  의결하겠습니다. 22항부터 먼저 하겠습니다.  김치산업 진흥법 일부개정법률안은 원안 의결하고자 하는데 이의 없으십니까?

- speech_order=215, tf_trigger=True, agenda_items=[24]
  발언 요약: 원안 의결하고자 하는데 이의 없으십니까?    (「예」 하는 위원 있음)  이의 없으시면 가결되었음을 선포합니다.  의사일정 제23항 기능성 양잠산업 육성 및 지원에 관한 법률 일부개정법률안은 수정 의결하고자 하는데 이의 없으십니까?    (「예」 하는 위원 있음)  

- speech_order=219, tf_trigger=True, agenda_items=[1, 2, 3, 4, 5, 6, 7, 8, 9, 10, 11, 12, 13, 14, 15, 16, 17, 18, 19]
  발언 요약: 위원님들 의견 없습니까?  의결하도록 하겠습니다.   의사일정 제24항 농촌융복합산업 육성 및 지원에 관한 법률 일부개정법률안은 수정 의결하고자 하는데 이의 없으십니까?    (「예」 하는 위원 있음)  가결되었음을 선포합니다.  다시 1항부터 19항으로 돌아가겠습니다

- speech_order=274, tf_trigger=False, agenda_items=[]
  발언 요약: 잠깐만요, 위원님들 먼저 이야기 듣고.  신정훈 위원님.

- speech_order=315, tf_trigger=True, agenda_items=[25, 26]
  발언 요약: 회의를 속개하도록 하겠습니다.  오전에 이어 법안 심사를 계속하겠습니다.   다음, 의사일정 제25항과 제26항 이상 2건의 귀농어․귀촌 활성화 및 지원에 관한 법률 일부개정법률안에 대해 수석전문위원님께서 주요 사항 설명해 주시기 바랍니다.

- speech_order=328, tf_trigger=True, agenda_items=[27, 28]
  발언 요약: 다른 의견 없습니까?   그러면 의결은 다른 위원님들이 오시면 하는 걸로 하고 다음 일정으로 넘어가겠습니다.   다음은 의사일정 27항과 28항, 이상 2건의 식품산업진흥법 일부개정법률안에 대해 수석전문위원님께서 주요 사항 설명해 주시기 바랍니다.

- speech_order=332, tf_trigger=True, agenda_items=[29, 30, 31, 32, 33]
  발언 요약: 위원님들 의견 주시기 바랍니다.   없습니까?    (「예」 하는 위원 있음)  없으면 의결은 정족수가 채워지는 대로 하도록 하겠습니다.   다음 의사일정 제29항부터 제33항까지 이상 5건의 농어업재해보험법 일부개정법률안에 대해 수석전문위원께서 주요 사항을 설명해 주

- speech_order=408, tf_trigger=True, agenda_items=[34, 35, 36]
  발언 요약: 의결합시다.  의결하도록 하겠습니다.  의사일정 제29항부터 제32항까지 이상 4건의 법률안은 본회의에 부의하지 않고 농어업재해보험법 일부개정법률안(대안)을 우리 위원회안으로 제안하고자 하는데 이의 없으십니까?    (「없습니다」 하는 위원 있음)  이의 없으면 가결되

- speech_order=441, tf_trigger=False, agenda_items=[]
  발언 요약: 다른 위원님들 의견 더 없습니까?   의결하도록 하겠습니다.  의사일정 제34항부터 제36항까지……

- speech_order=444, tf_trigger=True, agenda_items=[37, 38, 39, 40, 41, 42, 43, 44]
  발언 요약: 의사일정 제34항부터 제36항까지 이상 3건의 법률안은 본회의에 부의하지 않고 종자산업법 일부개정법률안을 우리 위원회안으로 제안하고자 하는데 이의 없으십니까?     (「예」 하는 위원 있음)  가결되었음을 선포합니다.  다음, 의사일정 제37항부터 제44항까지 이상 

- speech_order=461, tf_trigger=False, agenda_items=[]
  발언 요약: 안호영 위원님이 먼저……

- speech_order=538, tf_trigger=False, agenda_items=[]
  발언 요약: 안호영 위원님 먼저 하시고.

- speech_order=545, tf_trigger=True, agenda_items=[45, 46, 47]
  발언 요약: 다른 의견 없으시지요?    (「예」 하는 위원 있음)  의결하도록 하겠습니다.   의사일정 37항부터 제40항까지 온라인 도입을 위한 법률안은 계속 계류토록 하고요.   의사일정 제41항부터 제44항까지 이상 4건의 법률안은 본회의에 부의하지 않고 한국마사회법 일부개

- speech_order=549, tf_trigger=False, agenda_items=[]
  발언 요약: 다음은 위원님들의 의견 듣도록 하겠습니다.     (「특별한 이견이 없습니다」 하는 위원 있음)  없습니까?   의결하도록 하겠습니다, 그러면.   의사일정 제46항과 제47항, 이상 2건의 법률안은 본회의에 부의하지 않고 사료관리법 일부개정법률안(대안)을 우리 위원회

- speech_order=551, tf_trigger=True, agenda_items=[48]
  발언 요약: 아, 미안합니다.   다음 의사일정 제48항 지역농림어업 발전사업 협력 촉진에 관한 법률안에 대해 수석전문위원께서 주요사항을 설명해 주시기 바랍니다.

- speech_order=588, tf_trigger=True, agenda_items=[49, 50, 51, 52, 53, 54, 55, 56, 57]
  발언 요약: 의사일정 제48항 지역농림어업 발전사업 협력 촉진에 관한 법률안은 수정의결하고자 하는데 이의 없으십니까?    (「없습니다」 하는 위원 있음)  가결되었음을 선포합니다.  다음 의사일정 제49항부터 제57항까지 이상 9건의 농수산물 유통 및 가격안정에 관한 법률 일부개


=== 최종 심사구간(deliberation segments) ===

[delib 1] trigger_speech_order=2 (speech_id=110272887875363095)
  발언자: 소위원장 김승남
  구간: speech_order 2 ~ 139
  심사 의사일정: 의사일정 제1항부터 제12항까지 (raw: [1, 2, 3, 4, 5, 6, 7, 8, 9, 10, 11, 12])
  bill_review (bill_pool 매칭 결과):
    - 1. 농업협동조합법 일부개정법률안(이원택 의원 대표발의)(의안번호 2107688)
    - 2. 농업협동조합법 일부개정법률안(윤준병 의원 대표발의)(의안번호 2107948)
    - 3. 농업협동조합법 일부개정법률안(이원택 의원 대표발의)(의안번호 2109747)
    - 4. 농업협동조합법 일부개정법률안(김태흠 의원 대표발의)(의안번호 2113672)
    - 5. 농업협동조합법 일부개정법률안(윤재갑 의원 대표발의)(의안번호 2114108)
    - 6. 농업협동조합법 일부개정법률안(김승남 의원 대표발의)(의안번호 2114366)
    - 7. 농업협동조합법 일부개정법률안(하영제 의원 대표발의)(의안번호 2114528)
    - 8. 농업협동조합법 일부개정법률안(김선교 의원 대표발의)(의안번호 2114830)
    - 9. 농업협동조합법 일부개정법률안(이만희 의원 대표발의)(의안번호 2115138)
    - 10. 농업협동조합법 일부개정법률안(윤준병 의원 대표발의)(의안번호 2117373)
    - 11. 농업협동조합법 일부개정법률안(윤재갑 의원 대표발의)(의안번호 2117761)
    - 12. 농업협동조합법 일부개정법률안(안호영 의원 대표발의)(의안번호 2117912)

[delib 2] trigger_speech_order=140 (speech_id=8439541617305562839)
  발언자: 소위원장 김승남
  구간: speech_order 140 ~ 175
  심사 의사일정: 의사일정 제13항부터 제19항까지 (raw: [13, 14, 15, 16, 17, 18, 19])
  bill_review (bill_pool 매칭 결과):
    - 13. 농어촌정비법 일부개정법률안(안호영 의원 대표발의)(의안번호 2106375)
    - 14. 농어촌정비법 일부개정법률안(김승남 의원 대표발의)(의안번호 2111251)
    - 15. 농어촌정비법 일부개정법률안(서일준 의원 대표발의)(의안번호 2114411)
    - 16. 농어촌정비법 일부개정법률안(정부 제출)(의안번호 2114551)
    - 17. 농어촌정비법 일부개정법률안(김승남 의원 대표발의)(의안번호 2115845)
    - 18. 농어촌정비법 일부개정법률안(서삼석 의원 대표발의)(의안번호 2116160)
    - 19. 농어촌정비법 일부개정법률안(윤준병 의원 대표발의)(의안번호 2117505)

[delib 3] trigger_speech_order=176 (speech_id=4158298358381704317)
  발언자: 소위원장 김승남
  구간: speech_order 176 ~ 184
  심사 의사일정: 의사일정 제20항부터 제21항까지 (raw: [20, 21])
  bill_review (bill_pool 매칭 결과):
    - 20. 농업․농촌 및 식품산업 기본법 일부개정법률안(박대출 의원 대표발의)(의안번호 2109321)
    - 21. 농업․농촌 및 식품산업 기본법 일부개정법률안(이원택 의원 대표발의)(의안번호 2112370)

[delib 4] trigger_speech_order=185 (speech_id=4309231288051493367)
  발언자: 소위원장 김승남
  구간: speech_order 185 ~ 195
  심사 의사일정: 의사일정 제22항 (raw: [22])
  bill_review (bill_pool 매칭 결과):
    - 22. 김치산업 진흥법 일부개정법률안(최형두 의원 대표발의)(의안번호 2110597)

[delib 5] trigger_speech_order=196 (speech_id=964236376612686591)
  발언자: 소위원장 김승남
  구간: speech_order 196 ~ 214
  심사 의사일정: 의사일정 제23항 (raw: [23])
  bill_review (bill_pool 매칭 결과):
    - 23. 기능성 양잠산업 육성 및 지원에 관한 법률 일부개정법률안(이원택 의원 대표발의)(의안번호 2115122)

[delib 6] trigger_speech_order=215 (speech_id=3116051537986386734)
  발언자: 소위원장 김승남
  구간: speech_order 215 ~ 218
  심사 의사일정: 의사일정 제24항 (raw: [24])
  bill_review (bill_pool 매칭 결과):
    - 24. 농촌융복합산업 육성 및 지원에 관한 법률 일부개정법률안(김수흥 의원 대표발의)(의안번호 2115396)

[delib 7] trigger_speech_order=219 (speech_id=1200523005586134381)
  발언자: 소위원장 김승남
  구간: speech_order 219 ~ 314
  심사 의사일정: 의사일정 제1항부터 제19항까지 (raw: [1, 2, 3, 4, 5, 6, 7, 8, 9, 10, 11, 12, 13, 14, 15, 16, 17, 18, 19])
  bill_review (bill_pool 매칭 결과):
    - 1. 농업협동조합법 일부개정법률안(이원택 의원 대표발의)(의안번호 2107688)
    - 2. 농업협동조합법 일부개정법률안(윤준병 의원 대표발의)(의안번호 2107948)
    - 3. 농업협동조합법 일부개정법률안(이원택 의원 대표발의)(의안번호 2109747)
    - 4. 농업협동조합법 일부개정법률안(김태흠 의원 대표발의)(의안번호 2113672)
    - 5. 농업협동조합법 일부개정법률안(윤재갑 의원 대표발의)(의안번호 2114108)
    - 6. 농업협동조합법 일부개정법률안(김승남 의원 대표발의)(의안번호 2114366)
    - 7. 농업협동조합법 일부개정법률안(하영제 의원 대표발의)(의안번호 2114528)
    - 8. 농업협동조합법 일부개정법률안(김선교 의원 대표발의)(의안번호 2114830)
    - 9. 농업협동조합법 일부개정법률안(이만희 의원 대표발의)(의안번호 2115138)
    - 10. 농업협동조합법 일부개정법률안(윤준병 의원 대표발의)(의안번호 2117373)
    - 11. 농업협동조합법 일부개정법률안(윤재갑 의원 대표발의)(의안번호 2117761)
    - 12. 농업협동조합법 일부개정법률안(안호영 의원 대표발의)(의안번호 2117912)
    - 13. 농어촌정비법 일부개정법률안(안호영 의원 대표발의)(의안번호 2106375)
    - 14. 농어촌정비법 일부개정법률안(김승남 의원 대표발의)(의안번호 2111251)
    - 15. 농어촌정비법 일부개정법률안(서일준 의원 대표발의)(의안번호 2114411)
    - 16. 농어촌정비법 일부개정법률안(정부 제출)(의안번호 2114551)
    - 17. 농어촌정비법 일부개정법률안(김승남 의원 대표발의)(의안번호 2115845)
    - 18. 농어촌정비법 일부개정법률안(서삼석 의원 대표발의)(의안번호 2116160)
    - 19. 농어촌정비법 일부개정법률안(윤준병 의원 대표발의)(의안번호 2117505)

[delib 8] trigger_speech_order=315 (speech_id=1778463106656281713)
  발언자: 소위원장 김승남
  구간: speech_order 315 ~ 327
  심사 의사일정: 의사일정 제25항부터 제26항까지 (raw: [25, 26])
  bill_review (bill_pool 매칭 결과):
    - 25. 귀농어․귀촌 활성화 및 지원에 관한 법률 일부개정법률안(김수흥 의원 대표발의)(의안번호 2115394)
    - 26. 귀농어․귀촌 활성화 및 지원에 관한 법률 일부개정법률안(윤준병 의원 대표발의)(의안번호 2117500)

[delib 9] trigger_speech_order=328 (speech_id=2739409093510085477)
  발언자: 소위원장 김승남
  구간: speech_order 328 ~ 331
  심사 의사일정: 의사일정 제27항부터 제28항까지 (raw: [27, 28])
  bill_review (bill_pool 매칭 결과):
    - 27. 식품산업진흥법 일부개정법률안(윤준병 의원 대표발의)(의안번호 2116055)
    - 28. 식품산업진흥법 일부개정법률안(이개호 의원 대표발의)(의안번호 2116551)

[delib 10] trigger_speech_order=332 (speech_id=3343641890918668930)
  발언자: 소위원장 김승남
  구간: speech_order 332 ~ 407
  심사 의사일정: 의사일정 제29항부터 제33항까지 (raw: [29, 30, 31, 32, 33])
  bill_review (bill_pool 매칭 결과):
    - 29. 농어업재해보험법 일부개정법률안(윤두현 의원 대표발의)(의안번호 2100913)
    - 30. 농어업재해보험법 일부개정법률안(윤재갑 의원 대표발의)(의안번호 2108232)
    - 31. 농어업재해보험법 일부개정법률안(이용호 의원 대표발의)(의안번호 2111369)
    - 32. 농어업재해보험법 일부개정법률안(정희용 의원 대표발의)(의안번호 2114077)
    - 33. 농어업재해보험법 일부개정법률안(김수흥 의원 대표발의)(의안번호 2114480)

[delib 11] trigger_speech_order=408 (speech_id=767079043769814107)
  발언자: 소위원장 김승남
  구간: speech_order 408 ~ 443
  심사 의사일정: 의사일정 제34항부터 제36항까지 (raw: [34, 35, 36])
  bill_review (bill_pool 매칭 결과):
    - 34. 종자산업법 일부개정법률안(윤재갑 의원 대표발의)(의안번호 2111244)
    - 35. 종자산업법 일부개정법률안(이만희 의원 대표발의)(의안번호 2114263)
    - 36. 종자산업법 일부개정법률안(정부 제출)(의안번호 2114943)

[delib 12] trigger_speech_order=444 (speech_id=538437019222259416)
  발언자: 소위원장 김승남
  구간: speech_order 444 ~ 544
  심사 의사일정: 의사일정 제37항부터 제44항까지 (raw: [37, 38, 39, 40, 41, 42, 43, 44])
  bill_review (bill_pool 매칭 결과):
    - 37. 한국마사회법 일부개정법률안(김승남 의원 대표발의)(의안번호 2103168)
    - 38. 한국마사회법 일부개정법률안(윤재갑 의원 대표발의)(의안번호 2104149)
    - 39. 한국마사회법 일부개정법률안(정운천 의원 대표발의)(의안번호 2104438)
    - 40. 한국마사회법 일부개정법률안(이만희 의원 대표발의)(의안번호 2105672)
    - 41. 한국마사회법 일부개정법률안(안병길 의원 대표발의)(의안번호 2116517)
    - 42. 한국마사회법 일부개정법률안(안병길 의원 대표발의)(의안번호 2116535)
    - 43. 한국마사회법 일부개정법률안(김승남 의원 대표발의)(의안번호 2117045)
    - 44. 한국마사회법 일부개정법률안(윤준병 의원 대표발의)(의안번호 2117581)

[delib 13] trigger_speech_order=545 (speech_id=6641024810375589795)
  발언자: 소위원장 김승남
  구간: speech_order 545 ~ 550
  심사 의사일정: 의사일정 제45항부터 제47항까지 (raw: [45, 46, 47])
  bill_review (bill_pool 매칭 결과):
    - 45. 사료관리법 일부개정법률안(한준호 의원 대표발의)(의안번호 2111067)
    - 46. 사료관리법 일부개정법률안(신영대 의원 대표발의)(의안번호 2114090)
    - 47. 사료관리법 일부개정법률안(맹성규 의원 대표발의)(의안번호 2114450)

[delib 14] trigger_speech_order=551 (speech_id=5888496274547354617)
  발언자: 소위원장 김승남
  구간: speech_order 551 ~ 587
  심사 의사일정: 의사일정 제48항 (raw: [48])
  bill_review (bill_pool 매칭 결과):
    - 48. 지역농림어업 발전사업 협력 촉진에 관한 법률안(서삼석 의원 대표발의)(의안번호 2115087)

[delib 15] trigger_speech_order=588 (speech_id=3727864685896293856)
  발언자: 소위원장 김승남
  구간: speech_order 588 ~ 594
  심사 의사일정: 의사일정 제49항부터 제57항까지 (raw: [49, 50, 51, 52, 53, 54, 55, 56, 57])
  bill_review (bill_pool 매칭 결과):
    - 49. 농수산물 유통 및 가격안정에 관한 법률 일부개정법률안(윤준병 의원 대표발의)(의안번호 2105795)
    - 50. 농수산물 유통 및 가격안정에 관한 법률 일부개정법률안(김선교 의원 대표발의)(의안번호 2107897)
    - 51. 농수산물 유통 및 가격안정에 관한 법률 일부개정법률안(김승남 의원 대표발의)(의안번호 2108329)
    - 52. 농수산물 유통 및 가격안정에 관한 법률 일부개정법률안(김승남 의원 대표발의)(의안번호 2108352)
    - 53. 농수산물 유통 및 가격안정에 관한 법률 일부개정법률안(윤재갑 의원 대표발의)(의안번호 2107519)
    - 54. 농수산물 유통 및 가격안정에 관한 법률 일부개정법률안(김승남 의원 대표발의)(의안번호 2111609)
    - 55. 농수산물 유통 및 가격안정에 관한 법률 일부개정법률안(김승남 의원 대표발의)(의안번호 2111765)
    - 56. 농수산물 유통 및 가격안정에 관한 법률 일부개정법률안(이개호 의원 대표발의)(의안번호 2113108)
    - 57. 농수산물 유통 및 가격안정에 관한 법률 일부개정법률안(이주환 의원 대표발의)(의안번호 2114915)

