=== Trigger Deliber Log (meeting_id=52894) 2025-11-19 00:07:04.188053 ===

총 발언 수: 562
bill_pool 크기(의사일정 항 개수): 24

bill_pool 텍스트 저장: C:\pythonproject\k_legisight\preprocess_model\trigger_deliber_output\bill_pool_52894.txt

소위원장 발언 수(전체): 142
소위원장 트리거 후보 발언 수(키워드 필터): 16

소위원장 트리거 후보 TXT 저장: C:\pythonproject\k_legisight\preprocess_model\trigger_deliber_output\chair_trigger_candidates_52894.txt


=== 소위원장 트리거 판별 결과 (후보 발언 기준) ===

- speech_order=1, tf_trigger=False, agenda_items=[]
  발언 요약: 의석을 정돈해 주시기 바랍니다.   성원이 되었으므로 제405회 국회(임시회) 제1차 산업통상자원특허소위원회를 개회하겠습니다.   바쁜 일정에도 회의에 참석해 주신 위원님들께 감사드립니다.   회의 시작하기 전에 오늘 회의 진행에 대해서 말씀드리겠습니다.  먼저 오전 

- speech_order=2, tf_trigger=True, agenda_items=[1, 2, 3]
  발언 요약: 의사일정 제1항부터 제24항까지 특허법 일부개정법률안 등 24건의 법률안을 일괄 상정합니다.   먼저 의사일정 제1항부터 제3항까지 특허법 일부개정법률안, 상표법 일부개정법률안, 디자인보호법 일부개정법률안, 이상 3건에 대해서 심사하도록 하겠습니다.   수석전문위원님 

- speech_order=6, tf_trigger=True, agenda_items=[4, 5, 6, 7]
  발언 요약: 질의하실 위원님 계신가요?     (「없습니다」 하는 위원 있음)  지금 심사한 3건의 법률안은 대안 마련 등을 위해서 제7항까지 심사한 후에 일괄 의결하도록 하겠습니다.   다음, 의사일정 제4항부터 7항까지 특허법 일부개정법률안, 실용신안법 일부개정법률안, 상표법 

- speech_order=10, tf_trigger=False, agenda_items=[]
  발언 요약: 질의하실 위원님 계십니까?  그러면 의사일정 제1항 및 제4항의 법률안은 이를 통합 조정하고 위원님들과 수석전문위원의 의견을 반영해서 위원회 대안으로 제안하며 이상 2건의 법률안은 본회의에 부의하지 않는 것으로 의결하고자 합니다.   이의 없으십니까?    (「없습니다

- speech_order=60, tf_trigger=True, agenda_items=[8]
  발언 요약: 그러면 의사진행은 이 정도로 마무리를 하고요.  의사일정에 들어가겠습니다.   먼저 의사일정 제8항 제품안전기본법 일부개정법률안에 대해 심사하겠습니다.   수석전문위원님 보고해 주시기 바랍니다.

- speech_order=64, tf_trigger=True, agenda_items=[9]
  발언 요약: 질의하실 위원님 계신가요?    (「없습니다」 하는 위원 있음)  그러면 이 사안에 대해서 의사일정 제8항의 법률안은 위원님들과 수석전문위원의 의견을 반영하여 수정 의결하고자 하는데 이의가 없으십니까?    (「예」 하는 위원 있음)  가결되었음을 선포합니다.  의사일

- speech_order=113, tf_trigger=False, agenda_items=[]
  발언 요약: 추가질의할 위원님 없으시지요?  그러면 다음 사항 계속 심사하겠습니다.

- speech_order=142, tf_trigger=True, agenda_items=[10, 11, 12, 13]
  발언 요약: 위원님들 의견 있으십니까?    (「없습니다」 하는 위원 있음)  그러면 의사일정 제9항의 법률안은 위원님들과 수석전문위원의 의견을 반영하여 수정 의결하고자 하는데 이의가 없으십니까?    (「예」 하는 위원 있음)  가결되었음을 선포합니다.  다음, 의사일정 제10항

- speech_order=174, tf_trigger=False, agenda_items=[]
  발언 요약: 추가 의견 없으시지요?   계속 심사하겠습니다.

- speech_order=229, tf_trigger=False, agenda_items=[]
  발언 요약: 계속 심사해 나가겠습니다.  다음 사항 보고해 주십시오.

- speech_order=306, tf_trigger=False, agenda_items=[]
  발언 요약: 다음 사항 보고해 주십시오.

- speech_order=381, tf_trigger=True, agenda_items=[14, 15, 16]
  발언 요약: 의석을 정돈해 주시기 바랍니다.  회의를 속개하겠습니다.  다음은 의사일정 제14항부터 제16항까지 해상풍력 보급 활성화에 관한 특별법안, 해상풍력 계획입지 및 산업육성에 관한 특별법안, 풍력발전 보급촉진 특별법안, 이상 3건에 대해서 심사하겠습니다.   수석전문위원님

- speech_order=385, tf_trigger=False, agenda_items=[]
  발언 요약: 예, 보고해 주십시오.

- speech_order=414, tf_trigger=True, agenda_items=[20]
  발언 요약: 그러면 의사일정 제14항부터 제16항까지 이상 3건의 법률안은 보다 심도 있는 논의를 위해서 계속 심사하도록 하겠습니다.  위원님들께 의사진행과 관련해서 양해말씀 구하겠습니다.   국가자원안보 특별법안이 심사 순서인데 이 문제는 다음 심사로 넘기고요. 시간 제약 때문에

- speech_order=458, tf_trigger=False, agenda_items=[]
  발언 요약: 위원님들 의견 있으십니까?    (「없습니다」 하는 위원 있음)  그러면 의사일정 제20항 국가첨단전략산업 경쟁력 강화 및 보호에 관한 특별조치법 일부개정법률안에 대해서 의결하도록 하겠습니다.  의사일정 제20항의 법률안은 위원님들과 수석전문위원의 의견을 반영하여 수정

- speech_order=459, tf_trigger=False, agenda_items=[]
  발언 요약: 의사일정 제25항 고준위 방사성폐기물 관리 특별법안 관련 공청회를 상정합니다.  오늘 공청회는 관련 법안에 대한 추가적인 의견 청취가 필요하다는 판단하에 소위원회 차원에서 개최하려는 것으로 이미 전체회의에서 발제 등을 실시하였다는 점을 고려해서 핵심 내용에 대한 질의응


=== 최종 심사구간(deliberation segments) ===

[delib 1] trigger_speech_order=2 (speech_id=2930274230910684472)
  발언자: 소위원장 김한정
  구간: speech_order 2 ~ 5
  심사 의사일정: 의사일정 제1항부터 제3항까지 (raw: [1, 2, 3])
  bill_review (bill_pool 매칭 결과):
    - 1. 특허법 일부개정법률안(이장섭 의원 대표발의)(의안번호 2118322)
    - 2. 상표법 일부개정법률안(이장섭 의원 대표발의)(의안번호 2118321)
    - 3. 디자인보호법 일부개정법률안(이장섭 의원 대표발의)(의안번호 2118316)

[delib 2] trigger_speech_order=6 (speech_id=8837830184125542346)
  발언자: 소위원장 김한정
  구간: speech_order 6 ~ 59
  심사 의사일정: 의사일정 제4항부터 제7항까지 (raw: [4, 5, 6, 7])
  bill_review (bill_pool 매칭 결과):
    - 4. 특허법 일부개정법률안(이철규 의원 대표발의)(의안번호 2116852)
    - 5. 실용신안법 일부개정법률안(이철규 의원 대표발의)(의안번호 2116853)
    - 6. 상표법 일부개정법률안(이철규 의원 대표발의)(의안번호 2116856)
    - 7. 디자인보호법 일부개정법률안(이철규 의원 대표발의)(의안번호 2116855)

[delib 3] trigger_speech_order=60 (speech_id=904103278965736322)
  발언자: 소위원장 김한정
  구간: speech_order 60 ~ 63
  심사 의사일정: 의사일정 제8항 (raw: [8])
  bill_review (bill_pool 매칭 결과):
    - 8. 제품안전기본법 일부개정법률안(박영순 의원 대표발의)(의안번호 2118956)

[delib 4] trigger_speech_order=64 (speech_id=134581794166597306)
  발언자: 소위원장 김한정
  구간: speech_order 64 ~ 141
  심사 의사일정: 의사일정 제9항 (raw: [9])
  bill_review (bill_pool 매칭 결과):
    - 9. 산업표준화법 일부개정법률안(한무경 의원 대표발의)(의안번호 2119129)

[delib 5] trigger_speech_order=142 (speech_id=8429403411786981118)
  발언자: 소위원장 김한정
  구간: speech_order 142 ~ 380
  심사 의사일정: 의사일정 제10항부터 제13항까지 (raw: [10, 11, 12, 13])
  bill_review (bill_pool 매칭 결과):
    - 10. 자동차 부품사업의 미래차 전환 및 생태계 활성화에 관한 특별법안(한무경 의원 대표발의)(의안번호 2119949)
    - 11. 미래자동차산업 전환촉진 및 육성에 관한 특별법안(윤관석 의원 대표발의)(의안번호 2118199)
    - 12. 미래자동차산업의 육성 및 지원에 관한 특별법안(강병원 의원 대표발의)(의안번호 2113581)
    - 13. 미래자동차산업 육성 및 지원에 관한 특별법안(양향자 의원 대표발의)(의안번호 2110896)

[delib 6] trigger_speech_order=381 (speech_id=7394788666009499678)
  발언자: 소위원장 김한정
  구간: speech_order 381 ~ 413
  심사 의사일정: 의사일정 제14항부터 제16항까지 (raw: [14, 15, 16])
  bill_review (bill_pool 매칭 결과):
    - 14. 해상풍력 보급 활성화에 관한 특별법안(김한정 의원 대표발의)(의안번호 2120023)
    - 15. 해상풍력 계획입지 및 산업육성에 관한 특별법안(한무경 의원 대표발의)(의안번호 2120014)
    - 16. 풍력발전 보급촉진 특별법안(김원이 의원 대표발의)(의안번호 2110205)

[delib 7] trigger_speech_order=414 (speech_id=4951615188278586327)
  발언자: 소위원장 김한정
  구간: speech_order 414 ~ 562
  심사 의사일정: 의사일정 제20항 (raw: [20])
  bill_review (bill_pool 매칭 결과):
    - 20. 국가첨단전략산업 경쟁력 강화 및 보호에 관한 특별조치법 일부개정법률안(양금희 의원 대표발의)(의안번호 2119936)

