=== Trigger Deliber Log (meeting_id=51007) 2025-11-18 01:54:12.158707 ===

총 발언 수: 801
bill_pool 크기(의사일정 항 개수): 42

bill_pool 텍스트 저장: C:\pythonproject\k_legisight\preprocess_model\trigger_deliber_output\bill_pool_51007.txt

소위원장 발언 수(전체): 226
소위원장 트리거 후보 발언 수(키워드 필터): 25

소위원장 트리거 후보 TXT 저장: C:\pythonproject\k_legisight\preprocess_model\trigger_deliber_output\chair_trigger_candidates_51007.txt


=== 소위원장 트리거 판별 결과 (후보 발언 기준) ===

- speech_order=1, tf_trigger=False, agenda_items=[]
  발언 요약: 의석을 정돈해 주시기 바랍니다. 성원이 되었으므로 제386회 국회(임시회) 제1차 정보통신방송법안심사소위원회를 개의하겠습니다. 먼저 법률안을 상정하겠습니다.

- speech_order=2, tf_trigger=True, agenda_items=[1]
  발언 요약: 의사일정 제1항 전기통신사업법 일부개정법률안부터 의사일정 제42항 방송통신발전 기본법 일부개정법률안까지 이상 42건의 법률안을 일괄 상정합니다. 지난 회의와 마찬가지로 법률안 심사는 소위자료별로 전문위원으로부터 보고를 들은 후에 정부 측 답변을 듣고 위원님들의 의견이나

- speech_order=35, tf_trigger=True, agenda_items=[2]
  발언 요약: 의사일정 제1항은 계속 심사하고 제1항 중 보편요금제와 동의의결제 관련 내용을 제외한 내용을 대안에 반영해서 제안하고자 하는데 이의 없으십니까? (｢없습니다｣ 하는 위원 있음) 동일 법률안이 있기 때문에 의결은 심사가 종료된 후 하겠습니다. 다음으로 의사일정 제2항 김

- speech_order=76, tf_trigger=True, agenda_items=[3]
  발언 요약: 전기통신사업법 일부개정법률안 김영식 의원안에 대해서는 일부 취지는 타당합니다. 그런데 방통위원회에서는 신중한 검토가 보고되고 있고 정부 차원에서는 어느 정도 수용의견이 대두되고 있고 이통 3사 입장에서는 반대 입장이 제기되는 등 여러 가지 조금 더 논의가 필요한 차원에

- speech_order=157, tf_trigger=True, agenda_items=[4, 5]
  발언 요약: 변재일 위원님하고 같은 취지인데요, 제가 왜 그러냐 하면 법안을 죽 한번 읽어 보니까 분류는 잘 해 놨어요, 분류는. 분류만 잘해 놓고 그 이후에 무슨 지원 근거 어떤 특혜, 특혜라 하면 좀 이상하지만 육성할 수 있는, 지원할 수 있는 이런 어떤 특별한 게 없어요. 없

- speech_order=202, tf_trigger=True, agenda_items=[6]
  발언 요약: 다음으로 의사일정 제6항 전파법 일부개정법률안에 대해 수석전문위원 보고해 주시기 바랍니다.

- speech_order=206, tf_trigger=True, agenda_items=[7]
  발언 요약: 의견 있으신 위원님 말씀해 주시기 바랍니다. 이견이 없으므로 의사일정 제6항 김영식 의원이 대표발의한 전파법 일부개정법률안은 수정한 부분은 수정한 대로, 나머지 부분은 원안대로 의결하고자 하는데 이의 없으십니까? (｢예｣ 하는 위원 있음) 이의 없으시면 가결되었음을 선

- speech_order=228, tf_trigger=False, agenda_items=[]
  발언 요약: 의사일정 제7항 박대출 의원이 대표발의한 정보통신망 이용촉진 및 정보보호 등에 관한 법률 일부개정법률안은……

- speech_order=252, tf_trigger=True, agenda_items=[8, 9, 10]
  발언 요약: 예, 어차피 전체회의에서 또 그것 하니까…… 자, 가결되었음을 선포합니다. 다음으로 의사일정 제8항부터 10항까지 2건의 방송법 일부개정법률안과 1건의 한국교육방송공사법 일부개정법률안에 대해 수석전문위원 보고해 주시기 바랍니다.

- speech_order=275, tf_trigger=True, agenda_items=[11]
  발언 요약: 예. 의사일정 제9항 황보승희 의원이 대표발의한 한국교육방송공사법 일부개정법률안은 수정한 부분은 수정한 대로, 나머지 부분은 원안대로 의결하고자 하는데 이의 없으십니까? (｢예｣ 하는 위원 있음) 이의가 없으면 가결되었음을 선포합니다. 그리고 제8항과 제10항은 동일 

- speech_order=335, tf_trigger=True, agenda_items=[12, 13, 14, 15, 16]
  발언 요약: 의석을 정돈해 주시기 바랍니다. 회의를 속개합니다. 다음은 의사일정 제12항부터 제16항까지 5건의 위치정보의 보호 및 이용에 관한 법률 일부개정법률안에 대해 수석전문위원 보고해 주시기 바랍니다.

- speech_order=339, tf_trigger=True, agenda_items=[17, 18, 19, 20]
  발언 요약: 의견이 있으신 위원님은 말씀해 주십시오. 지난 3월 23일 날 저희들이 논의를 했습니다. 그 당시 ‘쟁점별로 축조심의를 해서 절충안을 만들어 오늘 가져와라’ 이런 이야기를 했는데 오늘 위원회안으로 이렇게 제출이 됐습니다. 혹시 여기에 대해서 특별한 이견이 없으시면…… 

- speech_order=360, tf_trigger=True, agenda_items=[21]
  발언 요약: 다른 분 없습니까? 정필모 의원님과 정희용 의원님이 개정안을 냈고 또 일부 다른 의견이 제시되고 있습니다. 특히 과기부에서는 신중한 의견을 제시했고 또 방통위에서는 면밀한 검토가 필요하다라고 이야기를 하고 계시고, 한국방송채널진흥협회에서는 찬성을 하고 있고 또 일부 다

- speech_order=366, tf_trigger=True, agenda_items=[22, 23, 24]
  발언 요약: 시간의 절약을 위해서 말씀드리겠습니다. 온라인 플랫폼 이용자 보호에 관한 법률안은 실제 순서상으로는 뒤입니다마는 정무위에서 여러 가지 의견이 되고 있고 제정법안이므로 공청회, 다음에 또 소위가 있기 때문에 오늘 그런 차원에서 상정부터 먼저 했다는 것을 말씀드립니다. 더

- speech_order=485, tf_trigger=True, agenda_items=[25, 26, 27, 28, 29, 30, 31]
  발언 요약: 다음으로 의사일정 제25항부터 제31항까지 7건의 인앱 결제 관련 전기통신사업법 일부개정법률안을 심사할 차례입니다.

- speech_order=528, tf_trigger=True, agenda_items=[25, 26, 27, 28, 29, 30, 31]
  발언 요약: 의석을 정돈해 주시기 바랍니다. 회의를 속개합니다. 앞 시간에 있었던 가칭 데이터 기본법안에 대해서는 법안 명칭 또 생성, 생산, 본인 데이터 관리 이런 여러 가지 용어를 체계적으로 정리해서 다음번 제1차 회의 할 때 상정하기로 그렇게 합의를 봤습니다. 그때 통과시키도

- speech_order=657, tf_trigger=True, agenda_items=[32]
  발언 요약: 그러면 법안심사가 끝났으므로 송상민 국장님은 이석하셔도 되겠습니다. 전기통신사업법 개정법률안에 대해서는 우리가 좀 더 추가적으로 논의하는 차원에서 보류하도록 하겠습니다, 계속적인 차원에서. 다음으로 의사일정 제32항 방송법 일부개정법률안에 대해 수석전문위원 보고해 주시

- speech_order=679, tf_trigger=True, agenda_items=[33]
  발언 요약: 다른 분 의견 없으십니까? (｢예｣ 하는 위원 있음) 지금 현재 공익성 분야의 사회복지 분야, 과학문화진흥 분야, 교육 및 지역 분야의 여러 가지 참고해서 충분히 할 수 있는 여지도 있는 것으로 보입니다. 여하튼 좀 더 신중한 검토를 위해서 보류하도록 하겠습니다. 다음

- speech_order=683, tf_trigger=True, agenda_items=[34, 35]
  발언 요약: 의견 있으신 위원님 말씀해 주십시오. 의견이 없으므로 과기부도 신중 또 방통위도 신중 검토의 의견이 있으므로 좀 더 검토를 위해서 보류시키도록 하겠습니다. 다음으로 의사일정 제34항 및 35항 허은아 의원과 강대식 의원이 각각 대표발의한 2건의 전기통신사업법 일부개정법

- speech_order=742, tf_trigger=False, agenda_items=[]
  발언 요약: 그렇게 하십시다. 그러면 오늘은 보류하고 다음번에…… 의사일정 제1항은 계속 심사하고 제1항 중 보편적 역무 관련 시스템 구축, 주식 취득 공익성심사 근거 정비, 결합판매서비스 관련 금지행위, 이행강제금, 과징금 및 과태료 상한 등 보편요금제와 동의의결제 관련 내용을 

- speech_order=744, tf_trigger=True, agenda_items=[36]
  발언 요약: 예. 다음으로 의사일정 제36항 소프트웨어산업 진흥법 일부개정법률안에 대해 수석전문위원 보고해 주시기 바랍니다.

- speech_order=751, tf_trigger=True, agenda_items=[37]
  발언 요약: 과기부에서는 곤란하다고 그러고 또 방통위에서는 가능하다고 그러고. 부처 의견을 조율해 오시기 바랍니다. 보류하겠습니다. 다음으로 의사일정 제37항 방송법 일부개정법률안에 대해 수석전문위원님 보고해 주시기 바랍니다.

- speech_order=758, tf_trigger=True, agenda_items=[38]
  발언 요약: 위원회에서 신중검토 의견과 KBS도 비현실이라는 의견이 제시됐고, 좀 더 심도 있는 토의를 위해서 보류하도록 하겠습니다. 다음으로 의사일정 제38항 방송문화진흥회법 일부개정법률안에 대해 수석전문위원 보고해 주시기 바랍니다.

- speech_order=764, tf_trigger=True, agenda_items=[39]
  발언 요약: 좀 더 신중한 논의를 위해서 보류하도록 하겠습니다. 다음으로 의사일정 제39항 방송법 일부개정법률안 수석전문위원 보고해 주시기 바랍니다.

- speech_order=772, tf_trigger=True, agenda_items=[40, 41, 42]
  발언 요약: 좀 더 신중한 검토를 위해서 오늘은 보류하도록 하겠습니다. 동일 제명 법률안에 대한 심사가 완료되었으므로 의결하겠습니다. 의사일정 제8항, 제10항, 이상 2건의 방송법 일부개정법률안은 각각 본회의에 부의하지 아니하고 이를 통합 조정한 위원회 대안을 제안하고자 하는데 


=== 최종 심사구간(deliberation segments) ===

[delib 1] trigger_speech_order=2 (speech_id=2782775399423979815)
  발언자: 소위원장 박성중
  구간: speech_order 2 ~ 34
  심사 의사일정: 의사일정 제1항 (raw: [1])
  bill_review (bill_pool 매칭 결과):
    - 1. 전기통신사업법 일부개정법률안(정부 제출)(의안번호 2101585)

[delib 2] trigger_speech_order=35 (speech_id=7838537566583012925)
  발언자: 소위원장 박성중
  구간: speech_order 35 ~ 75
  심사 의사일정: 의사일정 제2항 (raw: [2])
  bill_review (bill_pool 매칭 결과):
    - 2. 전기통신사업법 일부개정법률안(김영식 의원 대표발의)(의안번호 2105968)

[delib 3] trigger_speech_order=76 (speech_id=774391881370825327)
  발언자: 소위원장 박성중
  구간: speech_order 76 ~ 156
  심사 의사일정: 의사일정 제3항 (raw: [3])
  bill_review (bill_pool 매칭 결과):
    - 3. 전기통신사업법 일부개정법률안(정부 제출)(의안번호 2108067)

[delib 4] trigger_speech_order=157 (speech_id=7458224899147321324)
  발언자: 소위원장 박성중
  구간: speech_order 157 ~ 201
  심사 의사일정: 의사일정 제4항부터 제5항까지 (raw: [4, 5])
  bill_review (bill_pool 매칭 결과):
    - 4. 전기통신사업법 일부개정법률안(김상희 의원 대표발의)(의안번호 2108990)
    - 5. 전기통신사업법 일부개정법률안(이용빈 의원 대표발의)(의안번호 2109073)

[delib 5] trigger_speech_order=202 (speech_id=3352441136336481055)
  발언자: 소위원장 박성중
  구간: speech_order 202 ~ 205
  심사 의사일정: 의사일정 제6항 (raw: [6])
  bill_review (bill_pool 매칭 결과):
    - 6. 전파법 일부개정법률안(김영식 의원 대표발의)(의안번호 2107707)

[delib 6] trigger_speech_order=206 (speech_id=5795241667887029838)
  발언자: 소위원장 박성중
  구간: speech_order 206 ~ 251
  심사 의사일정: 의사일정 제7항 (raw: [7])
  bill_review (bill_pool 매칭 결과):
    - 7. 정보통신망 이용촉진 및 정보보호 등에 관한 법률 일부개정법률안(박대출 의원 대표발의)(의안번호 2106387)

[delib 7] trigger_speech_order=252 (speech_id=6063098876730420477)
  발언자: 소위원장 박성중
  구간: speech_order 252 ~ 274
  심사 의사일정: 의사일정 제8항부터 제10항까지 (raw: [8, 9, 10])
  bill_review (bill_pool 매칭 결과):
    - 8. 방송법 일부개정법률안(정청래 의원 대표발의)(의안번호 2100839)
    - 9. 한국교육방송공사법 일부개정법률안(황보승희 의원 대표발의)(의안번호 2108417)
    - 10. 방송법 일부개정법률안(황보승희 의원 대표발의)(의안번호 2108418)

[delib 8] trigger_speech_order=275 (speech_id=7186999114227622774)
  발언자: 소위원장 박성중
  구간: speech_order 275 ~ 334
  심사 의사일정: 의사일정 제11항 (raw: [11])
  bill_review (bill_pool 매칭 결과):
    - 11. 방송법 일부개정법률안(박성중 의원 대표발의)(의안번호 2103035)

[delib 9] trigger_speech_order=335 (speech_id=6043145317394965828)
  발언자: 소위원장 박성중
  구간: speech_order 335 ~ 338
  심사 의사일정: 의사일정 제12항부터 제16항까지 (raw: [12, 13, 14, 15, 16])
  bill_review (bill_pool 매칭 결과):
    - 12. 위치정보의 보호 및 이용 등에 관한 법률 일부개정법률안(허은아 의원 대표발의)(의안번호 2104822)
    - 13. 위치정보의 보호 및 이용 등에 관한 법률 일부개정법률안(허은아 의원 대표발의)(의안번호 2104877)
    - 14. 위치정보의 보호 및 이용 등에 관한 법률 일부개정법률안(변재일 의원 대표발의)(의안번호 2106032)
    - 15. 위치정보의 보호 및 이용 등에 관한 법률 일부개정법률안(정희용 의원 대표발의)(의안번호 2107537)
    - 16. 위치정보의 보호 및 이용 등에 관한 법률 일부개정법률안(조정식 의원 대표발의)(의안번호 2106326)

[delib 10] trigger_speech_order=339 (speech_id=5168885955470138959)
  발언자: 소위원장 박성중
  구간: speech_order 339 ~ 359
  심사 의사일정: 의사일정 제17항부터 제20항까지 (raw: [17, 18, 19, 20])
  bill_review (bill_pool 매칭 결과):
    - 17. 인터넷 멀티미디어 방송사업법 일부개정법률안(정필모 의원 대표발의)(의안번호 2106373)
    - 18. 인터넷 멀티미디어 방송사업법 일부개정법률안(정희용 의원 대표발의)(의안번호 2109704)
    - 19. 방송법 일부개정법률안(정필모 의원 대표발의)(의안번호 2106374)
    - 20. 방송법 일부개정법률안(정희용 의원 대표발의)(의안번호 2109706)

[delib 11] trigger_speech_order=360 (speech_id=1487607479247843914)
  발언자: 소위원장 박성중
  구간: speech_order 360 ~ 365
  심사 의사일정: 의사일정 제21항 (raw: [21])
  bill_review (bill_pool 매칭 결과):
    - 21. 온라인 플랫폼 이용자 보호에 관한 법률안(전혜숙 의원 대표발의)(의안번호 2106369)

[delib 12] trigger_speech_order=366 (speech_id=5598946637699682487)
  발언자: 소위원장 박성중
  구간: speech_order 366 ~ 484
  심사 의사일정: 의사일정 제22항부터 제24항까지 (raw: [22, 23, 24])
  bill_review (bill_pool 매칭 결과):
    - 22. 데이터 기본법안(조승래 의원 대표발의)(의안번호 2106182)
    - 23. 데이터의 이용촉진 및 산업진흥에 관한 법률안(허은아 의원 대표발의)(의안번호 2106820)
    - 24. 데이터 산업 진흥법안(이영 의원 대표발의)(의안번호 2109463)

[delib 13] trigger_speech_order=485 (speech_id=5977594873383369470)
  발언자: 소위원장 박성중
  구간: speech_order 485 ~ 527
  심사 의사일정: 의사일정 제25항부터 제31항까지 (raw: [25, 26, 27, 28, 29, 30, 31])
  bill_review (bill_pool 매칭 결과):
    - 25. 전기통신사업법 일부개정법률안(홍정민 의원 대표발의)(의안번호 2102524)
    - 26. 전기통신사업법 일부개정법률안(박성중 의원 대표발의)(의안번호 2102884)
    - 27. 전기통신사업법 일부개정법률안(조승래 의원 대표발의)(의안번호 2103625)
    - 28. 전기통신사업법 일부개정법률안(한준호 의원 대표발의)(의안번호 2103961)
    - 29. 전기통신사업법 일부개정법률안(양정숙 의원 대표발의)(의안번호 2104221)
    - 30. 전기통신사업법 일부개정법률안(허은아 의원 대표발의)(의안번호 2104390)
    - 31. 전기통신사업법 일부개정법률안(조명희 의원 대표발의)(의안번호 2104764)

[delib 14] trigger_speech_order=528 (speech_id=6844298617166400544)
  발언자: 소위원장 박성중
  구간: speech_order 528 ~ 656
  심사 의사일정: 의사일정 제25항부터 제31항까지 (raw: [25, 26, 27, 28, 29, 30, 31])
  bill_review (bill_pool 매칭 결과):
    - 25. 전기통신사업법 일부개정법률안(홍정민 의원 대표발의)(의안번호 2102524)
    - 26. 전기통신사업법 일부개정법률안(박성중 의원 대표발의)(의안번호 2102884)
    - 27. 전기통신사업법 일부개정법률안(조승래 의원 대표발의)(의안번호 2103625)
    - 28. 전기통신사업법 일부개정법률안(한준호 의원 대표발의)(의안번호 2103961)
    - 29. 전기통신사업법 일부개정법률안(양정숙 의원 대표발의)(의안번호 2104221)
    - 30. 전기통신사업법 일부개정법률안(허은아 의원 대표발의)(의안번호 2104390)
    - 31. 전기통신사업법 일부개정법률안(조명희 의원 대표발의)(의안번호 2104764)

[delib 15] trigger_speech_order=657 (speech_id=6901636089179642593)
  발언자: 소위원장 박성중
  구간: speech_order 657 ~ 678
  심사 의사일정: 의사일정 제32항 (raw: [32])
  bill_review (bill_pool 매칭 결과):
    - 32. 방송법 일부개정법률안(김선교 의원 대표발의)(의안번호 2104273)

[delib 16] trigger_speech_order=679 (speech_id=9030049848860874808)
  발언자: 소위원장 박성중
  구간: speech_order 679 ~ 682
  심사 의사일정: 의사일정 제33항 (raw: [33])
  bill_review (bill_pool 매칭 결과):
    - 33. 전기통신사업법 일부개정법률안(김경협 의원 대표발의)(의안번호 2104445)

[delib 17] trigger_speech_order=683 (speech_id=6887938843945794325)
  발언자: 소위원장 박성중
  구간: speech_order 683 ~ 743
  심사 의사일정: 의사일정 제34항부터 제35항까지 (raw: [34, 35])
  bill_review (bill_pool 매칭 결과):
    - 34. 전기통신사업법 일부개정법률안(허은아 의원 대표발의)(의안번호 2104821)
    - 35. 전기통신사업법 일부개정법률안(강대식 의원 대표발의)(의안번호 2106495)

[delib 18] trigger_speech_order=744 (speech_id=6317409413685376337)
  발언자: 소위원장 박성중
  구간: speech_order 744 ~ 750
  심사 의사일정: 의사일정 제36항 (raw: [36])
  bill_review (bill_pool 매칭 결과):
    - 36. 소프트웨어산업 진흥법 일부개정법률안(조명희 의원 대표발의)(의안번호 2105042)

[delib 19] trigger_speech_order=751 (speech_id=5449874880970942279)
  발언자: 소위원장 박성중
  구간: speech_order 751 ~ 757
  심사 의사일정: 의사일정 제37항 (raw: [37])
  bill_review (bill_pool 매칭 결과):
    - 37. 방송법 일부개정법률안(이정문 의원 대표발의)(의안번호 2100385)

[delib 20] trigger_speech_order=758 (speech_id=2682957124005550628)
  발언자: 소위원장 박성중
  구간: speech_order 758 ~ 763
  심사 의사일정: 의사일정 제38항 (raw: [38])
  bill_review (bill_pool 매칭 결과):
    - 38. 방송문화진흥회법 일부개정법률안(박용진 의원 대표발의)(의안번호 2100520)

[delib 21] trigger_speech_order=764 (speech_id=3259458238501079222)
  발언자: 소위원장 박성중
  구간: speech_order 764 ~ 771
  심사 의사일정: 의사일정 제39항 (raw: [39])
  bill_review (bill_pool 매칭 결과):
    - 39. 방송법 일부개정법률안(정청래 의원 대표발의)(의안번호 2100635)

[delib 22] trigger_speech_order=772 (speech_id=7698010388286125387)
  발언자: 소위원장 박성중
  구간: speech_order 772 ~ 801
  심사 의사일정: 의사일정 제40항부터 제42항까지 (raw: [40, 41, 42])
  bill_review (bill_pool 매칭 결과):
    - 40. 방송통신발전 기본법 일부개정법률안(이인영 의원 대표발의)(의안번호 2100657)
    - 41. 방송통신발전 기본법 일부개정법률안(강병원 의원 대표발의)(의안번호 2100698)
    - 42. 방송통신발전 기본법 일부개정법률안(한준호 의원 대표발의)(의안번호 2108823)

