=== Trigger Deliber Log (meeting_id=52737) 2025-11-13 01:05:56.884711 ===

총 발언 수: 472
bill_pool 크기(의사일정 항 개수): 19

소위원장 발언 수: 136


=== 소위원장 트리거 판별 결과 ===

- speech_order=1, tf_trigger=False, agenda_items=[]
  발언 요약: 의석을 정돈해 주시기 바랍니다.   성원이 되었으므로 제403회 국회(임시회) 국방위원회 제2차 법률안심사소위원회를 개의합니다.  바쁘신 가운데 오늘 회의에 참석해 주신 위원님들께 감사의 말씀을 드립니다.   우리 소위원회는 어제에 이어서 오늘은 국방부, 방사청 및 병

- speech_order=2, tf_trigger=True, agenda_items=[1, 2, 3, 4]
  발언 요약: 그러면 의사일정 제1항부터 제19항까지 19건의 안건을 일괄하여 상정하겠습니다.  안건 심사는 먼저 심사 경과와 검토의견에 대한 수석전문위원의 보고와 정부 측의 의견을 듣고 위원님들의 질의 답변과 토론을 마치고 나서 해당 안건을 처리하도록 하겠습니다.   그리고 정부 

- speech_order=4, tf_trigger=False, agenda_items=[]
  발언 요약: 정부 측 의견 말씀해 주십시오.

- speech_order=6, tf_trigger=False, agenda_items=[]
  발언 요약: 이 밑에 기획재정부 의견도 있는데 기획재정부 국장 나와 계시지요. 기획재정부의 의견은 뭔지 말씀해 보세요.

- speech_order=8, tf_trigger=False, agenda_items=[]
  발언 요약: 위원님들 의견 말씀해 주십시오.

- speech_order=10, tf_trigger=False, agenda_items=[]
  발언 요약: 정부 측 여기에 대해서 한번 답변 좀 해 보세요.  혹시 차관님이 제한되면 국장이 하셔도 좋습니다.

- speech_order=12, tf_trigger=False, agenda_items=[]
  발언 요약: 보건복지관, 요 앞에 나와서 보기 쉽게 해서 설명 좀 해 주세요.

- speech_order=14, tf_trigger=False, agenda_items=[]
  발언 요약: 보건복지관 직책과 성함을 나오면 먼저 얘기하고, 성함까지 얘기하고 발표해 주세요.

- speech_order=16, tf_trigger=False, agenda_items=[]
  발언 요약: 성명까지……

- speech_order=31, tf_trigger=False, agenda_items=[]
  발언 요약: 잠깐만요.  설훈 위원님, 공청회를 언제 했었지요, 대략?

- speech_order=33, tf_trigger=False, agenda_items=[]
  발언 요약: 22년도 1월 달 할 때 지금 의견이 설훈 위원님은 정부 측하고 공청회 하고 다 합의가 됐다라고 말씀을 하셨는데……

- speech_order=35, tf_trigger=False, agenda_items=[]
  발언 요약: 지급을 하자는 것은 합의가 됐고.

- speech_order=37, tf_trigger=False, agenda_items=[]
  발언 요약: 잠깐만요, 이것 하나만 확인하고.  차관님, 지급하는 것을 합의했다는 것은 인정합니까?

- speech_order=39, tf_trigger=False, agenda_items=[]
  발언 요약: 알았어요.  그러면 존경하는 한기호 위원님 먼저 말씀하시고 또……

- speech_order=41, tf_trigger=False, agenda_items=[]
  발언 요약: 국장님, 앞에 와 앉으세요. 국장님 계속 답변해야 되니까 방사청장 옆이나 차관님 옆에 좀 앉으셔서 이 사안 있을 때까지는 앉아 주세요.

- speech_order=56, tf_trigger=False, agenda_items=[]
  발언 요약: 잠깐만요.  알겠습니다, 설훈 위원님.  전문위원님, 공청회에서 조금 전에 한기호 위원님 말씀했듯이 결론을 내는 게 공청회가 아니잖아요, 소위에서 결론을 내리는 거지. 그러니까 결론을 내리기 전에 공감대 형성 과정이라든가 이런 과정이 공청회로 알고 있는데 법적으로는 어

- speech_order=58, tf_trigger=False, agenda_items=[]
  발언 요약: 그러면 제가 봤을 때, 저는 그때 공청회는 참가를 못 했습니다. 그런데 객관적으로 봤을 때 그때 참전용사분들의 애로사항을 충분히, 충분하다고는 할 수 없겠네요, 한 다섯 분 들었으니까. 어쨌거나 의견을 듣고 일부 안의 지급을 해야 된다는 공감대는 어느 정도 형성됐다고도

- speech_order=77, tf_trigger=False, agenda_items=[]
  발언 요약: 예, 말씀하세요.

- speech_order=83, tf_trigger=False, agenda_items=[]
  발언 요약: 국장님이 직접 말씀해도 돼요, 왜냐하면 이 분야는 좀 복잡한 문제니까.

- speech_order=103, tf_trigger=False, agenda_items=[]
  발언 요약: 설훈 위원님 말씀 잘해 주셨고요. 저는 사실 설훈 위원님께 감사한 마음을 늘 가져요. 군 출신으로서 월남전 참전한, 헌신한 인원들의 헌신의 가치를 어떻게든 국가가 인정해 주려고 법으로도 입법하려고 하시고 공청회도 하시고 또 민원도 들어주는 이런 활동에 대해서 개인적으로

- speech_order=105, tf_trigger=False, agenda_items=[]
  발언 요약: 그러면 협조를 기재부하고는 국방부가 아직 이런 논의는 안 한 거네요?

- speech_order=107, tf_trigger=False, agenda_items=[]
  발언 요약: 오케이, 알았어요.  전문위원님 한번 의견을……

- speech_order=109, tf_trigger=False, agenda_items=[]
  발언 요약: 그러면 이것이 여기에서 논의돼도 문제가 없다는 거예요 아니면 보훈처……

- speech_order=127, tf_trigger=False, agenda_items=[]
  발언 요약: 알겠습니다. 들어가 주세요.

- speech_order=130, tf_trigger=False, agenda_items=[]
  발언 요약: 잠깐만, 한기호 위원님. 여기 먼저 발언권을 얻어서 송 위원님 얘기 듣고……

- speech_order=144, tf_trigger=False, agenda_items=[]
  발언 요약: 예, 무슨 말인지 잘 알겠습니다. 이것 가지고 밤새 토론을 해도 현재 수준으로는 결론이 좀 어려울 것 같습니다. 왜냐하면 국방부도 기재부와 협조가 좀 더 필요한 것 같고 보훈처하고도 필요한 것 같고요.  그다음에 한기호 위원님이 말씀했듯이 한국전쟁이라든가 다른 것과의 

- speech_order=154, tf_trigger=False, agenda_items=[]
  발언 요약: 잠깐만요.

- speech_order=158, tf_trigger=False, agenda_items=[]
  발언 요약: 나한테도 없는데……

- speech_order=160, tf_trigger=False, agenda_items=[]
  발언 요약: 그것은 설훈 위원님 실에서 만든 겁니까, 국방부에서 받은 겁니까?

- speech_order=162, tf_trigger=False, agenda_items=[]
  발언 요약: 국방부에서는 왜 위원장도 모르고 아무도 몰라요?

- speech_order=164, tf_trigger=False, agenda_items=[]
  발언 요약: 차관님, 지금 국방부의 자세가 지극히 못마땅해요. 오늘 이런 법안을 토의하게 되면, 제가 엊그저께도 보고를 받았지만 과거 자료를 충분히 검토하고 공청회 자료면 그것을 다시 검토하고, 이렇게 중차대한 것들은 소위 위원님들한테 사전에 가서 이러이러한 팩트는 보고를 드려야 

- speech_order=166, tf_trigger=False, agenda_items=[]
  발언 요약: 기재부도 마찬가지고요. 기재부도 맨날 ‘안 된다, 안 된다’ 하지 말고, 문제에 집착하면 해결이 안 나오는 거예요. 해답에 집중해서 어떻게든 해결해 보려고 하면 해결이 다 나오니까……  그러면 이것은 이렇게 하겠습니다.

- speech_order=168, tf_trigger=False, agenda_items=[]
  발언 요약: 아니요, 이따 발언권 드리겠습니다.

- speech_order=170, tf_trigger=False, agenda_items=[]
  발언 요약: 송옥주 위원님이 발언권을 아까부터 했기 때문에……

- speech_order=172, tf_trigger=False, agenda_items=[]
  발언 요약: 송옥주 위원님 먼저 말씀하시고 설훈 위원님 충분히 시간 드릴게요.

- speech_order=174, tf_trigger=False, agenda_items=[]
  발언 요약: 아니요, 작년 7월에 했어도 국방부는 연속성이 있는데 책임이 있는 것이지요.  송옥주 위원님.

- speech_order=176, tf_trigger=False, agenda_items=[]
  발언 요약: 임병헌 위원님.

- speech_order=181, tf_trigger=False, agenda_items=[]
  발언 요약: 지금 이거 계속 토의하면 그러니까 여기에서 위원님 토의는 좀 멈추고.  차관님, 이것은 얼마나 시간 정도 주면 어느 정도 안이 나올 것 같아요?

- speech_order=183, tf_trigger=False, agenda_items=[]
  발언 요약: 3월에도 할 수 있고 소위는 계속 열리는데…… 소위는 언제든지 열 수가 있다고 봐요. 3월에도 임시국회가 열릴 확률이 많으니까 할 수 있으니까 만약 몇 개월 정도 주면 어느 정도 정리가 되느냐 이거지요. 그때쯤……

- speech_order=185, tf_trigger=False, agenda_items=[]
  발언 요약: 그러면 한 4월까지 시간을 줄 테니까 5월이나 6월 소위에 이걸 꼭 태워서 다시 논의를 할 테니까 그때까지……

- speech_order=187, tf_trigger=False, agenda_items=[]
  발언 요약: 일단 설훈 위원님 의견은 저는 존중하는데 아마 물리적으로 그렇게 빨리는 어려울 겁니다. 3월 한 달간 부처 간 협의하고……

- speech_order=189, tf_trigger=False, agenda_items=[]
  발언 요약: 예, 알겠습니다. 한 두 달, 한 달 더 주시고 4월까지는 주고 5～6월 중에 소위를 열게……

- speech_order=191, tf_trigger=False, agenda_items=[]
  발언 요약: 물론 그 의견은 아는데, 이 사안이 사실 중요하고, 법안의 검토라는 것은 다른 법안과의 연관성도 있고 재정도 있고 충분한 시간이 있어야 되는데 그동안 충분한 시간이 있었음에도 불구하고 이걸 못 한 것은 사실 여기 모인 모든 사람들의 문제가, 잘못이 있어요. 저부터도 법

- speech_order=193, tf_trigger=False, agenda_items=[]
  발언 요약: 하여튼 그러면 이건 다음에, 기간은 정하지 않겠습니다. 최대한 빨리……

- speech_order=196, tf_trigger=False, agenda_items=[]
  발언 요약: 예, 말씀하십시오.

- speech_order=198, tf_trigger=False, agenda_items=[]
  발언 요약: 이 문제는……

- speech_order=200, tf_trigger=False, agenda_items=[]
  발언 요약: 설훈 위원님 마지막 발언으로 하겠습니다.

- speech_order=202, tf_trigger=False, agenda_items=[]
  발언 요약: 오늘 이 안에 대해서는 마지막…… 다음 것도 지금 많이 있기 때문에……

- speech_order=204, tf_trigger=False, agenda_items=[]
  발언 요약: 예, 말씀하세요.

- speech_order=206, tf_trigger=False, agenda_items=[]
  발언 요약: 전문위원 의견 한번 얘기해 보세요.

- speech_order=208, tf_trigger=True, agenda_items=[1, 2, 3, 4]
  발언 요약: 알겠습니다. 그러면 이것은 하여튼 오늘은 이렇게 하겠습니다. 여기서 종료하고 차후에 다시 구체적인 것을 가지고 논의를 하는 것으로 하겠습니다.   오늘 참가자들은 대다수 여기에 대해서 취지에는 공감을 했고 구체적인 방안도 설훈 위원님이 한 세 가지 공청회 얘기를 했었는

- speech_order=209, tf_trigger=True, agenda_items=[5]
  발언 요약: 의석을 정돈해 주시기 바랍니다.   성원이 되었으므로 회의를 속개하겠습니다.  다음은 의사일정 제5항 국방․군사시설 사업에 관한 법률 일부개정법률안을 심사하겠습니다.  전문위원께서 보고해 주시기 바랍니다.

- speech_order=211, tf_trigger=False, agenda_items=[]
  발언 요약: 정부 측 의견 말씀해 주시기 바랍니다.

- speech_order=213, tf_trigger=False, agenda_items=[]
  발언 요약: 위원님들 의견 말씀해 주시기 바랍니다.  존경하는 한기호 위원님 말씀해 주세요.

- speech_order=219, tf_trigger=False, agenda_items=[]
  발언 요약: 또 다른 위원님 의견?  혹시 기재부 의견 있습니까? 여기 기재부 의견은 제한으로 되어 있는데……

- speech_order=221, tf_trigger=False, agenda_items=[]
  발언 요약: 예, 알겠습니다. 또 다른 위원님?

- speech_order=229, tf_trigger=False, agenda_items=[]
  발언 요약: 아니, 기부 대 양여도 부대 이전을 해야 될 것은 계속 발생을 하지요. 왜냐하면 국방개혁에 의해서 부대가 축소되거나 이전할 수 있는 소요들이 있기 때문에, 이것은 한번 정해지게 되면 대단히 오래 가고 하는 것이기 때문에 사실 이것은 신중히 검토하지 않으면 안 되는 법입

- speech_order=232, tf_trigger=False, agenda_items=[]
  발언 요약: 앞에 앉으셔서……

- speech_order=236, tf_trigger=False, agenda_items=[]
  발언 요약: 통상 부대 이전하고 기부 대 양여할 때 물론 사단이나 연대나 대대나 부대 규모에 따라 다르지만 본 위원이 알기로는 한 4년에서 5년은 소요되는 것으로 아는데 통상 몇 년 정도 걸려요?

- speech_order=238, tf_trigger=False, agenda_items=[]
  발언 요약: 그렇지요. 어떤 데는 10년까지도 걸리기 때문에……

- speech_order=240, tf_trigger=False, agenda_items=[]
  발언 요약: 그렇지요. 10년 하면 10년 전 가액하고 10년 후 가액은 차이가 사실 엄청나게 나는 거지요. 그렇기 때문에 계약 당시의 이걸로 하게 되면 군이 제대로 된 손해를 많이, 전반적으로 물가상승률도 올라가는 것이고 전반적으로 손해를 볼 수밖에 없는 구조기 때문에 저는 이 

- speech_order=242, tf_trigger=False, agenda_items=[]
  발언 요약: 뒤에 자료구나.

- speech_order=244, tf_trigger=False, agenda_items=[]
  발언 요약: 이거 설명 한번 한두 개 좀 해 주세요.

- speech_order=246, tf_trigger=False, agenda_items=[]
  발언 요약: 아니, 초소는 쉬우니까 최소한 대대급 규모 있잖아요. 7번 정도 사업, 평균 5년 걸리니까 그걸 한번 설명해 주세요, 해병2사단 13대대 이전.

- speech_order=248, tf_trigger=False, agenda_items=[]
  발언 요약: 그러니까 사실 이것이 지역에 따라 다른데 이런 많은 차이가 날 수도 있는 것이지요.

- speech_order=250, tf_trigger=False, agenda_items=[]
  발언 요약: 혹시 위원님들 의견 있습니까?

- speech_order=255, tf_trigger=True, agenda_items=[5, 6, 7, 8]
  발언 요약: 오늘 아침에 홍영표 위원님이 주관해서 사실 여기에 대해서 세미나도 했어요. 오늘 시간관계 때문에 참석을 못했는데 저도 공동 주최는 일단 해 드렸었는데, 홍영표 위원이 이걸 제기한 이유는 이렇게 하다 보니까 지자체라든가 민간에서 부대 이전했을 때 개발이 많이 들어가니까 

- speech_order=257, tf_trigger=False, agenda_items=[]
  발언 요약: 그래요. 정부 측 의견 말씀해 주세요.

- speech_order=259, tf_trigger=False, agenda_items=[]
  발언 요약: 혹시 여기 의견 있습니까, 위원님들?

- speech_order=261, tf_trigger=False, agenda_items=[]
  발언 요약: 정부 측 의견 주세요, 혹시 그게 포함이 어디 돼 있는지, 혹시 안 돼 있는지.

- speech_order=263, tf_trigger=False, agenda_items=[]
  발언 요약: 그러니까 지금 6쪽에 있는 좌측 신속소요 도표에 있는 정의와 대상에서 그 대상을 말씀하시는 거지요?

- speech_order=265, tf_trigger=False, agenda_items=[]
  발언 요약: 이 무기체계 성능개량하고 두 가지 이상 무기체계의 기능 통합, 업체에서 수출용 등으로 자체 개발․제작한 무기의 전력화 등인데 구체적인 사안은 대통령령으로 하겠다 그겁니까?

- speech_order=267, tf_trigger=False, agenda_items=[]
  발언 요약: 알겠습니다. 존경하는 설훈 위원님 말씀하신 게 대단히 중요한 사항이기 때문에 만약에 대통령령으로 하게 되면 조금 더 구체화해서 악용되는 사례가 없어야 되고 또 이렇게 하다 보면 대기업 위주로 될 수가 있거든요.

- speech_order=269, tf_trigger=False, agenda_items=[]
  발언 요약: 그러니까 중소기업까지 그런 것들이 제한이 되지 않는 어떤 항목들을 좀, 아마 법령에서는 하기가 어려울 거고 이 법 취지가 기술발전 수준에 빨리 대응하기 위한 거니까 대통령령에서는 좀 구체화할 필요가 있다고 봅니다.  또 다른 의견 주십시오.  그러면 전문위원, 그다음 

- speech_order=271, tf_trigger=False, agenda_items=[]
  발언 요약: 정부 측 의견 말씀해 주세요.

- speech_order=273, tf_trigger=False, agenda_items=[]
  발언 요약: 위원님들 말씀해 주십시오.

- speech_order=275, tf_trigger=False, agenda_items=[]
  발언 요약: 존경하는 한기호 위원님.

- speech_order=288, tf_trigger=False, agenda_items=[]
  발언 요약: 설훈 위원님.

- speech_order=293, tf_trigger=False, agenda_items=[]
  발언 요약: 설훈 위원님의 취지는 사실 이걸 좀 더 신중히 해서 여러 가지 문제점을 최소로 하자는 의견이었고 또 한기호 위원님은 지금 기술 수준이 원체 빠르니까 현 체제로 가면 어려운 사업들을 보완하는 시스템을 하기 위해서 발의도 해 주시고 한 그건데, 사실 이 문제는 여야 관계없

- speech_order=295, tf_trigger=False, agenda_items=[]
  발언 요약: 다음, 전문위원님……

- speech_order=303, tf_trigger=False, agenda_items=[]
  발언 요약: 9쪽을 한번 비교해 보시지요. 저도 이 분야는 관심이 많기 때문에 사실 스터디를 많이 했고 지금 정부 측 안, 신원식 의원님 안, 한기호 의원님 안 법조항을 다 제가 검토를 해 봤는데 기존 무기체계하고 이걸 먼저 위원님들이 이해하실 필요가 있습니다. 여기서 보면 기존 

- speech_order=305, tf_trigger=False, agenda_items=[]
  발언 요약: 그래서 그게 빠진 거고.  그다음에 사업추진전략 다 똑같고, 500억 미만 사업은 이 신속사업에 한해서 사업타당성조사가 생략된다 그거지요?

- speech_order=307, tf_trigger=False, agenda_items=[]
  발언 요약: 그러면 500억 미만은 기존에도 생략되는 건데 굳이, 사실은 신속사업에서는 다 뺀다는 것 아니에요? 500억 이상은 한다는 겁니까?

- speech_order=309, tf_trigger=False, agenda_items=[]
  발언 요약: 하는 거고?

- speech_order=311, tf_trigger=False, agenda_items=[]
  발언 요약: 그러면 이것은 똑같네. 그러면 이건 잘못 그린 거네.

- speech_order=313, tf_trigger=False, agenda_items=[]
  발언 요약: 아니, 어쨌거나 이 사업타당성은 기존에도 500억 이하는 생략하고 이상만 하잖아요?

- speech_order=315, tf_trigger=False, agenda_items=[]
  발언 요약: 그러면 똑같은 거고, 거기서 생략된 것이 선행연구고 그다음에 죽 왔을 때 입찰공고․경쟁계약 똑같고 연구개발 똑같고, 여기 된 것이 개발시험평가와 운용시험평가를 통합평가 하나로 통일한다는 것 아닙니까? 이건 뭔가 하면 개발했을 때 먼저 시험평가를 하고 또 운용하면서 평가

- speech_order=317, tf_trigger=False, agenda_items=[]
  발언 요약: 그다음에 전력화하는 거고.  그러니까 사실은 신속사업에서는 선행연구가 빠지는 거고 개발시험평가하고 운용시험평가를 통합한 이 차이가 핵심입니다. 나머지 하부 건은 크게, 대동소이하더라고요.  저도 전방에서 선행연구나 개발시험평가, 운용평가 이런 것 해 보면 너무 오래 걸

- speech_order=319, tf_trigger=False, agenda_items=[]
  발언 요약: 합참에서 하는데 또 합참에서도 무조건 하는 게 아니라 합동참모회의라든가 이런 의사결정체에서 하는 것 아니에요?

- speech_order=321, tf_trigger=False, agenda_items=[]
  발언 요약: 그러니까 그런 것들을 좀 자세히 위원님들한테 설명을 해 드려야 이것이…… 사실 얼핏 보면 설훈 위원님의 우려가 맞아요. 그렇게 갈 확률이 많은 것이지. 이것을 먼저 숲을 얘기해 주고 설명하면 쉬운데, 그런 것이지요.

- speech_order=330, tf_trigger=False, agenda_items=[]
  발언 요약: 차장님, 답변해 보세요.

- speech_order=332, tf_trigger=False, agenda_items=[]
  발언 요약: 그러니까 이것은 어떤 특정 업체가 예를 들어서 AI 기술이나 로봇 기술을 가졌다고 했을 때 그런 기술은 가졌는데 중소기업인 경우 제가 봤을 때 혼자 개발하면 돈이 많이 들잖아요. 그리고 그 기술은 이미 입증이 됐는데, 그러면 국방부가 그 회사와 협약을 해서 먼저 그 상

- speech_order=334, tf_trigger=False, agenda_items=[]
  발언 요약: 그런 경우를 위해서 해 놓은 것 아니에요?

- speech_order=336, tf_trigger=False, agenda_items=[]
  발언 요약: 그러니까 공개경쟁계약을 기본으로 하되 신기술은 경쟁계약이 안 되는 경우가 사실 많거든요. 그걸 한 것 아니에요?

- speech_order=338, tf_trigger=False, agenda_items=[]
  발언 요약: 그렇게 세부적으로 이해하기 쉽게 설명을 해 주세요.  그래서 또 나중에 무기체계 이런 것들은 감사원 감사나 이런 촘촘한 감사시스템이 돼 있다 보니까 잘못되는 경우는 지적이 되는 시스템으로 현재 돼 있는 것은 사실이지요?

- speech_order=340, tf_trigger=False, agenda_items=[]
  발언 요약: 왜냐하면 저도 군에 있을 때 이 분야는 방산 비리를 척결한다는 이유로 너무 촘촘하게 돼 있다 보니까 어떤 신무기를 만드는 데 10년 이상이 걸려서 신무기가 나왔을 때는 구무기가 돼 버렸어요.  지난번에 통신체계 있잖아요. 통신체계 이름이 뭐였지요?

- speech_order=342, tf_trigger=False, agenda_items=[]
  발언 요약: TICN 사업이 갈 때 소요 제기할 당시에는 그게 되면 새로운 세계가 열리는 줄 알았어요. 그게 10년 후에 나오니까 이미 모든 인터넷이 활성화돼서 그건 구버전이 돼 버렸어요. 그래서 그때 몇 조를 투자한 사업이었는데 또 그다음 사업으로 바로 가야 되는 문제가 있어서 

- speech_order=344, tf_trigger=False, agenda_items=[]
  발언 요약: 예.

- speech_order=346, tf_trigger=False, agenda_items=[]
  발언 요약: 여기 구성원이 누구, 해병대사령관을 포함했다고요?

- speech_order=348, tf_trigger=False, agenda_items=[]
  발언 요약: 정부 측 간단히 설명을 듣고 의견……

- speech_order=350, tf_trigger=False, agenda_items=[]
  발언 요약: 현행이 뭐지요?

- speech_order=352, tf_trigger=False, agenda_items=[]
  발언 요약: 오케이. 그것은 설훈 위원님이 우려했던 그런 지점인가요?

- speech_order=354, tf_trigger=False, agenda_items=[]
  발언 요약: 오케이.  설훈 위원님.

- speech_order=356, tf_trigger=False, agenda_items=[]
  발언 요약: 또 다른 위원님 말씀해 주세요.   존경하는 한기호 위원님.

- speech_order=361, tf_trigger=False, agenda_items=[]
  발언 요약: 그렇게까지……

- speech_order=363, tf_trigger=False, agenda_items=[]
  발언 요약: 아니요, 그건 아니고요.

- speech_order=366, tf_trigger=False, agenda_items=[]
  발언 요약: 아니요. 이것은……

- speech_order=375, tf_trigger=False, agenda_items=[]
  발언 요약: 아니에요. 이것은……

- speech_order=377, tf_trigger=False, agenda_items=[]
  발언 요약: 아니에요, 이건 정부안도 있고……

- speech_order=380, tf_trigger=False, agenda_items=[]
  발언 요약: 발언권 좀 얻어서 해 주십시오.  이것은 사실은 우리가 감정적으로 할 것이 아니고 앞으로 우리 군의 전력화를 위해서 또 과학기술의 발전 수준 이런 걸 위해서 어떤 형태로든 필요한 법안입니다.   그렇지만 어떤 법안이든지 제가 계속 얘기하는 거지만 장점과 단점을 같이 갖

- speech_order=382, tf_trigger=False, agenda_items=[]
  발언 요약: 거기에 법적으로 맞을지는 모르겠는데 연합사 부사령관을 포함을 할 수 있는지를 검토해 보세요. 원래 연합사는 전략지시 2호로 창설된 부대라서 여기에 포함될지 안 될지는 모르겠는데 사실 합리적으로는, 저도 연합사 부사령관 시절에 합동참모회의를 참가했는데 발언권은 있지만 위

- speech_order=387, tf_trigger=False, agenda_items=[]
  발언 요약: 그래서 사전에 그런 것들은 만들어서 개별적으로 여기 소위 위원님께 가서 보고를 해 주세요.

- speech_order=389, tf_trigger=False, agenda_items=[]
  발언 요약: 송옥주 위원님 혹시 한 말씀 있습니까?

- speech_order=391, tf_trigger=False, agenda_items=[]
  발언 요약: 임병헌 위원님.

- speech_order=400, tf_trigger=False, agenda_items=[]
  발언 요약: 한기호 위원님 꼭 말씀하셔야겠어요?

- speech_order=402, tf_trigger=False, agenda_items=[]
  발언 요약: 해병대도 필요하면 넣는……

- speech_order=404, tf_trigger=False, agenda_items=[]
  발언 요약: 제가 합동참모회의에 들어가 보면 각 군 총장은 각 군 무기만 어떻게든 획득하려고 하고 통합적으로 생각하는 사람은 합참의장하고 연합사 부사령관인데 연합사 부사령관 같은 경우는 사실 권한이 없다 보니까 의견은 개진하는데 별로 영양가가 없더라고요. 그래서 한 건데 그것은 법

- speech_order=406, tf_trigger=True, agenda_items=[9, 10, 11]
  발언 요약: 그러면 의사일정 제9항부터 11항까지 이상 3건의 방위사업법 일부개정법률안을 함께 심사하겠습니다.  전문위원 말씀해 주세요.

- speech_order=412, tf_trigger=False, agenda_items=[]
  발언 요약: 잠깐만요. 제가 이 배경 설명을 드리면 여기에 대해서는 지난번에 민홍철 국방위원장도 발의하고 한기호 의원님께서도 해 줘서 한 번 토의를 그때 했었잖아요. 했었고, 여기에서 사실 취지는 방산 비리를 척결해야 되겠다는 데 좀 더 포커스를 맞추어서 이 법안이 발의가 됐고 수

- speech_order=414, tf_trigger=False, agenda_items=[]
  발언 요약: 이렇게 하시지요. 이걸 다 하고 또 토의하면 어려우니까 1번 항 하고 정부안 하고 이것 의견 없으면 통과되는 걸로 하고 이런 식으로요. 의견이 있으면 여기서 아예 수정해 버리고 오늘 하는 데까지 하고 오늘 합의된 것은 다음에 논의할 것 없이 이렇게 가야 이것이 빨리 갈

- speech_order=416, tf_trigger=False, agenda_items=[]
  발언 요약: 그러면 정의를 이렇게 ‘방위사업은 방위력개선, 조달 및 품질관리’ 적힌 이대로 포함하는 걸로요?

- speech_order=418, tf_trigger=False, agenda_items=[]
  발언 요약: 우리 위원님들, 이 정의 문제에 의견 있습니까?    (「없습니다」 하는 위원 있음)   그러면 그다음, 전문위원.

- speech_order=420, tf_trigger=False, agenda_items=[]
  발언 요약: 이것 끝나고 가시지요.

- speech_order=422, tf_trigger=False, agenda_items=[]
  발언 요약: 오케이.

- speech_order=424, tf_trigger=False, agenda_items=[]
  발언 요약: 정부안 얘기해 주세요.

- speech_order=430, tf_trigger=False, agenda_items=[]
  발언 요약: 위원님들 말씀해 주십시오.  지금 이것 배경을 제가 잠깐 설명을 드리면 지금까지는 우리가 절충교역이 뭔가 하면 우리가 기술이 발전하지 않을 때 미국에서 예를 들면 F-35를 사 온다 했을 때 우리 물건도 어느 정도 거기서 반대급부로 사주든가 기술을 이렇게 전수해 주든가

- speech_order=432, tf_trigger=False, agenda_items=[]
  발언 요약: 한기호 위원님, 그런 의미지요?  그래서 용어 정의는 그런 거고 그 밑에 검토한 의견에 대해서 좀 말씀해 주세요, 위원님들 용어도 그렇고.

- speech_order=452, tf_trigger=False, agenda_items=[]
  발언 요약: 방사청 차장님, 절충교역도 포함이 되지만 지금은 절충교역으로 충족이 안 되는 것을 보완하기 위해서 확장돼서 이렇게 하는 거잖아요.

- speech_order=454, tf_trigger=False, agenda_items=[]
  발언 요약: 그러니까 절충교역 플러스 다른 다른 다른 사항 이것이지 않습니까?

- speech_order=460, tf_trigger=False, agenda_items=[]
  발언 요약: 이견이 있는 경우는 현행으로 유지하는 게 좋습니다. 이게 개정법이기 때문에, 개정안이기 때문에 사실 이견이 있는 걸 굳이 할 필요는 없을 것 같고요. 이것은 만약에 이견이 있다면 포함을 안 시켜도 무방할 것 같은데……  한기호 위원님.

- speech_order=462, tf_trigger=False, agenda_items=[]
  발언 요약: 그러니까 이것은 좀 마이너한 문제니까 이견이 있는 것은 현행 유지가 맞는 것 같아요.  그다음 진도 나가시지요.

- speech_order=464, tf_trigger=False, agenda_items=[]
  발언 요약: 정부안 얘기해 주세요.

- speech_order=466, tf_trigger=False, agenda_items=[]
  발언 요약: 위원님들 의견 말씀해 주시지요.    (「예」 하는 위원 있음)  오늘 이걸 다 검토하기에는 좀 시간이 부족해서 마지막 4번 항 이것을 하고 다음에 더 심도 깊게 토의하는 게 위원님들, 어떻겠습니까? 그럼 지금 4번, 전문위원 말씀해 주세요.

- speech_order=468, tf_trigger=False, agenda_items=[]
  발언 요약: 정부 측 말씀해 주세요.

- speech_order=470, tf_trigger=True, agenda_items=[6, 7, 8, 9, 10, 11]
  발언 요약: 위원님들 말씀해 주십시오.    (「없습니다」 하는 위원 있음)  그러면 오늘 방금 심사한 의사일정 제6항부터 제11항까지 6건의 방위사업법 일부개정법률안은 보다 심도 있는 논의를 위해서 계속 심사하도록 하겠습니다.  다음번에 법안소위를 3월 달에 임시회가 열리면 조금

- speech_order=472, tf_trigger=False, agenda_items=[]
  발언 요약: 오늘 안건심사는 여기까지 하는 것으로 하겠습니다.  어제에 이어 오늘까지 심도 있는 법안심사를 위해 애써 주신 위원님들 수고 많으셨습니다.  정부 측 관계관 여러분들도 고생 많으셨습니다.  산회를 선포합니다.


=== 최종 심사구간(deliberation segments) ===

[delib 1] trigger_speech_order=2 (speech_id=5071179079668680718)
  발언자: 소위원장 김병주
  구간: speech_order 2 ~ 207
  심사 의사일정: 의사일정 제1항부터 제4항까지 (raw: [1, 2, 3, 4])
  bill_review (bill_pool 매칭 결과):
    - 1. 월남전 참전군인 전투근무 보상특별법안(윤상현 의원 대표발의)(의안번호 2102627)
    - 2. 월남전 참전군인 보상에 관한 특별법안(설훈 의원 대표발의)(의안번호 2110208)
    - 3. 월남전 참전군인의 전투근무수당 미지급 관련 진상규명 및 전투근무급여금 지급에 관한 특별법안(설훈 의원 대표발의)(의안번호 2110212)
    - 4. 월남전 참전군인의 전투근무수당 미지급 관련 진상규명 및 전투근무급여금 지급에 관한 특별법안(강민국 의원 대표발의)(의안번호 2112134)

[delib 2] trigger_speech_order=208 (speech_id=6398313794774877330)
  발언자: 소위원장 김병주
  구간: speech_order 208 ~ 208
  심사 의사일정: 의사일정 제1항부터 제4항까지 (raw: [1, 2, 3, 4])
  bill_review (bill_pool 매칭 결과):
    - 1. 월남전 참전군인 전투근무 보상특별법안(윤상현 의원 대표발의)(의안번호 2102627)
    - 2. 월남전 참전군인 보상에 관한 특별법안(설훈 의원 대표발의)(의안번호 2110208)
    - 3. 월남전 참전군인의 전투근무수당 미지급 관련 진상규명 및 전투근무급여금 지급에 관한 특별법안(설훈 의원 대표발의)(의안번호 2110212)
    - 4. 월남전 참전군인의 전투근무수당 미지급 관련 진상규명 및 전투근무급여금 지급에 관한 특별법안(강민국 의원 대표발의)(의안번호 2112134)

[delib 3] trigger_speech_order=209 (speech_id=7253790473676621799)
  발언자: 소위원장 김병주
  구간: speech_order 209 ~ 254
  심사 의사일정: 의사일정 제5항 (raw: [5])
  bill_review (bill_pool 매칭 결과):
    - 5. 국방․군사시설 사업에 관한 법률 일부개정법률안(홍영표 의원 대표발의)(의안번호 2118121)

[delib 4] trigger_speech_order=255 (speech_id=3257430025494167085)
  발언자: 소위원장 김병주
  구간: speech_order 255 ~ 405
  심사 의사일정: 의사일정 제5항부터 제8항까지 (raw: [5, 6, 7, 8])
  bill_review (bill_pool 매칭 결과):
    - 5. 국방․군사시설 사업에 관한 법률 일부개정법률안(홍영표 의원 대표발의)(의안번호 2118121)
    - 6. 방위사업법 일부개정법률안(정부 제출)(의안번호 2110066)
    - 7. 방위사업법 일부개정법률안(신원식 의원 대표발의)(의안번호 2117465)
    - 8. 방위사업법 일부개정법률안(한기호 의원 대표발의)(의안번호 2119701)

[delib 5] trigger_speech_order=406 (speech_id=3098366775017293537)
  발언자: 소위원장 김병주
  구간: speech_order 406 ~ 469
  심사 의사일정: 의사일정 제9항부터 제11항까지 (raw: [9, 10, 11])
  bill_review (bill_pool 매칭 결과):
    - 9. 방위사업법 일부개정법률안(민홍철 의원 대표발의)(의안번호 2103838)
    - 10. 방위사업법 일부개정법률안(정부 제출)(의안번호 2104620)
    - 11. 방위사업법 일부개정법률안(한기호 의원 대표발의)(의안번호 2107628)

[delib 6] trigger_speech_order=470 (speech_id=4164975441154978143)
  발언자: 소위원장 김병주
  구간: speech_order 470 ~ 472
  심사 의사일정: 의사일정 제6항부터 제11항까지 (raw: [6, 7, 8, 9, 10, 11])
  bill_review (bill_pool 매칭 결과):
    - 6. 방위사업법 일부개정법률안(정부 제출)(의안번호 2110066)
    - 7. 방위사업법 일부개정법률안(신원식 의원 대표발의)(의안번호 2117465)
    - 8. 방위사업법 일부개정법률안(한기호 의원 대표발의)(의안번호 2119701)
    - 9. 방위사업법 일부개정법률안(민홍철 의원 대표발의)(의안번호 2103838)
    - 10. 방위사업법 일부개정법률안(정부 제출)(의안번호 2104620)
    - 11. 방위사업법 일부개정법률안(한기호 의원 대표발의)(의안번호 2107628)

