=== Trigger Deliber Log (meeting_id=50781) 2025-11-18 23:52:54.976907 ===

총 발언 수: 656
bill_pool 크기(의사일정 항 개수): 53

bill_pool 텍스트 저장: C:\pythonproject\k_legisight\preprocess_model\trigger_deliber_output\bill_pool_50781.txt

소위원장 발언 수(전체): 201
소위원장 트리거 후보 발언 수(키워드 필터): 11

소위원장 트리거 후보 TXT 저장: C:\pythonproject\k_legisight\preprocess_model\trigger_deliber_output\chair_trigger_candidates_50781.txt


=== 소위원장 트리거 판별 결과 (후보 발언 기준) ===

- speech_order=2, tf_trigger=True, agenda_items=[1, 2, 3, 4, 5, 6]
  발언 요약: 의사일정 제1항부터 제53항까지 53건의 법률안을 일괄 상정합니다. 어제에 이어서 심사를 계속하겠습니다. 의사일정 제1항부터 제6항까지 박완주 의원, 이정문 의원, 조승래 의원, 서동용 의원, 박완수 의원, 강민정 의원이 각각 대표발의한 6건의 지방대학 및 지역균형인재

- speech_order=126, tf_trigger=True, agenda_items=[5]
  발언 요약: 그러면 5항, 역시 박완수 의원님이 제출하신 지방대학 및 지역균형인재 육성에 관한 법률 일부개정법률안을 심사하도록 하겠습니다. 전문위원 보고해 주시기 바랍니다.

- speech_order=139, tf_trigger=True, agenda_items=[7, 8]
  발언 요약: 많은 의안들이 있는데도 불구하고 아주 신속하게 심사가 이루어져서 위원장으로서 굉장히 만족스럽게 생각을 합니다. 그러면 의사일정 제5항은 위원회에서 계속 심사하기로 하고, 의사일정 제1․2․3․4․6항은 본회의에 각각 부의하지 아니하고 이를 통합 조정한 대안을 위원회안으

- speech_order=362, tf_trigger=True, agenda_items=[9]
  발언 요약: 그러면 지금까지 심사했던 것을 기초로 해서 의사일정 제7항과 8항은 본회의에 각각 부의하지 아니하고 이를 통합 조정한 대안을 위원회안으로 제안하고자 하는데 이의 없으십니까? (｢없습니다｣ 하는 위원 있음) 이의가 없으면 가결되었음을 선포합니다. 위원님들 수고하셨습니다.

- speech_order=376, tf_trigger=True, agenda_items=[10, 11, 12]
  발언 요약: 의견 없으십니까? 의사일정 제9항은 원안대로 의결하고자 하는데 이의가 없으십니까? (｢예｣ 하는 위원 있음) 이의가 없으시면 가결되었음을 선포합니다. 다음으로 의사일정 제10항부터 제12항까지 이용 의원, 김예지 의원, 안민석 의원이 각각 대표발의한 3건의 학교체육 진

- speech_order=407, tf_trigger=True, agenda_items=[13]
  발언 요약: 그러면 의사일정 제10항은 위원회에서 계속 심사하기로 하고, 의사일정 11항․12항은 본회의에 각각 부의하지 아니하고 이를 통합 조정한 대안을 위원회안으로 제안하고자 하는데 이의 없으십니까? (｢예｣ 하는 위원 있음) 이의가 없으시면 가결되었음을 선포합니다. 다음으로 

- speech_order=411, tf_trigger=True, agenda_items=[14, 15, 16, 17, 18]
  발언 요약: 위원님들 의견 주시기 바랍니다. 별도의 의견, 다른 이견이 없으시지요? (｢예｣ 하는 위원 있음) 의사일정 제13항은 원안대로 의결하고자 하는데 이의가 없으십니까? (｢예｣ 하는 위원 있음) 이의가 없으면 가결되었음을 선포합니다. 다음으로 의사일정 제14항부터 제18항

- speech_order=492, tf_trigger=True, agenda_items=[17]
  발언 요약: 예, 아까 3호로 넣는 것 있었습니다. 그러면 다음으로는 제17항 고등교육법 일부개정법률안에 대해서 심사하도록 하겠습니다.

- speech_order=496, tf_trigger=True, agenda_items=[18]
  발언 요약: 이 법안을 발의하신 진성준 의원실에 확인했는데요 지금 이것을 좀 더 수정해서 재발의할 예정이라고 하니 그 재발의 여부를 보고 계속 논의하는 것으로 하겠습니다. 다음으로 제18항 고등교육법 일부개정법률안에 대해서 심사하도록 하겠습니다. 전문위원님.

- speech_order=536, tf_trigger=True, agenda_items=[19, 20, 21, 22, 23]
  발언 요약: 그러면 다른 의견이 없으면 의사일정 제14․15․16․18항은 본회의에 각각 부의하지 아니하고 이를 통합 조정한 대안을 위원회안으로 제안하고자 하는데 이의 없으십니까? (｢예｣ 하는 위원 있음) 이의가 없으면 가결되었음을 선포합니다. 다음으로 의사일정 제19항부터 제2

- speech_order=568, tf_trigger=True, agenda_items=[24, 25]
  발언 요약: 아니, 제가 한 말씀 드리겠습니다. 지금 공청회 전에 법안이 의결되는 것에 대한 우려를 말씀하시는데 공청회 전후에도 법안소위에서 논의는 가능한 것 아니겠습니까? 지금 정경희 위원님께서는 공청회가 다음 주에 여야 합의에 의해서 이루어지는데 혹시 오늘 이것이 의결될까 봐 


=== 최종 심사구간(deliberation segments) ===

[delib 1] trigger_speech_order=2 (speech_id=6091675941725159545)
  발언자: 소위원장 박찬대
  구간: speech_order 2 ~ 125
  심사 의사일정: 의사일정 제1항부터 제6항까지 (raw: [1, 2, 3, 4, 5, 6])
  bill_review (bill_pool 매칭 결과):
    - 1. 지방대학 및 지역균형인재 육성에 관한 법률 일부개정법률안(박완주 의원 대표발의)(의안번호 2100255)
    - 2. 지방대학 및 지역균형인재 육성에 관한 법률 일부개정법률안(이정문 의원 대표발의)(의안번호 2100269)
    - 3. 지방대학 및 지역균형인재 육성에 관한 법률 일부개정법률안(조승래 의원 대표발의)(의안번호 2100851)
    - 4. 지방대학 및 지역균형인재 육성에 관한 법률 일부개정법률안(서동용 의원 대표발의)(의안번호 2101214)
    - 5. 지방대학 및 지역균형인재 육성에 관한 법률 일부개정법률안(박완수 의원 대표발의)(의안번호 2101352)
    - 6. 지방대학 및 지역균형인재 육성에 관한 법률 일부개정법률안(강민정 의원 대표발의)(의안번호 2105773)

[delib 2] trigger_speech_order=126 (speech_id=3113104931298921686)
  발언자: 소위원장 박찬대
  구간: speech_order 126 ~ 138
  심사 의사일정: 의사일정 제5항 (raw: [5])
  bill_review (bill_pool 매칭 결과):
    - 5. 지방대학 및 지역균형인재 육성에 관한 법률 일부개정법률안(박완수 의원 대표발의)(의안번호 2101352)

[delib 3] trigger_speech_order=139 (speech_id=6952516972755476248)
  발언자: 소위원장 박찬대
  구간: speech_order 139 ~ 361
  심사 의사일정: 의사일정 제7항부터 제8항까지 (raw: [7, 8])
  bill_review (bill_pool 매칭 결과):
    - 7. 학교복합시설 설치 및 운영․관리에 관한 법률 일부개정법률안(박찬대 의원 대표발의)(의안번호 2105010)
    - 8. 학교복합시설 설치 및 운영․관리에 관한 법률 일부개정법률안(강득구 의원 대표발의)(의안번호 2105590)

[delib 4] trigger_speech_order=362 (speech_id=6765353132214189488)
  발언자: 소위원장 박찬대
  구간: speech_order 362 ~ 375
  심사 의사일정: 의사일정 제9항 (raw: [9])
  bill_review (bill_pool 매칭 결과):
    - 9. 국립대학의 회계 설치 및 재정 운영에 관한 법률 일부개정법률안(윤영석 의원 대표발의)(의안번호 2105007)

[delib 5] trigger_speech_order=376 (speech_id=3929594084962280115)
  발언자: 소위원장 박찬대
  구간: speech_order 376 ~ 406
  심사 의사일정: 의사일정 제10항부터 제12항까지 (raw: [10, 11, 12])
  bill_review (bill_pool 매칭 결과):
    - 10. 학교체육 진흥법 일부개정법률안(이용 의원 대표발의)(의안번호 2105222)
    - 11. 학교체육 진흥법 일부개정법률안(김예지 의원 대표발의)(의안번호 2105923)
    - 12. 학교체육 진흥법 일부개정법률안(안민석 의원 대표발의)(의안번호 2106795)

[delib 6] trigger_speech_order=407 (speech_id=2428210811682687137)
  발언자: 소위원장 박찬대
  구간: speech_order 407 ~ 410
  심사 의사일정: 의사일정 제13항 (raw: [13])
  bill_review (bill_pool 매칭 결과):
    - 13. 사료의 수집․편찬 및 한국사의 보급 등에 관한 법률 일부개정법률안(김병욱 의원 대표발의)(의안번호 2106322)

[delib 7] trigger_speech_order=411 (speech_id=8816344464547497181)
  발언자: 소위원장 박찬대
  구간: speech_order 411 ~ 491
  심사 의사일정: 의사일정 제14항부터 제18항까지 (raw: [14, 15, 16, 17, 18])
  bill_review (bill_pool 매칭 결과):
    - 14. 고등교육법 일부개정법률안(노웅래 의원 대표발의)(의안번호 2100675)
    - 15. 고등교육법 일부개정법률안(권인숙 의원 대표발의)(의안번호 2101695)
    - 16. 고등교육법 일부개정법률안(서영교 의원 대표발의)(의안번호 2104274)
    - 17. 고등교육법 일부개정법률안(진성준 의원 대표발의)(의안번호 2103729)
    - 18. 고등교육법 일부개정법률안(박찬대 의원 대표발의)(의안번호 2107057)

[delib 8] trigger_speech_order=492 (speech_id=8066781128636621155)
  발언자: 소위원장 박찬대
  구간: speech_order 492 ~ 495
  심사 의사일정: 의사일정 제17항 (raw: [17])
  bill_review (bill_pool 매칭 결과):
    - 17. 고등교육법 일부개정법률안(진성준 의원 대표발의)(의안번호 2103729)

[delib 9] trigger_speech_order=496 (speech_id=6258595669700074790)
  발언자: 소위원장 박찬대
  구간: speech_order 496 ~ 535
  심사 의사일정: 의사일정 제18항 (raw: [18])
  bill_review (bill_pool 매칭 결과):
    - 18. 고등교육법 일부개정법률안(박찬대 의원 대표발의)(의안번호 2107057)

[delib 10] trigger_speech_order=536 (speech_id=5258102472263507329)
  발언자: 소위원장 박찬대
  구간: speech_order 536 ~ 567
  심사 의사일정: 의사일정 제19항부터 제23항까지 (raw: [19, 20, 21, 22, 23])
  bill_review (bill_pool 매칭 결과):
    - 19. 국가교육위원회의 설치 및 운영에 관한 법률안(안민석 의원 대표발의)(의안번호 2100190)
    - 20. 국가교육위원회의 설치 및 운영에 관한 법률안(정청래 의원 대표발의)(의안번호 2101874)
    - 21. 국가교육위원회 설치 및 운영에 관한 법률안(유기홍 의원 대표발의)(의안번호 2103719)
    - 22. 국가교육위원회의 설치 및 운영에 관한 법률안(강민정 의원 대표발의)(의안번호 2103944)
    - 23. 국가교육위원회 설치 및 운영에 관한 법률안(정경희 의원 대표발의)(의안번호 2107562)

[delib 11] trigger_speech_order=568 (speech_id=2127397876515255003)
  발언자: 소위원장 박찬대
  구간: speech_order 568 ~ 656
  심사 의사일정: 의사일정 제24항부터 제25항까지 (raw: [24, 25])
  bill_review (bill_pool 매칭 결과):
    - 24. 기초학력 보장법안(강득구 의원 대표발의)(의안번호 2100670)
    - 25. 기초학력 보장법안(박홍근 의원 대표발의)(의안번호 2100678)

