=== Trigger Deliber Log (meeting_id=52582) 2025-11-17 23:56:46.455130 ===

총 발언 수: 592
bill_pool 크기(의사일정 항 개수): 12

bill_pool 텍스트 저장: C:\pythonproject\k_legisight\preprocess_model\trigger_deliber_output\bill_pool_52582.txt

소위원장 발언 수(전체): 168
소위원장 트리거 후보 발언 수(키워드 필터): 13

소위원장 트리거 후보 TXT 저장: C:\pythonproject\k_legisight\preprocess_model\trigger_deliber_output\chair_trigger_candidates_52582.txt


=== 소위원장 트리거 판별 결과 (후보 발언 기준) ===

- speech_order=1, tf_trigger=False, agenda_items=[]
  발언 요약: 의석을 정돈해 주십시오.  성원이 되었으므로 제400회 국회(정기회) 제1차 체육관광법안심사소위원회를 개의하겠습니다.  먼저 오늘 안건 심의 절차를 간단히 말씀드리면 각 안건별로 전문위원의 설명을 들은 후에 위원님들의 질의 답변을 거쳐 의결하는 방식으로 진행하겠습니다.

- speech_order=2, tf_trigger=True, agenda_items=[1, 2]
  발언 요약: 그러면 의사일정 제1항부터 제12항까지 관광진흥법 일부개정법률안 등 12건의 법률안 및 결의안을 일괄하여 상정합니다.  문체부 2차관 소관 심사 대상 안건의 명칭 및 순서는 배부해 드린 의사일정을 참고하시길 부탁드리겠습니다.  먼저 의사일정 제1항 및 제2항, 2건의 

- speech_order=41, tf_trigger=False, agenda_items=[]
  발언 요약: 김예지 위원님 수고하셨습니다.  그러면 의결해도 되겠습니까?    (「예」 하는 위원 있음)  그러면 아까 제1항에 대해서는 공유가 됐고요. 2항도 원안대로 가면 되겠지요?    (「예」 하는 위원 있음)  그러면 묶어서 의사일정 제1항 및 제2항 2건의 관광진흥법 일

- speech_order=47, tf_trigger=True, agenda_items=[3, 4, 5, 6, 7]
  발언 요약: 그렇게 될 것 같은데요.  이의 없으십니까?    (「예」 하는 위원 있음)  이의가 없으시면 가결되었음을 선포합니다.  다음 의사일정 제3항부터 제7항까지 5건의 국민체육진흥법 일부개정법률안에 대해 전문위원께서 주요 사항을 설명해 주시기 바랍니다.

- speech_order=237, tf_trigger=True, agenda_items=[8]
  발언 요약: 다른 위원님들 말씀해 주세요.    (「정부 의견에 동의합니다」 하는 위원 있음)  별다른 의견 없습니까?    (「예」 하는 위원 있음)  법적 취지는 동의가 되지만 법적 체계상 일괄적으로 경범죄 관련 법체계에서 해결하는 게 좋겠다라는 안입니다.  그러면 의결을 하는

- speech_order=368, tf_trigger=False, agenda_items=[]
  발언 요약: 다른 위원님들 의견 있으면 말씀해 주시지요.  먼저 전문위원님 말씀 한번 해 보시겠어요, 그러면?

- speech_order=394, tf_trigger=False, agenda_items=[]
  발언 요약: 지금 현재 복권위원회 측에서 평가 지표로 유병률을 넣자는 제안이 있었고요.   전재수 위원님 말처럼 현재 법안에 들어가 있는 내용이 아니기 때문에 일단 다음으로 논의를 유보해서 처리하는 것으로 그렇게 하는 게 좋겠습니까? 아니면 지금 몇 분 위원님께서는 그걸 동의하시는

- speech_order=458, tf_trigger=True, agenda_items=[9]
  발언 요약: 그러면 의결은 조금 이따가 하겠습니다. 혹시 실수가 나오면 안 되니까요. 바로 될 것 같아요? 그렇게 하실까요?    (「예」 하는 위원 있음)  그러면 아까 우리가 정리된 내용 다 공유되셨지요?  그러면 의결하겠습니다.  의사일정 제8항 사행산업통합감독위원회법 일부개

- speech_order=463, tf_trigger=True, agenda_items=[10, 11]
  발언 요약: 그러면 바로 의결해도 되겠지요, 정부 수용이면?  의결하도록 하겠습니다.  의사일정 제9항 생활체육진흥법 일부개정법률안은 원안 의결하고자 하는데 이의 없으십니까?    (「예」 하는 위원 있음)  이의 없으면 가결되었음을 선포합니다.  다음 의사일정 제10항 및 제11

- speech_order=470, tf_trigger=True, agenda_items=[11]
  발언 요약: 예, 11항 설명해 주십시오.

- speech_order=529, tf_trigger=True, agenda_items=[12]
  발언 요약: 그러면 의사일정 제10항 골프장 문제와 관련해서는 수정 의결이고요. 그다음에 의사일정 제11항은 계속 계류하는 것으로 그렇게 의결해도 되겠습니까?    (「예」 하는 위원 있음)  그러면 의결하도록 하겠습니다.  의사일정 제10항 체육시설의 설치․이용에 관한 법률 일부

- speech_order=584, tf_trigger=False, agenda_items=[]
  발언 요약: 그러면 쟁점이 해소되었습니까?    (「예」 하는 위원 있음)  전문위원님, 지금 현재 의사일정 제3항, 5항, 6항 있는데요. 3항, 5항, 6항의 수정의결을 위해서, 위원회 대안으로 의결하기 위해서 내용을 쭉 한번 정리해 주시지요.

- speech_order=588, tf_trigger=False, agenda_items=[]
  발언 요약: 특별한 이견이 없지요, 위원님들?    (「예」 하는 위원 있음)  자, 확인하고 있습니다.  5항, 6항이 같이 들어 있다고 그러는 거예요. 그러면 정리가 된 거지요?   그다음에 제4항, 7항은 계류하는 것으로 하겠습니다.    (「예」 하는 위원 있음)  그러면 


=== 최종 심사구간(deliberation segments) ===

[delib 1] trigger_speech_order=2 (speech_id=5991237170513855432)
  발언자: 소위원장 김윤덕
  구간: speech_order 2 ~ 46
  심사 의사일정: 의사일정 제1항부터 제2항까지 (raw: [1, 2])
  bill_review (bill_pool 매칭 결과):
    - 1. 관광진흥법 일부개정법률안(김승원 의원 대표발의)(의안번호 2114660)
    - 2. 관광진흥법 일부개정법률안(이상헌 의원 대표발의)(의안번호 2115529)

[delib 2] trigger_speech_order=47 (speech_id=8577299634526017158)
  발언자: 소위원장 김윤덕
  구간: speech_order 47 ~ 236
  심사 의사일정: 의사일정 제3항부터 제7항까지 (raw: [3, 4, 5, 6, 7])
  bill_review (bill_pool 매칭 결과):
    - 3. 국민체육진흥법 일부개정법률안(이상헌 의원 대표발의)(의안번호 2105547)
    - 4. 국민체육진흥법 일부개정법률안(임오경 의원 대표발의)(의안번호 2111538)
    - 5. 국민체육진흥법 일부개정법률안(김승수 의원 대표발의)(의안번호 2114846)
    - 6. 국민체육진흥법 일부개정법률안(임오경 의원 대표발의)(의안번호 2115803)
    - 7. 국민체육진흥법 일부개정법률안(이병훈 의원 대표발의)(의안번호 2114853)

[delib 3] trigger_speech_order=237 (speech_id=147849082704258391)
  발언자: 소위원장 김윤덕
  구간: speech_order 237 ~ 457
  심사 의사일정: 의사일정 제8항 (raw: [8])
  bill_review (bill_pool 매칭 결과):
    - 8. 사행산업통합감독위원회법 일부개정법률안(임오경 의원 대표발의)(의안번호 2108842)

[delib 4] trigger_speech_order=458 (speech_id=5213514126117334028)
  발언자: 소위원장 김윤덕
  구간: speech_order 458 ~ 462
  심사 의사일정: 의사일정 제9항 (raw: [9])
  bill_review (bill_pool 매칭 결과):
    - 9. 생활체육진흥법 일부개정법률안(임오경 의원 대표발의)(의안번호 2112445)

[delib 5] trigger_speech_order=463 (speech_id=1771662770745737735)
  발언자: 소위원장 김윤덕
  구간: speech_order 463 ~ 469
  심사 의사일정: 의사일정 제10항부터 제11항까지 (raw: [10, 11])
  bill_review (bill_pool 매칭 결과):
    - 10. 체육시설의 설치․이용에 관한 법률 일부개정법률안(정부 제출)(의안번호 2101073)
    - 11. 체육시설의 설치․이용에 관한 법률 일부개정법률안(홍익표 의원 대표발의)(의안번호 2110690)

[delib 6] trigger_speech_order=470 (speech_id=1274417779252401138)
  발언자: 소위원장 김윤덕
  구간: speech_order 470 ~ 528
  심사 의사일정: 의사일정 제11항 (raw: [11])
  bill_review (bill_pool 매칭 결과):
    - 11. 체육시설의 설치․이용에 관한 법률 일부개정법률안(홍익표 의원 대표발의)(의안번호 2110690)

[delib 7] trigger_speech_order=529 (speech_id=7485172536103440010)
  발언자: 소위원장 김윤덕
  구간: speech_order 529 ~ 592
  심사 의사일정: 의사일정 제12항 (raw: [12])
  bill_review (bill_pool 매칭 결과):
    - 12. 2024 강원 동계청소년올림픽대회의 평화올림픽 구현을 위한 촉구 결의안(임오경 의원 등 125인 발의)(의안번호 2112415)

