=== Trigger Deliber Log (meeting_id=52665) 2025-11-18 00:03:17.581531 ===

총 발언 수: 11
bill_pool 크기(의사일정 항 개수): 4

bill_pool 텍스트 저장: C:\pythonproject\k_legisight\preprocess_model\trigger_deliber_output\bill_pool_52665.txt

소위원장 발언 수(전체): 7
소위원장 트리거 후보 발언 수(키워드 필터): 2

소위원장 트리거 후보 TXT 저장: C:\pythonproject\k_legisight\preprocess_model\trigger_deliber_output\chair_trigger_candidates_52665.txt


=== 소위원장 트리거 판별 결과 (후보 발언 기준) ===

- speech_order=1, tf_trigger=False, agenda_items=[]
  발언 요약: 의석을 정돈해 주시기 바랍니다.   성원이 되었으므로 제402회 국회(임시회) 정보위원회 제1차 법안심사소위원회를 개의하겠습니다.  잠시 안내말씀 드리겠습니다.  오늘 법안 심사와 관련하여 좋은 의견을 주시기 위하여 김병기 의원님이 참석하셨다는 점을 먼저 말씀드립니다.

- speech_order=2, tf_trigger=True, agenda_items=[1, 2, 3, 4]
  발언 요약: 그러면 의사일정 제1항부터 제4항까지 4건의 국가정보원직원법 일부개정법률안을 일괄하여 상정합니다.   오늘 법안 심사는 소위 심사자료를 중심으로 수석전문위원의 보고를 듣고 정부의 의견을 청취한 다음 위원님들의 논의 순서로 진행하겠습니다. 4건의 법안을 전부 심사한 후에


=== 최종 심사구간(deliberation segments) ===

[delib 1] trigger_speech_order=2 (speech_id=2467686172229961744)
  발언자: 소위원장 유상범
  구간: speech_order 2 ~ 11
  심사 의사일정: 의사일정 제1항부터 제4항까지 (raw: [1, 2, 3, 4])
  bill_review (bill_pool 매칭 결과):
    - 1. 국가정보원직원법 일부개정법률안(송갑석 의원 대표발의)(의안번호 2101642)
    - 2. 국가정보원직원법 일부개정법률안(박주민 의원 대표발의)(의안번호 2113362)
    - 3. 국가정보원직원법 일부개정법률안(신원식 의원 대표발의)(의안번호 2116367)
    - 4. 국가정보원직원법 일부개정법률안(유상범 의원 대표발의)(의안번호 2118040)

