=== Trigger Deliber Log (meeting_id=52543) 2025-11-18 20:16:28.695346 ===

총 발언 수: 843
bill_pool 크기(의사일정 항 개수): 61

bill_pool 텍스트 저장: C:\pythonproject\k_legisight\preprocess_model\trigger_deliber_output\bill_pool_52543.txt

소위원장 발언 수(전체): 332
소위원장 트리거 후보 발언 수(키워드 필터): 29

소위원장 트리거 후보 TXT 저장: C:\pythonproject\k_legisight\preprocess_model\trigger_deliber_output\chair_trigger_candidates_52543.txt


=== 소위원장 트리거 판별 결과 (후보 발언 기준) ===

- speech_order=1, tf_trigger=True, agenda_items=[]
  발언 요약: 의석을 정돈해 주시기 바랍니다.  성원이 되었으므로 제400회 국회(정기회) 행정안전위원회 제3차 법안심사제1소위원회를 개회하겠습니다.  오늘 회의는 행정안전부차관과 진실․화해를위한과거사정리위원회 및 인사혁신처 소관 법률안 60건과 청원 1건을 상정하여 심사하도록 하겠

- speech_order=2, tf_trigger=True, agenda_items=[1, 2, 3, 4, 5, 6, 7, 8, 9, 10]
  발언 요약: 그러면 의사일정 제1항 정부조직법 일부개정법률안부터 의사일정 제15항 민주화운동기념사업회법 일부개정법률안까지 총 15건의 법률안을 일괄하여 상정합니다.  오늘 심사를 위해 지난 월요일에 이어서 행정안전부 한창섭 차관께서 출석하셨습니다. 예산안 심사로 바쁜 와중에도 법률

- speech_order=8, tf_trigger=True, agenda_items=[11, 12]
  발언 요약: 위원님들의 의견을 들어야 할 시간인데요. 내일 11시에 국민의힘과 더불어민주당의 정책위의장 그다음에 수석부대표, 행안위 양당 간사, 그래서 협의회를 하기로 했습니다, 정부조직법과 관련된 법률에 대해서.   그래서 이것은 좀 계류시켜 놓고 3+3협의체에서 정리되는 대로 

- speech_order=30, tf_trigger=True, agenda_items=[13, 14]
  발언 요약: 예, 그렇게 하겠습니다. 정부 논의가, 12월 말에 조사가 끝나면 곧바로 법안위 심사를 다시 해서 정리하도록 하겠습니다.   의사일정 제11항과 12항, 이상 2건의 법률안은 보다 심도 있는 논의를 위하여 소위에서 계속 심사하도록 하겠습니다.   다음은 의사일정 제13

- speech_order=130, tf_trigger=True, agenda_items=[15]
  발언 요약: 계류가 아니라 오후에 다시 논의하는 걸로 합시다.  다음은 의사일정 제15항 민주화운동기념사업회법 일부개정법률안에 대해서 전문위원 보고해 주십시오.

- speech_order=166, tf_trigger=True, agenda_items=[]
  발언 요약: 의사일정 제15항은 보다 심도 있는 논의를 위하여 소위에서 계속 심사하도록 하겠습니다.  그러면 행정안전부차관 소관 법률안 심사를 잠시 중단하고 진실․화해위원회 소관 법률안을 심사하겠습니다.  행정안전부차관께서는 잠시 이석하셨다가 진화위 소관 법률안 심사를 마친 후 다

- speech_order=169, tf_trigger=False, agenda_items=[]
  발언 요약: 의석을 정돈해 주시기 바랍니다.  성원이 되었으므로 회의를 속개하겠습니다.  이어서 진실․화해위원회 소관 법률안을 상정하겠습니다.

- speech_order=170, tf_trigger=False, agenda_items=[]
  발언 요약: 의사일정 제16항부터 24항까지 진실․화해를 위한 과거사정리 기본법 일부개정법률안을 일괄하여 상정합니다.  오늘 심사를 위해 진실․화해위원회 김광동 상임위원께서 출석하셨습니다.  간단히 인사해 주시기 바랍니다.

- speech_order=172, tf_trigger=True, agenda_items=[16, 17, 18, 19, 20, 21, 22]
  발언 요약: 감사합니다.  그러면 의사일정 제16항부터 22항까지 진실․화해를 위한 과거사정리 기본법 일부개정법률안에 대해서 심사하겠습니다.  진실․화해위원회법은 논의할 내용이 많은 만큼 주제별로 보고를 받고 위원님들 논의를 거치는 방식으로 진행하겠습니다.  먼저 전문위원 보고해 

- speech_order=268, tf_trigger=False, agenda_items=[]
  발언 요약: 14페이지부터 전문위원 보고해 주십시오.

- speech_order=335, tf_trigger=True, agenda_items=[23, 24]
  발언 요약: 또 하나는 마무리지어야 될 것 같은데, 또 하나 법이 있어요. 이게 동일 제명의 개정안이 있는데 이것까지만 하시고 정회를 하는 걸로 이렇게 하겠습니다.  의사일정 제23항과 제24항에 대해 전문위원 보고해 주십시오.

- speech_order=366, tf_trigger=False, agenda_items=[]
  발언 요약: 의석을 정돈해 주시기 바랍니다.   성원이 되었으므로 회의를 속개하겠습니다.   오전에 이어서 의사일정 제16항부터 제24항까지 진실․화해를 위한 과거사정리 기본법을 계속해서 심사하겠습니다.   오전에 있었던 법률안 심사 시 발의된 개정안의 입법 취지에는 위원님들 모두

- speech_order=368, tf_trigger=False, agenda_items=[]
  발언 요약: 공감대를 잘 형성해 주시기 바라겠습니다.  그러면 해당 안건은 소위에서 계속 심사하기로 하고 의사일정 제23항과 24항을 처리하도록 하겠습니다.  두 개정안의 경우 다른 부분에 대한 논의는 완료했는데 권고 이행 사항의 관리 주체에 대해서 결정하지 못하고 잠시 보류가 되

- speech_order=457, tf_trigger=True, agenda_items=[13, 14]
  발언 요약: 그래요. 그것은 속기록에 남겨 놓고 의결을 하도록 하겠습니다.  의사일정 제23항과 제24항 이상 2건의 법률안은 각각 본회의에 부의하지 않기로 하고 지금까지 심사한 결과를 반영하여 진실․화해를 위한 과거사정리 기본법 일부개정법률안(대안)을 우리 위원회안으로 제안하고자

- speech_order=469, tf_trigger=False, agenda_items=[]
  발언 요약: 이것 바꿔야지요? 이거는 이제 내년부터 해서 내년 말까지로 바꿔야 되겠지요? 그렇게 하고, 그 진상규명은 규명대로 해서 또 정리하는 게 좋을 거 같아요. 이 법은 이 법대로 통과시키고, 차관님.  위원님들 이의가 없으시면 의사일정 제13항과 제14항 이상 2건의 법률안

- speech_order=498, tf_trigger=False, agenda_items=[]
  발언 요약: 그러면 차관님, 정부 측 의견을 받아서 보상 신청기간을 2023년 7월 1일부터 12월 31일까지 하는 것으로 해서 의결을 하도록 하겠습니다.   의사일정……

- speech_order=506, tf_trigger=True, agenda_items=[]
  발언 요약: 의사일정 제13항과 제14항, 이상 2건의 법률안은 각각 본회의에 부의하지 않기로 하고 지금까지 심사한 결과를 반영하여 5․18민주화운동 관련자 보상 등에 관한 법률 일부개정법률안(대안)을 우리 위원회안으로 제안하고자 하는데 이의 없으십니까?    (「예」 하는 위원 

- speech_order=507, tf_trigger=False, agenda_items=[]
  발언 요약: 의사일정 제25항 국가공무원법 일부개정법률안부터 의사일정 제40항 공무원연금법 일부개정법률안까지 총 16건의 법률안을 일괄하여 상정합니다.   오늘 심사를 위해 인사혁신처의 조성주 차장 출석하셨습니다. 간단히 인사해 주시기 바랍니다.

- speech_order=509, tf_trigger=True, agenda_items=[25, 26, 27, 28, 29, 30]
  발언 요약: 감사합니다.  그러면 먼저 의사일정 제25항부터 제30항까지 국가공무원법과 지방공무원법 일부개정법률안에 대해서 심사하겠습니다.   해당 개정안은 논의할 주제별로 보고를 받고 위원님들 논의를 거치는 방식으로 진행하겠습니다.   전문위원 보고해 주십시오.

- speech_order=517, tf_trigger=False, agenda_items=[]
  발언 요약: 계속해서 전문위원 보고해 주십시오.

- speech_order=580, tf_trigger=True, agenda_items=[31, 32, 33, 34, 35, 36, 37, 38, 39]
  발언 요약: 그렇게 할까요. 그러면 국가공무원법은 폐지하고 지방공무원법은 다음에 심사하는 것으로 그렇게 정리하겠습니다.  이어서 동일 제명의 개정안을 계속 심사하겠습니다.  의사일정 제31항부터 39항까지 전문위원 보고해 주십시오.

- speech_order=602, tf_trigger=False, agenda_items=[]
  발언 요약: 그러면 의결하겠습니다.  의사일정 제25항부터 29항, 제31항부터 제39항까지 이상 14건의 법률안은 각각 본회의에 부의하지 않기로 하고 지금까지 심사한 결과를 반영하여 국가공무원법 일부개정법률안(대안)과 지방공무원법 일부개정법률안(대안)을 우리 위원회안으로 제안하고

- speech_order=613, tf_trigger=True, agenda_items=[40]
  발언 요약: 방망이 두드렸으니까……  그다음에 의사일정 제30항 지방공무원법 일부개정법률안은 보다 심도 있는 논의를 위해서 소위에서 계속 심사하도록 하겠습니다.  다음 의사일정 제40항 공무원연금법 일부개정법률안을 심사하겠습니다.   행안부차관은 잠시 이석하셨다가 연금법 심사 종료

- speech_order=708, tf_trigger=False, agenda_items=[]
  발언 요약: 이렇게 하시지요, 차장님 더 말씀하셔야 그 말씀이 그 말씀이니까. 조금 전에 말씀이 있었는데 2016년도에 행안위에서 심사한 것도 좀 보고 또 이분들도 위원님들이 한 번 더 만나 보시고 이렇게 해서 다음번 소위에서 이 부분을 처리하는 것으로 그렇게 하겠습니다.     

- speech_order=714, tf_trigger=True, agenda_items=[41, 42]
  발언 요약: 의사일정 제41항 행정기관 소속 위원회의 설치․운영에 관한 법률 일부개정법률안부터 의사일정 제61항 지방자치단체 보조금 관리에 관한 법률 일부개정법률안까지 총 21건의 법률안을 일괄하여 상정합니다.  그럼 의사일정 제41항과 42항 행정기관 소속 위원회의 설치․운영에 

- speech_order=718, tf_trigger=False, agenda_items=[]
  발언 요약: 다음은 위원님들 말씀 순서인데요.   이것도 정부조직법과 관련 법안입니다. 그래서 앞서서 제가 말씀드린 대로 내일 11시에 양당의 정책위의장과 수석부대표 그다음에 행안위의 여야 간사가 협의를 하기로 돼 있기 때문에 위원님들이 양해해 주시면 의사일정 제41항과 42항 또

- speech_order=726, tf_trigger=True, agenda_items=[45, 46, 47, 48, 49]
  발언 요약: 내일 협의해서 빠른 시간 내에 하도록 그렇게 하겠습니다.  다음은 의사일정 제45항부터 49항까지 심사하겠습니다.   전문위원 보고해 주십시오.

- speech_order=827, tf_trigger=False, agenda_items=[]
  발언 요약: 그렇게 정리해 주세요.   그러면 의사일정 제45항부터 49항까지 이상 5건의 법률안은 각각 본회의에 부의하지 않기로 하고 지금까지 심사한 결과를 반영하여 지방자치법 일부개정법률안을 우리 위원회안으로 제안하고자 하는데 이의 없으십니까?    (「예」 하는 위원 있음) 

- speech_order=829, tf_trigger=False, agenda_items=[]
  발언 요약: 이것 끝나고 이어서 하려고 그랬지요. 12월 달에 반드시 할게요. 오늘 여기까지 해.


=== 최종 심사구간(deliberation segments) ===

[delib 1] trigger_speech_order=2 (speech_id=1207808714747494390)
  발언자: 소위원장 김교흥
  구간: speech_order 2 ~ 7
  심사 의사일정: 의사일정 제1항부터 제10항까지 (raw: [1, 2, 3, 4, 5, 6, 7, 8, 9, 10])
  bill_review (bill_pool 매칭 결과):
    - 1. 정부조직법 일부개정법률안(주호영 의원 대표발의)(의안번호 2117759)
    - 2. 정부조직법 일부개정법률안(이명수 의원 대표발의)(의안번호 2101864)
    - 3. 정부조직법 일부개정법률안(김석기 의원 대표발의)(의안번호 2102701)
    - 4. 정부조직법 일부개정법률안(인재근 의원 대표발의)(의안번호 2104211)
    - 5. 정부조직법 일부개정법률안(이명수 의원 대표발의)(의안번호 2106571)
    - 6. 정부조직법 일부개정법률안(설훈 의원 대표발의)(의안번호 2108271)
    - 7. 정부조직법 일부개정법률안(권성동 의원 대표발의)(의안번호 2115525)
    - 8. 정부조직법 일부개정법률안(이인선 의원 대표발의)(의안번호 2116687)
    - 9. 정부조직법 일부개정법률안(김학용 의원 대표발의)(의안번호 2117630)
    - 10. 여성가족부 폐지 찬성 및 동의에 관한 청원(배인규 외 5만 인 국민동의로 제출)(청원번호 2100089)

[delib 2] trigger_speech_order=8 (speech_id=4618209558286074609)
  발언자: 소위원장 김교흥
  구간: speech_order 8 ~ 29
  심사 의사일정: 의사일정 제11항부터 제12항까지 (raw: [11, 12])
  bill_review (bill_pool 매칭 결과):
    - 11. 민주화운동 관련자 명예회복 및 보상 등에 관한 법률 일부개정법률안(장경태 의원 대표발의)(의안번호 2107955)
    - 12. 민주화운동 관련자 명예회복 및 보상 등에 관한 법률 일부개정법률안(박진 의원 대표발의)(의안번호 2108983)

[delib 3] trigger_speech_order=30 (speech_id=8008188471652711889)
  발언자: 소위원장 김교흥
  구간: speech_order 30 ~ 129
  심사 의사일정: 의사일정 제13항부터 제14항까지 (raw: [13, 14])
  bill_review (bill_pool 매칭 결과):
    - 13. 5․18민주화운동 관련자 보상 등에 관한 법률 일부개정법률안(민형배 의원 대표발의)(의안번호 2111405)
    - 14. 5․18민주화운동 관련자 보상 등에 관한 법률 일부개정법률안(성일종 의원 대표발의)(의안번호 2111886)

[delib 4] trigger_speech_order=130 (speech_id=735580690790510248)
  발언자: 소위원장 김교흥
  구간: speech_order 130 ~ 171
  심사 의사일정: 의사일정 제15항 (raw: [15])
  bill_review (bill_pool 매칭 결과):
    - 15. 민주화운동기념사업회법 일부개정법률안(윤관석 의원 대표발의)(의안번호 2100196)

[delib 5] trigger_speech_order=172 (speech_id=392257490425818510)
  발언자: 소위원장 김교흥
  구간: speech_order 172 ~ 334
  심사 의사일정: 의사일정 제16항부터 제22항까지 (raw: [16, 17, 18, 19, 20, 21, 22])
  bill_review (bill_pool 매칭 결과):
    - 16. 진실․화해를 위한 과거사정리 기본법 일부개정법률안(서영교 의원 대표발의)(의안번호 2116940)
    - 17. 진실․화해를 위한 과거사정리 기본법 일부개정법률안(김용판 의원 대표발의)(의안번호 2114446)
    - 18. 진실․화해를 위한 과거사정리 기본법 일부개정법률안(이개호 의원 대표발의)(의안번호 2112027)
    - 19. 진실․화해를 위한 과거사정리 기본법 일부개정법률안(한병도 의원 대표발의)(의안번호 2107010)
    - 20. 진실․화해를 위한 과거사정리 기본법 일부개정법률안(윤미향 의원 대표발의)(의안번호 2115444)
    - 21. 진실․화해를 위한 과거사정리 기본법 일부개정법률안(윤영찬 의원 대표발의)(의안번호 2116995)
    - 22. 진실․화해를 위한 과거사정리 기본법 일부개정법률안(전용기 의원 대표발의)(의안번호 2102379)

[delib 6] trigger_speech_order=335 (speech_id=241691654502913301)
  발언자: 소위원장 김교흥
  구간: speech_order 335 ~ 456
  심사 의사일정: 의사일정 제23항부터 제24항까지 (raw: [23, 24])
  bill_review (bill_pool 매칭 결과):
    - 23. 진실․화해를 위한 과거사정리 기본법 일부개정법률안(이재정 의원 대표발의)(의안번호 2114173)
    - 24. 진실․화해를 위한 과거사정리 기본법 일부개정법률안(김교흥 의원 대표발의)(의안번호 2117701)

[delib 7] trigger_speech_order=457 (speech_id=5539071398079092174)
  발언자: 소위원장 김교흥
  구간: speech_order 457 ~ 508
  심사 의사일정: 의사일정 제13항부터 제14항까지 (raw: [13, 14])
  bill_review (bill_pool 매칭 결과):
    - 13. 5․18민주화운동 관련자 보상 등에 관한 법률 일부개정법률안(민형배 의원 대표발의)(의안번호 2111405)
    - 14. 5․18민주화운동 관련자 보상 등에 관한 법률 일부개정법률안(성일종 의원 대표발의)(의안번호 2111886)

[delib 8] trigger_speech_order=509 (speech_id=972727494908371457)
  발언자: 소위원장 김교흥
  구간: speech_order 509 ~ 579
  심사 의사일정: 의사일정 제25항부터 제30항까지 (raw: [25, 26, 27, 28, 29, 30])
  bill_review (bill_pool 매칭 결과):
    - 25. 국가공무원법 일부개정법률안(윤준병 의원 대표발의)(의안번호 2113999)
    - 26. 지방공무원법 일부개정법률안(윤준병 의원 대표발의)(의안번호 2114000)
    - 27. 국가공무원법 일부개정법률안(이형석 의원 대표발의)(의안번호 2111638)
    - 28. 지방공무원법 일부개정법률안(이형석 의원 대표발의)(의안번호 2111640)
    - 29. 국가공무원법 일부개정법률안(조응천 의원 대표발의)(의안번호 2102620)
    - 30. 지방공무원법 일부개정법률안(조응천 의원 대표발의)(의안번호 2102621)

[delib 9] trigger_speech_order=580 (speech_id=948161343831947047)
  발언자: 소위원장 김교흥
  구간: speech_order 580 ~ 612
  심사 의사일정: 의사일정 제31항부터 제39항까지 (raw: [31, 32, 33, 34, 35, 36, 37, 38, 39])
  bill_review (bill_pool 매칭 결과):
    - 31. 국가공무원법 일부개정법률안(이형석 의원 대표발의)(의안번호 2117510)
    - 32. 국가공무원법 일부개정법률안(김선교 의원 대표발의)(의안번호 2117612)
    - 33. 국가공무원법 일부개정법률안(이종배 의원 대표발의)(의안번호 2117645)
    - 34. 국가공무원법 일부개정법률안(이은주 의원 대표발의)(의안번호 2117795)
    - 35. 지방공무원법 일부개정법률안(이형석 의원 대표발의)(의안번호 2117509)
    - 36. 지방공무원법 일부개정법률안(김선교 의원 대표발의)(의안번호 2117613)
    - 37. 지방공무원법 일부개정법률안(이종배 의원 대표발의)(의안번호 2117647)
    - 38. 지방공무원법 일부개정법률안(조은희 의원 대표발의)(의안번호 2117750)
    - 39. 지방공무원법 일부개정법률안(이은주 의원 대표발의)(의안번호 2117800)

[delib 10] trigger_speech_order=613 (speech_id=3202818278446460581)
  발언자: 소위원장 김교흥
  구간: speech_order 613 ~ 713
  심사 의사일정: 의사일정 제40항 (raw: [40])
  bill_review (bill_pool 매칭 결과):
    - 40. 공무원연금법 일부개정법률안(이명수 의원 대표발의)(의안번호 2117572)

[delib 11] trigger_speech_order=714 (speech_id=3100293629936528864)
  발언자: 소위원장 김교흥
  구간: speech_order 714 ~ 725
  심사 의사일정: 의사일정 제41항부터 제42항까지 (raw: [41, 42])
  bill_review (bill_pool 매칭 결과):
    - 41. 행정기관 소속 위원회의 설치․운영에 관한 법률 일부개정법률안(노용호 의원 대표발의)(의안번호 2116376)
    - 42. 행정기관 소속 위원회의 설치․운영에 관한 법률 일부개정법률안(정부 제출)(의안번호 2117709)

[delib 12] trigger_speech_order=726 (speech_id=1867316036155364294)
  발언자: 소위원장 김교흥
  구간: speech_order 726 ~ 843
  심사 의사일정: 의사일정 제45항부터 제49항까지 (raw: [45, 46, 47, 48, 49])
  bill_review (bill_pool 매칭 결과):
    - 45. 지방자치법 일부개정법률안(최춘식 의원 대표발의)(의안번호 2106014)
    - 46. 지방자치법 일부개정법률안(오영훈 의원 대표발의)(의안번호 2111249)
    - 47. 지방자치법 일부개정법률안(이형석 의원 대표발의)(의안번호 2111911)
    - 48. 지방공기업법 일부개정법률안(최춘식 의원 대표발의)(의안번호 2108800)
    - 49. 지방자치단체 출자․출연 기관의 운영에 관한 법률 일부개정법률안(박완수 의원 대표발의)(의안번호 2113519)

