=== Trigger Deliber Log (meeting_id=50825) 2025-11-18 00:57:43.259268 ===

총 발언 수: 801
bill_pool 크기(의사일정 항 개수): 86

bill_pool 텍스트 저장: C:\pythonproject\k_legisight\preprocess_model\trigger_deliber_output\bill_pool_50825.txt

소위원장 발언 수(전체): 193
소위원장 트리거 후보 발언 수(키워드 필터): 32

소위원장 트리거 후보 TXT 저장: C:\pythonproject\k_legisight\preprocess_model\trigger_deliber_output\chair_trigger_candidates_50825.txt


=== 소위원장 트리거 판별 결과 (후보 발언 기준) ===

- speech_order=1, tf_trigger=False, agenda_items=[]
  발언 요약: 의석을 정돈해 주시기 바랍니다. 성원이 되었으므로 제384회 국회(임시회) 정무위원회 제1차 법안심사제1소위원회를 개의하겠습니다. 오늘 심사할 안건은 금융위원회 소관 47건의 법률안과 국가보훈처 소관 39건의 법률안 등 총 86건입니다. 오늘 회의는 먼저 금융위원회 소

- speech_order=2, tf_trigger=True, agenda_items=[1, 2, 3]
  발언 요약: 그러면 심사할 안건을 상정하겠습니다. 의사일정 제1항부터 제47항까지 이상 47건의 법률안을 일괄하여 상정합니다. 그러면 의사일정 제1항부터 제3항까지 이상 3건의 서민의 금융생활 지원에 관한 법률 일부개정법률안을 일괄하여 심사하도록 하겠습니다. 배부해 드린 심사자료 

- speech_order=21, tf_trigger=False, agenda_items=[]
  발언 요약: 인사를 먼저 좀 해 주세요. 자기소개 겸 인사를 좀 해 주세요.

- speech_order=172, tf_trigger=False, agenda_items=[]
  발언 요약: 고민해 보시고요. 수석전문위원님, 나머지 보고해 주시기 바랍니다.

- speech_order=174, tf_trigger=False, agenda_items=[]
  발언 요약: 수고하셨습니다. 많은 이슈들이 있는데요 회의 진행상 먼저 출연의 주체, 출연 대상부터 논의하는 게 맞을 것 같습니다. 그래서 ‘출연의 대상을 은행보험, 여신전문회사로 확대하는 부분 그리고 출연 대상을 소멸시효가 경과하지 않더라도 예금을 거래한 지 10년 이상 경과한 부

- speech_order=210, tf_trigger=False, agenda_items=[]
  발언 요약: 민병덕 위원님 먼저 하시고……

- speech_order=249, tf_trigger=True, agenda_items=[22, 23, 24, 25, 26, 27, 28, 29, 30, 31, 32, 33, 34, 35, 36, 37, 38, 39]
  발언 요약: 의석을 정돈해 주시기 바랍니다. 회의를 속개하도록 하겠습니다. 오전에 1․2․3번 서민 금융 지원에 관련된 법안을 논의했으나 합의에 이르지 못했습니다, 조금 더 생각할 시간적 여유를 갖도록 하고요. 4번 금융혁신지원 특별법 일부개정법률안을 심의한 이후에…… 쉬운 거부터

- speech_order=253, tf_trigger=False, agenda_items=[]
  발언 요약: 다음은 위원님들께서 의견 있으시면 말씀해 주십시오. (｢없습니다｣ 하는 위원 있음) 이견 없지요? (｢예｣ 하는 위원 있음) 그러면 이상으로 토론을 종결하고 의결하도록 하겠습니다. 이게 어차피 속기록에는…… 각 안건 하나하나 통과해야 됩니다. 시간이 좀 걸리더라도 이해

- speech_order=255, tf_trigger=False, agenda_items=[]
  발언 요약: 의사일정 제37항 자산유동화에 관한 법률 일부개정법률안을 원안대로 의결하고자 하는데 이의가 없으십니까? (｢예｣ 하는 위원 있음) 가결되었음을 선포합니다. 제38항 한국자산관리공사 설립 등에 관한 법률 일부개정법률안은 원안대로 의결하고자 하는데 이의가 없으십니까? (｢

- speech_order=272, tf_trigger=True, agenda_items=[40, 41, 42, 43, 44, 45, 46, 47]
  발언 요약: 다음은 의사일정 제40항부터 제47항까지 이상 8건의 법률안을 일괄하여 심사하도록 하겠습니다. 배부해 드린 심사자료 금융 40번부터 47번까지를 참조해 주시기 바랍니다. 법률안의 주요 내용에 대해서 수석전문위원님 보고해 주시기 바랍니다.

- speech_order=299, tf_trigger=True, agenda_items=[4]
  발언 요약: 아까 말씀드린 대로 국회의장께서 또 저희 정무위원회에 보낸 공문이 있고, 나름대로 일리 있는 지적이라고 생각합니다. 그래서 이번에는 조금 보류하고 아까 말씀드린 대차대조표를 재무상태표로 바꾸는 그 법을 통과시키는데요, 아까 말씀드린 드린 대로 용어 바꾸는 법안과 중복된

- speech_order=331, tf_trigger=False, agenda_items=[]
  발언 요약: 예, 그렇게 하고 시행령으로 기간을 6개월을 기본으로 하고 한 번 정도 연장할 수 있는, 그렇게 담아 주시기 바랍니다. 그러면 의사일정 제4항 금융혁신지원……

- speech_order=345, tf_trigger=True, agenda_items=[5, 6, 7]
  발언 요약: 그러면 정부 측 의견을 받아서 의사일정 제4항 금융혁신지원 특별법 일부개정법률안은 지금까지 심사한 결과를 반영하여 수정한 부분은 수정한 대로 기타 부분은 원안대로 의결하고자 하는데 이의가 없으십니까? (｢예｣ 하는 위원 있음) 가결되었음을 선포합니다. 지금 행정실에서 

- speech_order=353, tf_trigger=True, agenda_items=[16, 17]
  발언 요약: 예, 알겠습니다. 그러면 수석전문위원님께서 16․17번을 함께 보고해 주시기 바랍니다.

- speech_order=361, tf_trigger=True, agenda_items=[5, 6, 7, 16]
  발언 요약: 그러면 16번을 5․6․7번과 함께 보고해 주시기 바랍니다.

- speech_order=411, tf_trigger=False, agenda_items=[]
  발언 요약: 다음으로 법무부 류승진 검사님. 바뀌었나요, 순서가? 한 분 더 오셨잖아요. 아, 대표해서 말씀하신 건가요?

- speech_order=425, tf_trigger=False, agenda_items=[]
  발언 요약: 지금 부당이득액 산정 방식, 불공정거래행위에 대한 과징금 도입 관련돼서 검찰의 수사와 결과를 먼저 받고 과징금을 부과해야 되느냐, 그렇지 않고 금융위가 먼저 과징금을 부과해야 되느냐에 대해서 우리 위원님들끼리의 합의에 이르지 못한 것 같습니다. 그래서 이것은 현실적으로

- speech_order=427, tf_trigger=False, agenda_items=[]
  발언 요약: 잠깐만. 아까 윤창현 위원님께서 제안하신 불공정거래 내부고발자 문제에 대한 감경 문제 그 부분에 대해서만 조금 더 논의하고 다음 안건으로 넘어갈 수밖에 없다고 생각합니다. 위원님들, 말씀해 주시기 바랍니다. 윤창현 위원님 안건에 대해서 아까 감경은 가능한데 면제 부분에

- speech_order=435, tf_trigger=False, agenda_items=[]
  발언 요약: 윤창현 위원님, 다음 우리 소위 때 가장 먼저 다루도록 하겠습니다.

- speech_order=496, tf_trigger=True, agenda_items=[8, 9, 10, 11]
  발언 요약: 의사일정 제5항부터 제7항까지 그리고 제16항, 이상 4건의 자본시장과 금융투자업에 관한 법률 일부개정법률안은 보다 심도 있는 심사를 위해서 소위원회에서 계속 심사하도록 하겠습니다. 다음은 의사일정 제8항부터 제11항까지 이상 4건의 자본시장과 금융투자업에 관한 법률 

- speech_order=498, tf_trigger=False, agenda_items=[]
  발언 요약: 금융위 의견을 먼저 듣고?

- speech_order=500, tf_trigger=False, agenda_items=[]
  발언 요약: 아, 개괄적인 설명을…… 예, 그렇게 하도록 하겠습니다. 우리 정부 측 입장을 먼저, 전체 법을 보시고 금융위 입장을 요점별로 해서 잘 좀 정리해 주시기 바랍니다.

- speech_order=543, tf_trigger=False, agenda_items=[]
  발언 요약: 우리 위원님들 질의가 이어지고 있는데요. 우리 민형배 위원님께서 말씀하시는 게 본질은 본질이지요. 하지만 우리가 갖고 있는 사모펀드의 역사의 업보라고 할까요? 2015년 사모펀드 규제가 한꺼번에 너무 완화되다 보니까 저희가 투자자 보호에 관련된 여러 가지 미비점들이 발

- speech_order=612, tf_trigger=False, agenda_items=[]
  발언 요약: 그러면 두 위원님도 통과시키는 데 이의 없으십니까? 그러면 할까요? 이 법안 통과라는 게 워낙 신중하고 또 국회에서 가장 본질적인 일이지 않습니까? 또 위원님들께서 너무 속도를 빨리 내지 않느냐 이런 우려가 있을 거라고 생각해서 소위원장으로서 한 번 더 심사하면 어떻겠

- speech_order=624, tf_trigger=True, agenda_items=[1, 2, 3]
  발언 요약: 의사일정을 진행하도록 하겠습니다. 의사일정 제8항, 9항, 10항, 11항 그리고 제30항, 이상 5건의 자본시장과 금융투자업에 관한 법률 일부개정법률안은 각각 본회의에 부의하지 아니하고 지금까지 심사한 결과를 반영하여 이를 통합 조정한 우리 위원회의 대안을 마련하여 

- speech_order=710, tf_trigger=False, agenda_items=[]
  발언 요약: 그러면 반대하시는 위원님 계속 계신 거지요? (｢예｣ 하는 위원 있음) 그러면 위원님들의 뜻을 존중해서 성일종 간사님과 협의해서 3월 첫 소위 때 다시 한번 심도 있게 논의해서 반드시 금융소외계층에게 금융 지원이 될 수 있는 그런 좋은 법이 만들어지도록 노력하겠다는 말

- speech_order=717, tf_trigger=True, agenda_items=[48, 49, 50, 51, 52, 53, 54, 55]
  발언 요약: 그러면 심사할 안건을 상정하겠습니다. 의사일정 제48항부터 86항까지 이상 39건의 법률안을 일괄하여 상정합니다. 먼저 의사일정 제48항부터 55항까지 이상 8건을 일괄하여 심사하도록 하겠습니다. 배부해 드린 심사자료 보훈 48번부터 55번까지를 참조해 주시기 바랍니다

- speech_order=723, tf_trigger=True, agenda_items=[56]
  발언 요약: 그러면 이상으로 토론을 종결하고 의결할 순서입니다만 동일 제목의 법률안이 뒤에 있기 때문에 의결을 보류하도록 하겠습니다. 다음은 의사일정 제56항 국립묘지의 설치 및 운영에 관한 법률 일부개정법률안을 심사하도록 하겠습니다. 배부해 드린 심사자료 보훈 56번을 참조해 주

- speech_order=756, tf_trigger=True, agenda_items=[57]
  발언 요약: 그러면 이상으로 토론을 종결하고 의결할 순서입니다만 동일 제목의 법률안이 뒤에 있기 때문에 의결을 보류하도록 하겠습니다. 다음, 의사일정 제57항 국립묘지의 설치 및 운영에 관한 법률 일부개정법률안을 심사하도록 하겠습니다. 심사자료 보훈 57번을 참조해 주시기 바랍니다

- speech_order=766, tf_trigger=True, agenda_items=[58, 59, 60, 61, 62, 63, 64]
  발언 요약: 그러면 의사일정 제57항은 저희 소위원회에서 보다 더 심도 있는 논의를 하도록 하겠습니다. 다음은 의사일정 제58항부터 64항까지 이상 7건의 건을 일괄하여 심사하도록 하겠습니다. 배부해 드린 심사자료 보훈 58번부터 64번까지를 참조해 주시기 바랍니다. 전문위원님 보

- speech_order=770, tf_trigger=True, agenda_items=[71]
  발언 요약: 우리 위원님들 의견이 있으시면 말씀해 주시기 바랍니다. 없으시면…… 이견 없으시지요? (｢예｣ 하는 위원 있음) 그러면 이상 토론을 종결하고 의결할 순서입니다만 동일 제명의 법률안이 뒤에 있기 때문에 의결을 보류하도록 하겠습니다. 다음은 의사일정 65항부터 제70항까지

- speech_order=772, tf_trigger=True, agenda_items=[71, 72, 73, 74, 75, 76]
  발언 요약: 제가 71항만 말씀드렸네요. 71항부터 76항까지 한꺼번에 심사보고해 주시기 바랍니다.


=== 최종 심사구간(deliberation segments) ===

[delib 1] trigger_speech_order=2 (speech_id=7695318011074786738)
  발언자: 소위원장 김병욱
  구간: speech_order 2 ~ 248
  심사 의사일정: 의사일정 제1항부터 제3항까지 (raw: [1, 2, 3])
  bill_review (bill_pool 매칭 결과):
    - 1. 서민의 금융생활 지원에 관한 법률 일부개정법률안(정부 제출)(의안번호 2104052)
    - 2. 서민의 금융생활 지원에 관한 법률 일부개정법률안(고용진 의원 대표발의)(의안번호 2102623)
    - 3. 서민의 금융생활 지원에 관한 법률 일부개정법률안(소병훈 의원 대표발의)(의안번호 2100785)

[delib 2] trigger_speech_order=249 (speech_id=2230767189559618017)
  발언자: 소위원장 김병욱
  구간: speech_order 249 ~ 271
  심사 의사일정: 의사일정 제22항부터 제39항까지 (raw: [22, 23, 24, 25, 26, 27, 28, 29, 30, 31, 32, 33, 34, 35, 36, 37, 38, 39])
  bill_review (bill_pool 매칭 결과):
    - 22. 기업구조조정투자회사법 일부개정법률안(이용우 의원 대표발의)(의안번호 2105145)
    - 23. 공인회계사법 일부개정법률안(이용우 의원 대표발의)(의안번호 2105147)
    - 24. 농림수산업자 신용보증법 일부개정법률안(이용우 의원 대표발의)(의안번호 2105148)
    - 25. 금융지주회사법 일부개정법률안(이용우 의원 대표발의)(의안번호 2105149)
    - 26. 금융산업의 구조개선에 관한 법률 일부개정법률안(이용우 의원 대표발의)(의안번호 2105150)
    - 27. 보험업법 일부개정법률안(이용우 의원 대표발의)(의안번호 2105205)
    - 28. 상호저축은행법 일부개정법률안(이용우 의원 대표발의)(의안번호 2105206)
    - 29. 담보부사채신탁법 일부개정법률안(이용우 의원 대표발의)(의안번호 2105211)
    - 30. 자본시장과 금융투자업에 관한 법률 일부개정법률안(이용우 의원 대표발의)(의안번호 2105232)
    - 31. 신용보증기금법 일부개정법률안(이용우 의원 대표발의)(의안번호 2105234)
    - 32. 신용정보의 이용 및 보호에 관한 법률 일부개정법률안(이용우 의원 대표발의)(의안번호 2105273)
    - 33. 신용협동조합법 일부개정법률안(이용우 의원 대표발의)(의안번호 2105274)
    - 34. 은행법 일부개정법률안(이용우 의원 대표발의)(의안번호 2105275)
    - 35. 이중상환청구권부 채권 발행에 관한 법률 일부개정법률안(이용우 의원 대표발의)(의안번호 2105276)
    - 36. 한국주택금융공사법 일부개정법률안(이용우 의원 대표발의)(의안번호 2105302)
    - 37. 자산유동화에 관한 법률 일부개정법률안(이용우 의원 대표발의)(의안번호 2105303)
    - 38. 한국자산관리공사 설립 등에 관한 법률 일부개정법률안(이용우 의원 대표발의)(의안번호 2105304)
    - 39. 주식회사 등의 외부감사에 관한 법률 일부개정법률안(이용우 의원 대표발의)(의안번호 2105306)

[delib 3] trigger_speech_order=272 (speech_id=5451248847235309787)
  발언자: 소위원장 김병욱
  구간: speech_order 272 ~ 298
  심사 의사일정: 의사일정 제40항부터 제47항까지 (raw: [40, 41, 42, 43, 44, 45, 46, 47])
  bill_review (bill_pool 매칭 결과):
    - 40. 금융회사의 지배구조에 관한 법률 일부개정법률안(홍성국 의원 대표발의)(의안번호 2106503)
    - 41. 공중 등 협박목적 및 대량살상무기확산을 위한 자금조달행위의 금지에 관한 법률 일부개정법률안(홍성국 의원 대표발의)(의안번호 2106547)
    - 42. 중소기업은행법 일부개정법률안(오기형 의원 대표발의)(의안번호 2106590)
    - 43. 신용정보의 이용 및 보호에 관한 법률 일부개정법률안(이용우 의원 대표발의)(의안번호 2106621)
    - 44. 전자금융거래법 일부개정법률안(이용우 의원 대표발의)(의안번호 2106622)
    - 45. 인터넷전문은행 설립 및 운영에 관한 특례법 일부개정법률안(이용우 의원 대표발의)(의안번호 2106632)
    - 46. 자본시장과 금융투자업에 관한 법률 일부개정법률안(이용우 의원 대표발의)(의안번호 2106634)
    - 47. 금융지주회사법 일부개정법률안(홍성국 의원 대표발의)(의안번호 2106638)

[delib 4] trigger_speech_order=299 (speech_id=8679827429859252000)
  발언자: 소위원장 김병욱
  구간: speech_order 299 ~ 344
  심사 의사일정: 의사일정 제4항 (raw: [4])
  bill_review (bill_pool 매칭 결과):
    - 4. 금융혁신지원 특별법 일부개정법률안(김병욱 의원 대표발의)(의안번호 2104717)

[delib 5] trigger_speech_order=345 (speech_id=4039287822858742594)
  발언자: 소위원장 김병욱
  구간: speech_order 345 ~ 352
  심사 의사일정: 의사일정 제5항부터 제7항까지 (raw: [5, 6, 7])
  bill_review (bill_pool 매칭 결과):
    - 5. 자본시장과 금융투자업에 관한 법률 일부개정법률안(박용진 의원 대표발의)(의안번호 2100518)
    - 6. 자본시장과 금융투자업에 관한 법률 일부개정법률안(윤관석 의원 대표발의)(의안번호 2103921)
    - 7. 자본시장과 금융투자업에 관한 법률 일부개정법률안(박용진 의원 대표발의)(의안번호 2104121)

[delib 6] trigger_speech_order=353 (speech_id=7518945768535223945)
  발언자: 소위원장 김병욱
  구간: speech_order 353 ~ 360
  심사 의사일정: 의사일정 제16항부터 제17항까지 (raw: [16, 17])
  bill_review (bill_pool 매칭 결과):
    - 16. 자본시장과 금융투자업에 관한 법률 일부개정법률안(윤창현 의원 대표발의)(의안번호 2106447)
    - 17. 자본시장과 금융투자업에 관한 법률 일부개정법률안(윤창현 의원 대표발의)(의안번호 2106501)

[delib 7] trigger_speech_order=361 (speech_id=6687223002519931186)
  발언자: 소위원장 김병욱
  구간: speech_order 361 ~ 495
  심사 의사일정: 의사일정 제5항, 제6항, 제7항, 제16항 (raw: [5, 6, 7, 16])
  bill_review (bill_pool 매칭 결과):
    - 5. 자본시장과 금융투자업에 관한 법률 일부개정법률안(박용진 의원 대표발의)(의안번호 2100518)
    - 6. 자본시장과 금융투자업에 관한 법률 일부개정법률안(윤관석 의원 대표발의)(의안번호 2103921)
    - 7. 자본시장과 금융투자업에 관한 법률 일부개정법률안(박용진 의원 대표발의)(의안번호 2104121)
    - 16. 자본시장과 금융투자업에 관한 법률 일부개정법률안(윤창현 의원 대표발의)(의안번호 2106447)

[delib 8] trigger_speech_order=496 (speech_id=2571879511939941904)
  발언자: 소위원장 김병욱
  구간: speech_order 496 ~ 623
  심사 의사일정: 의사일정 제8항부터 제11항까지 (raw: [8, 9, 10, 11])
  bill_review (bill_pool 매칭 결과):
    - 8. 자본시장과 금융투자업에 관한 법률 일부개정법률안(유동수 의원 대표발의)(의안번호 2102342)
    - 9. 자본시장과 금융투자업에 관한 법률 일부개정법률안(김병욱 의원 대표발의)(의안번호 2104281)
    - 10. 자본시장과 금융투자업에 관한 법률 일부개정법률안(송재호 의원 대표발의)(의안번호 2106840)
    - 11. 자본시장과 금융투자업에 관한 법률 일부개정법률안(강민국 의원 대표발의)(의안번호 2108075)

[delib 9] trigger_speech_order=624 (speech_id=791343073219770879)
  발언자: 소위원장 김병욱
  구간: speech_order 624 ~ 716
  심사 의사일정: 의사일정 제1항부터 제3항까지 (raw: [1, 2, 3])
  bill_review (bill_pool 매칭 결과):
    - 1. 서민의 금융생활 지원에 관한 법률 일부개정법률안(정부 제출)(의안번호 2104052)
    - 2. 서민의 금융생활 지원에 관한 법률 일부개정법률안(고용진 의원 대표발의)(의안번호 2102623)
    - 3. 서민의 금융생활 지원에 관한 법률 일부개정법률안(소병훈 의원 대표발의)(의안번호 2100785)

[delib 10] trigger_speech_order=717 (speech_id=7518598140731325444)
  발언자: 소위원장 김병욱
  구간: speech_order 717 ~ 722
  심사 의사일정: 의사일정 제48항부터 제55항까지 (raw: [48, 49, 50, 51, 52, 53, 54, 55])
  bill_review (bill_pool 매칭 결과):
    - 48. 국가유공자 등 예우 및 지원에 관한 법률 일부개정법률안(윤재옥 의원 대표발의)(의안번호 2106729)
    - 49. 참전유공자 예우 및 단체설립에 관한 법률 일부개정법률안(윤재옥 의원 대표발의)(의안번호 2106731)
    - 50. 보훈보상대상자 지원에 관한 법률 일부개정법률안(윤재옥 의원 대표발의)(의안번호 2106742)
    - 51. 제대군인지원에 관한 법률 일부개정법률안(윤재옥 의원 대표발의)(의안번호 2107551)
    - 52. 특수임무유공자 예우 및 단체설립에 관한 법률 일부개정법률안(윤재옥 의원 대표발의)(의안번호 2107552)
    - 53. 고엽제후유의증 등 환자지원 및 단체설립에 관한 법률 일부개정법률안(윤재옥 의원 대표발의)(의안번호 2107553)
    - 54. 5․18민주유공자예우에 관한 법률 일부개정법률안(윤재옥 의원 대표발의)(의안번호 2107555)
    - 55. 독립유공자예우에 관한 법률 일부개정법률안(윤재옥 의원 대표발의)(의안번호 2107556)

[delib 11] trigger_speech_order=723 (speech_id=2364061567703781109)
  발언자: 소위원장 김병욱
  구간: speech_order 723 ~ 755
  심사 의사일정: 의사일정 제56항 (raw: [56])
  bill_review (bill_pool 매칭 결과):
    - 56. 국립묘지의 설치 및 운영에 관한 법률 일부개정법률안(정부 제출)(의안번호 2103503)

[delib 12] trigger_speech_order=756 (speech_id=2419129680113764017)
  발언자: 소위원장 김병욱
  구간: speech_order 756 ~ 765
  심사 의사일정: 의사일정 제57항 (raw: [57])
  bill_review (bill_pool 매칭 결과):
    - 57. 국립묘지의 설치 및 운영에 관한 법률 일부개정법률안(신동근 의원 대표발의)(의안번호 2106411)

[delib 13] trigger_speech_order=766 (speech_id=5855196089068256358)
  발언자: 소위원장 김병욱
  구간: speech_order 766 ~ 769
  심사 의사일정: 의사일정 제58항부터 제64항까지 (raw: [58, 59, 60, 61, 62, 63, 64])
  bill_review (bill_pool 매칭 결과):
    - 58. 5․18민주유공자예우에 관한 법률 일부개정법률안(홍성국 의원 대표발의)(의안번호 2103771)
    - 59. 고엽제후유의증 등 환자지원 및 단체설립에 관한 법률 일부개정법률안(홍성국 의원 대표발의)(의안번호 2103788)
    - 60. 특수임무유공자 예우 및 단체설립에 관한 법률 일부개정법률안(홍성국 의원 대표발의)(의안번호 2103790)
    - 61. 보훈보상대상자 지원에 관한 법률 일부개정법률안(홍성국 의원 대표발의)(의안번호 2103791)
    - 62. 독립유공자예우에 관한 법률 일부개정법률안(홍성국 의원 대표발의)(의안번호 2103792)
    - 63. 참전유공자 예우 및 단체설립에 관한 법률 일부개정법률안(홍성국 의원 대표발의)(의안번호 2103793)
    - 64. 제대군인지원에 관한 법률 일부개정법률안(홍성국 의원 대표발의)(의안번호 2103794)

[delib 14] trigger_speech_order=770 (speech_id=4677113262204636088)
  발언자: 소위원장 김병욱
  구간: speech_order 770 ~ 771
  심사 의사일정: 의사일정 제71항 (raw: [71])
  bill_review (bill_pool 매칭 결과):
    - 71. 국가유공자 등 단체 설립에 관한 법률 일부개정법률안(송재호 의원 대표발의)(의안번호 2105567)

[delib 15] trigger_speech_order=772 (speech_id=3024066496279638601)
  발언자: 소위원장 김병욱
  구간: speech_order 772 ~ 801
  심사 의사일정: 의사일정 제71항부터 제76항까지 (raw: [71, 72, 73, 74, 75, 76])
  bill_review (bill_pool 매칭 결과):
    - 71. 국가유공자 등 단체 설립에 관한 법률 일부개정법률안(송재호 의원 대표발의)(의안번호 2105567)
    - 72. 대한민국재향군인회법 일부개정법률안(정부 제출)(의안번호 2106743)
    - 73. 참전유공자 예우 및 단체설립에 관한 법률 일부개정법률안(정부 제출)(의안번호 2106746)
    - 74. 고엽제후유의증 등 환자지원 및 단체설립에 관한 법률 일부개정법률안(정부 제출)(의안번호 2106747)
    - 75. 국가유공자 등 단체 설립에 관한 법률 일부개정법률안(정부 제출)(의안번호 2106748)
    - 76. 특수임무유공자 예우 및 단체설립에 관한 법률 일부개정법률안(정부 제출)(의안번호 2106749)

