=== Trigger Deliber Log (meeting_id=52582) 2025-11-14 00:15:43.518731 ===

총 발언 수: 592
bill_pool 크기(의사일정 항 개수): 12

소위원장 발언 수: 168


=== 소위원장 트리거 판별 결과 ===

- speech_order=1, tf_trigger=False, agenda_items=[]
  발언 요약: 의석을 정돈해 주십시오.  성원이 되었으므로 제400회 국회(정기회) 제1차 체육관광법안심사소위원회를 개의하겠습니다.  먼저 오늘 안건 심의 절차를 간단히 말씀드리면 각 안건별로 전문위원의 설명을 들은 후에 위원님들의 질의 답변을 거쳐 의결하는 방식으로 진행하겠습니다.

- speech_order=2, tf_trigger=True, agenda_items=[1, 2]
  발언 요약: 그러면 의사일정 제1항부터 제12항까지 관광진흥법 일부개정법률안 등 12건의 법률안 및 결의안을 일괄하여 상정합니다.  문체부 2차관 소관 심사 대상 안건의 명칭 및 순서는 배부해 드린 의사일정을 참고하시길 부탁드리겠습니다.  먼저 의사일정 제1항 및 제2항, 2건의 

- speech_order=4, tf_trigger=False, agenda_items=[]
  발언 요약: 정부 측 의견 말씀해 주십시오.

- speech_order=6, tf_trigger=False, agenda_items=[]
  발언 요약: 그러면 위원님들 의견 말씀해 주십시오.

- speech_order=12, tf_trigger=False, agenda_items=[]
  발언 요약: 또 다른 위원님 의견 있으십니까?  이의 없으면 정부 측 안으로 조정해서 통과시키는 것 동의하십니까?    (「예」 하는 위원 있음)

- speech_order=14, tf_trigger=False, agenda_items=[]
  발언 요약: 예.

- speech_order=16, tf_trigger=False, agenda_items=[]
  발언 요약: 김예지 위원님 말씀하십시오.

- speech_order=27, tf_trigger=False, agenda_items=[]
  발언 요약: 예, 말씀하세요.

- speech_order=35, tf_trigger=False, agenda_items=[]
  발언 요약: 잠깐, 죄송한데요. 이건 정부 측에서 자꾸 답변할 내용은 아닌 것 같고요.  위원님, 제가 이 법에 대해서 약간 말씀을 드리면 이미 사업 쪽으로는 장애인과 고령자들에게 편리를 제공하는 사업들이 진행되고 있는 거지요. 그랬을 때 사업들이 진행되고 있는데 관광진흥법에 이것

- speech_order=41, tf_trigger=False, agenda_items=[]
  발언 요약: 김예지 위원님 수고하셨습니다.  그러면 의결해도 되겠습니까?    (「예」 하는 위원 있음)  그러면 아까 제1항에 대해서는 공유가 됐고요. 2항도 원안대로 가면 되겠지요?    (「예」 하는 위원 있음)  그러면 묶어서 의사일정 제1항 및 제2항 2건의 관광진흥법 일

- speech_order=43, tf_trigger=False, agenda_items=[]
  발언 요약: 그렇지요.

- speech_order=45, tf_trigger=False, agenda_items=[]
  발언 요약: 그러니까 그 문제에 대해서는 고령자의 개념을 넣으면 그 법적 개념이 바뀌면 그것도 자동으로 바뀌지 않겠습니까?

- speech_order=47, tf_trigger=True, agenda_items=[3, 4, 5, 6, 7]
  발언 요약: 그렇게 될 것 같은데요.  이의 없으십니까?    (「예」 하는 위원 있음)  이의가 없으시면 가결되었음을 선포합니다.  다음 의사일정 제3항부터 제7항까지 5건의 국민체육진흥법 일부개정법률안에 대해 전문위원께서 주요 사항을 설명해 주시기 바랍니다.

- speech_order=49, tf_trigger=False, agenda_items=[]
  발언 요약: 끝났습니까?

- speech_order=51, tf_trigger=False, agenda_items=[]
  발언 요약: 수고하셨습니다.   정부 측 의견 말씀해 주십시오.

- speech_order=54, tf_trigger=False, agenda_items=[]
  발언 요약: 그래요. 그것도 좋은 것 같아요.   그러면 차관님, 남북 간 교류 이 문제는 넘어가고 쟁점으로 넘어가면서 하시지요.  다른 위원님들 어떠신가요?    (「예」 하는 위원 있음)  그렇게 하면 되겠지요?

- speech_order=56, tf_trigger=False, agenda_items=[]
  발언 요약: 그러면……

- speech_order=58, tf_trigger=False, agenda_items=[]
  발언 요약: 아니요, 하나씩 하자는 거예요. 지금 그 말씀이시지요?

- speech_order=60, tf_trigger=False, agenda_items=[]
  발언 요약: 쟁점별로, 법안별로 하는 게 아니고……

- speech_order=62, tf_trigger=False, agenda_items=[]
  발언 요약: 그러면……

- speech_order=66, tf_trigger=False, agenda_items=[]
  발언 요약: 10쪽, 하나씩 하는 것을 원칙으로 하고요. 다만 정부 측 의견에 대해서 이용 위원님이 동의한다고 말씀하셨기 때문에 혹시 다른 위원님들 의견 있으면 말씀해 주십시오.

- speech_order=79, tf_trigger=False, agenda_items=[]
  발언 요약: 다른 위원님들 말씀해 주시지요.

- speech_order=102, tf_trigger=False, agenda_items=[]
  발언 요약: 잠깐만요, 여기 끝난 다음에 말씀하세요.

- speech_order=111, tf_trigger=False, agenda_items=[]
  발언 요약: 차관님, 제가 한번 물어볼게요.  남북교류에 관한 법적 근거는, 어떤 일이 있을 때 지원할 수 있는 법적 근거는 있어요. 없는 게 아닙니다, 현재 현행 법률체계에도. 그런데 여기에 문화예술진흥법에도 남북 문화예술 교류에 관한 것도, 실제 문화예술 진흥 과정에서 남북 간

- speech_order=113, tf_trigger=False, agenda_items=[]
  발언 요약: 그러니까 제가 질문하는 거예요. 그런 조항들이 법에 다 들어가 있단 말이에요. 그러면 체육도 넣고 또 하다 보면 관광도 넣고 이렇게 넣어 가면서 문체부의 문화․관광․체육, 다양한 활동 안에 남북교류에 관한 사항들이 정책적으로나 예산 지원 근거로나 딱 정해져 있는 게 훨

- speech_order=115, tf_trigger=False, agenda_items=[]
  발언 요약: 더 좋으면 하시지요. 이래도 괜찮고 저래도 괜찮다면 현실 속에서 큰 변화가 없는 것이기 때문에 냅두자 이것보다는, 현실 속에서 큰 변화가 없는 건데 더 좋은 거라면 더 좋게 만들자는 거예요. 그러면 정부 입장은 바뀔 수 있겠습니까?

- speech_order=117, tf_trigger=False, agenda_items=[]
  발언 요약: 이용 위원님 어떠세요? 문화 그다음에 영화……

- speech_order=119, tf_trigger=False, agenda_items=[]
  발언 요약: 그러면 정부 측 수용하는 걸로 해도 되겠습니까?

- speech_order=121, tf_trigger=False, agenda_items=[]
  발언 요약: 남북교류에 관한 여야의 입장 차이, 여러 가지에 있어서 다른 형태로 드러날 수 있지만 그것으로 확대시킬 조항이 아니고 법률의 체계적인 정합성을 추구하는 과정에서 남북협력과 교류에 관한 항을 문화 그다음에 영화, 체육 이렇게 해서 정합성을 갖춰 주는 차원에서 이상헌 의원

- speech_order=123, tf_trigger=False, agenda_items=[]
  발언 요약: 그러니까 그렇게 확대하지 말자는 거예요. 지금 현재 남북 간이 경색되어 있고 그런 것에 대해서 저희 야당에서도, 저 개인적으로도 그걸 모르는 바가 아니고요. 그래서 야당의 입장을 관철하고자 하는 데 그 의미가 있는 게 아니고, 실제 이 법은 그 전에 상정돼 있는 거지요

- speech_order=125, tf_trigger=False, agenda_items=[]
  발언 요약: 그러면 정부 측에서 수용한 걸로 하고 또 여러 여야 위원님도 존중해 줘서 이상헌 의원님 안은 이렇게 넘어가도 되겠지요?    (「예」 하는 위원 있음)   그다음 사항으로 넘어가겠습니다.   그다음에 임오경 의원님께서 제안하신 것에 대해서 정부 측 의견 말씀해 주십시오

- speech_order=127, tf_trigger=False, agenda_items=[]
  발언 요약: 다른 위원님들 말씀해 주시지요.

- speech_order=140, tf_trigger=False, agenda_items=[]
  발언 요약: 이용 위원님 말씀해 주세요.

- speech_order=142, tf_trigger=False, agenda_items=[]
  발언 요약: 김예지 위원님 말씀해 주세요.

- speech_order=152, tf_trigger=False, agenda_items=[]
  발언 요약: 일단 이 법안에 대한 쟁점은 시․도체육회에서 반대한다는 건 두 번째로 하고요. 일단 정부 측 의견은 조례에 의해서 지원을 할 수밖에 없는, 지방체육회나 장애인체육회의 문제를 중앙정부 차원에서 법령을 정해서 만드는 것은 어렵다 이렇게 지금 답변에 대한 논의가 진행되고 있

- speech_order=159, tf_trigger=False, agenda_items=[]
  발언 요약: 잠깐만 차관님, 이 문제의 핵심은, 지금 그렇게 답변을 하셨는데 하나 덧붙여서 제가 질문을 드릴게요.   정부는 체육진흥을 위해서 지방자치단체에 지원할 수 있잖아요. 그렇지요?

- speech_order=161, tf_trigger=False, agenda_items=[]
  발언 요약: 그러니까 지방자치단체는 지방자치단체가 알아서 해야 된다는 게 아니라 국가의 범주 안에, 정부의 범주 안에는 지방체육의 진흥도 과업에 들어가 있다는 거예요. 그런데 지방체육을 진흥하는 과정에서 지방체육회와 지방장애인체육회의 위상과 역할이 있는데 이게 여러 가지 혼선이 있

- speech_order=169, tf_trigger=False, agenda_items=[]
  발언 요약: 잠깐만요.   일단 차관님 입장이 명료하니까 임종성 위원님이나 전재수 위원님 의견 있으면 말씀해 주시지요.

- speech_order=173, tf_trigger=False, agenda_items=[]
  발언 요약: 그러면 제4항에 대해서는 보류시키는 걸로 할까요?      (「예」 하는 위원 있음)  임오경 위원님, 그렇게 해 주시지요.  4항 넘어가겠습니다.   그다음, 정부 측 의견 말씀해 주십시오.

- speech_order=175, tf_trigger=False, agenda_items=[]
  발언 요약: 위원님들 질의 답변해 주십시오.     (「없습니다」 하는 위원 있음)

- speech_order=177, tf_trigger=False, agenda_items=[]
  발언 요약: 예, 5항․6항입니다.

- speech_order=188, tf_trigger=False, agenda_items=[]
  발언 요약: 체육국장 말씀하세요.

- speech_order=198, tf_trigger=False, agenda_items=[]
  발언 요약: 포함 안 된다고 했으니까요.

- speech_order=204, tf_trigger=False, agenda_items=[]
  발언 요약: 잠깐만요. 위원님, 천천히 말씀해 주세요.   국장님이나 차관님 그리고 전문위원님 잘 좀 들어 주세요.

- speech_order=208, tf_trigger=False, agenda_items=[]
  발언 요약: 고유식별번호는 법적 개념이 정확히 있습니까?

- speech_order=218, tf_trigger=False, agenda_items=[]
  발언 요약: 주민번호 및 외국인등록번호.

- speech_order=220, tf_trigger=False, agenda_items=[]
  발언 요약: 잠깐만.   전문위원님, 이것 어떻게 생각하세요?

- speech_order=223, tf_trigger=False, agenda_items=[]
  발언 요약: 잠깐만요. 제가 정리하겠습니다.   임오경 위원님께서는 현재 수정안 나온 것에 대해 정리를 하는데요, 그 정리 내용은 별다른 게 없어요. 다만 아까 정리한 대로 하면 경기단체 이 개념에서 대한체육회가 들어가느냐 마느냐만 남아 있는 거예요. 그리고 그것만 동의가 되면 임

- speech_order=225, tf_trigger=False, agenda_items=[]
  발언 요약: 아니, 그러니까 그것은 조정이 됐다고요. 수용이 됐어요. 그건 끝났고.

- speech_order=227, tf_trigger=False, agenda_items=[]
  발언 요약: 그러면 별다른 이견이 없지요?   임오경 위원님 아까 말씀하신 내국인․외국인 그건 조정하고 그다음에 대한체육회가 들어가는지 마는지에 대한 법적 해석만……

- speech_order=229, tf_trigger=False, agenda_items=[]
  발언 요약: 문체부 측 답변 받는 것을 전제로 일단 이건 넘어가고 다음 논의해도 되겠습니까?

- speech_order=231, tf_trigger=False, agenda_items=[]
  발언 요약: 그건 그렇게 정리하고요.

- speech_order=233, tf_trigger=False, agenda_items=[]
  발언 요약: 지금 마무리가 안 된 건, 김승수 의원안에 대해서 임오경 의원님 안에 그 마무리가 안 돼 있다는 견해잖아요? 그게 다시 한번 공유가 돼야 될 것 같은데요.

- speech_order=235, tf_trigger=False, agenda_items=[]
  발언 요약: 그러면 위원님 별다른 이견 없습니까?     (「예」 하는 위원 있음)  그러면 넘어가고요.  다시 이병훈 의원님 안에 대해서 정부 의견 말씀해 주세요.

- speech_order=237, tf_trigger=True, agenda_items=[8]
  발언 요약: 다른 위원님들 말씀해 주세요.    (「정부 의견에 동의합니다」 하는 위원 있음)  별다른 의견 없습니까?    (「예」 하는 위원 있음)  법적 취지는 동의가 되지만 법적 체계상 일괄적으로 경범죄 관련 법체계에서 해결하는 게 좋겠다라는 안입니다.  그러면 의결을 하는

- speech_order=239, tf_trigger=False, agenda_items=[]
  발언 요약: 배포해 주세요.  배포 다 됐지요?  전문위원님, 말씀 끝나셨습니까?

- speech_order=241, tf_trigger=False, agenda_items=[]
  발언 요약: 그러면 정부 측 의견을 듣는데요, 사행성감독위원회 용호성 사무처장님이 나와 계십니다.   용호성 처장님, 정부 측 의견 말씀해 주십시오.

- speech_order=243, tf_trigger=False, agenda_items=[]
  발언 요약: 잠깐만요, 일단 하나씩 묶어서 하도록 하겠습니다.   첫 번째로 뭐지요?

- speech_order=246, tf_trigger=False, agenda_items=[]
  발언 요약: 자격 요건 문제하고 그다음에 센터 설치 문제, 이 두 개를 가지고 일단 얘기를 하도록 하겠습니다.   그리고 혹시 기재부에서 김서중 처장님 와 계세요?

- speech_order=248, tf_trigger=False, agenda_items=[]
  발언 요약: 위원님들, 참고로 기재부에서 김서중 복권위원회 사무처장님 와 계시는 걸 말씀드리겠습니다.   일단 여기에 한정해서 말씀 있으십니까?

- speech_order=250, tf_trigger=False, agenda_items=[]
  발언 요약: 예, 말씀하세요.

- speech_order=254, tf_trigger=False, agenda_items=[]
  발언 요약: 또 다른 위원님.

- speech_order=259, tf_trigger=False, agenda_items=[]
  발언 요약: 아니, 잠깐만요, 그렇게 말씀하지 마시고 사행성감독위의 입장을 말씀하시고 여기 기재부 와 계시니까 기재부나 문체부 별도로 말씀해 주세요, 섞어서 말하지 말고.  사행성감독위원회의 입장이 뭡니까?

- speech_order=261, tf_trigger=False, agenda_items=[]
  발언 요약: 기재부에서 나오신 우리 김서중 처장님이신가요, 이 문제에 지금 답변하려고 나와 계신 거지요?

- speech_order=264, tf_trigger=False, agenda_items=[]
  발언 요약: 부담스럽다는 이유가 있어야 될 거 아니에요.

- speech_order=266, tf_trigger=False, agenda_items=[]
  발언 요약: 도박 문제……

- speech_order=268, tf_trigger=False, agenda_items=[]
  발언 요약: 아니, 잠깐만……  말씀하세요, 일단.

- speech_order=270, tf_trigger=False, agenda_items=[]
  발언 요약: 그러니까 도박 중독, 예를 들면 여러 가지 문제가 있는데 그 문제에 대해서 그 심각성과 해결돼야 하는 그 정책적 측면에서 입장이 뭔지가 정확해야 되고 그렇지요?

- speech_order=272, tf_trigger=False, agenda_items=[]
  발언 요약: 그다음에 또 다른 접근, 공공기관이 자꾸 늘어나는 것에 대한 또 다른 잣대가 있는 거지요. 이 두 개를 놓고 뭔가 이렇게 얘기를 잘해야지 그저 그냥 기재부 기존 예산 잣대 놓고…… 그렇게 답변 들은 것 이외에 지금 다른 답변 들은 거 있습니까?

- speech_order=281, tf_trigger=False, agenda_items=[]
  발언 요약: 잠깐만요, 정부 입장을 지금 듣고 있는 과정인데 약간 논쟁이 있었습니다.  우리 문체부도 주무 관청인데 답변을 한번 해 주시지요.

- speech_order=283, tf_trigger=False, agenda_items=[]
  발언 요약: 김예지 위원님 뭐 하실 말씀 말씀해 주시지요.

- speech_order=285, tf_trigger=False, agenda_items=[]
  발언 요약: 한 말씀도 안 하셔 가지고.  그러면 임종성 위원님 말씀해 주세요.

- speech_order=287, tf_trigger=False, agenda_items=[]
  발언 요약: 말씀하세요. 김예지 위원님.

- speech_order=290, tf_trigger=False, agenda_items=[]
  발언 요약: 이용 위원님 말씀하세요.

- speech_order=294, tf_trigger=False, agenda_items=[]
  발언 요약: 잠깐만요, 일단 이용 위원 말씀하셨고요.  또 다른 위원님.  임오경 위원님 말씀하십시오.

- speech_order=302, tf_trigger=False, agenda_items=[]
  발언 요약: 잠깐만요.  위원장님, 제가 질문드리겠는데요. 현재 2곳이 직영센터고 13곳 지역에서는 보조사업자에게 위탁을 하고 있는 거잖아요. 그 보조사업자에 들어가는 비용이 직영센터와 비교해 볼 때 어느 정도 규모 됩니까?

- speech_order=304, tf_trigger=False, agenda_items=[]
  발언 요약: 그러면 지금 직영센터로 전환할 경우에, 지금 현재 2개에서 21개로 직영을 전환하잖아요.

- speech_order=306, tf_trigger=False, agenda_items=[]
  발언 요약: 이 법안에 대해서 물어보는 거예요.

- speech_order=308, tf_trigger=False, agenda_items=[]
  발언 요약: 아니, 그러니까요 지금 21개 센터를 직영으로 운영할 경우에, 현재 위탁 사업자 문제로 할 경우에 지금 예산 비교를 했을 때 172억이 더 든다는 산출을 물어보고 있는 거예요.

- speech_order=310, tf_trigger=False, agenda_items=[]
  발언 요약: 그리고 사행성감독위원회 말처럼 현재 이건 지금 더 든다는 얘기잖아요.

- speech_order=312, tf_trigger=False, agenda_items=[]
  발언 요약: 봐 봐요. 현재 센터 운영에 따른 2개의 직영과 13개의 보조사업자로 운영되는 총 예산이 얼마입니까?

- speech_order=314, tf_trigger=False, agenda_items=[]
  발언 요약: 아니, 직영 2개 얼마, 13개 보조사업자 얼마 이렇게 정리해 주시지요.

- speech_order=316, tf_trigger=False, agenda_items=[]
  발언 요약: 그러면 21개 직영으로 갈 경우에는 얼마예요? 172억이 더 늘어나는 거예요, 아니면…… 현재 직영 2개 예산 알아보기로 했고요. 82억 보탠 액수하고 비교해 보면 큰 차이가 안 나요, 내가 볼 때.

- speech_order=318, tf_trigger=False, agenda_items=[]
  발언 요약: 잠깐만요. 하지 말고요 제가 물어보는 거 답변하세요. 직영 2개 얼마입니까?

- speech_order=320, tf_trigger=False, agenda_items=[]
  발언 요약: 직영 2개 27억이요?

- speech_order=324, tf_trigger=False, agenda_items=[]
  발언 요약: 110억이잖아요. 직영에 27억 그다음에 13개 보조가 82억 이렇게 되는 거잖아요.

- speech_order=326, tf_trigger=False, agenda_items=[]
  발언 요약: 그렇지요? 그러면 산술적으로 계산해 보면 82억을 13개로 나누면 1개당 산출이 되는 거지요?

- speech_order=328, tf_trigger=False, agenda_items=[]
  발언 요약: 이것 나누면 얼마가 됩니까?

- speech_order=330, tf_trigger=False, agenda_items=[]
  발언 요약: 아니, 그러니까 평균으로 따지면. 평균 6억이잖아요. 그렇지요?

- speech_order=332, tf_trigger=False, agenda_items=[]
  발언 요약: 그다음에 직영은 27억이니까 2개로 나누면 13억 5000만 원 정도 되잖아요. 그렇게 되면 제가 볼 때 지금 172억이 설치된다고…… 172억이라고 하는 것은 27억 빼고 나면 불과 몇십억 늘어나는 거 아닙니까?

- speech_order=334, tf_trigger=False, agenda_items=[]
  발언 요약: 172억이 소요된다고 하면 큰돈이 들어가는 것 같아 보이지만 이미 110억의 돈을 직영에 27억 2개 그다음에 13개 보조사업자로 해서 82억을 쓰고 있어요. 거기다가 좀만 더 투자하면 21개 직영센터가 가능한 거 아닙니까?  그러면 이걸 안 할 이유가 뭐예요? 그 돈

- speech_order=336, tf_trigger=False, agenda_items=[]
  발언 요약: 문체부차관님, 여기 지금 37쪽 보면 2022년도 중독예방치유부담금 산정 내역이 있는데 강원랜드, 마사회, 복권위원회 이런 데에서 67억 더 내는 게 이렇게 복잡하고 어렵습니까?

- speech_order=338, tf_trigger=False, agenda_items=[]
  발언 요약: 제가 볼 때는 안 할 것 같아서 그래요.  지금 임의 규정 문제는 뭐냐 하면……

- speech_order=340, tf_trigger=False, agenda_items=[]
  발언 요약: 아니, 법안 논의할 때 예를 들면 2개의 직영센터잖아요. 그러면 임의 규정으로 21개 해서 정책적으로 얘기만 하고 임의 규정 바꿔 놓으면 계속 2개로 간단 말입니다, 예를 들면.

- speech_order=342, tf_trigger=False, agenda_items=[]
  발언 요약: 임종성 위원님 말씀해 보시지요.

- speech_order=345, tf_trigger=False, agenda_items=[]
  발언 요약: 예, 말씀하세요.

- speech_order=350, tf_trigger=False, agenda_items=[]
  발언 요약: 처장님, 또 하나 질문드리겠습니다.  직영센터를 운영하는 경우하고요 13개 보조자에게 위탁하는 경우하고, 제가 저희 지역도 잘 알거든요.   그런데 사업 성과가 비슷하다고 생각합니까, 현격한 차이가 난다고 생각합니까?

- speech_order=352, tf_trigger=False, agenda_items=[]
  발언 요약: 처장님, 그렇게 말씀하면 직영센터가 필요 없는 것 아니에요, 장단점이 있는데 예산 조금 늘리는 것을 해야지?

- speech_order=354, tf_trigger=False, agenda_items=[]
  발언 요약: 그러니까 현재 쟁점은 사행산업감독위원회 측으로 보자면 직영센터나 그다음에 수탁사업자가 하나 사업 성과는 별 차이 없어요, 그냥 사람 늘려 주고 예산 좀 더 줘서 잘하는 게 더 중요하지. 그렇게 하면서 사실상 예산 문제로 환원시키고 있다고 저는 보여지는데요. 그렇지 않습

- speech_order=356, tf_trigger=False, agenda_items=[]
  발언 요약: 자원을 무한정 늘리자는 견해가 아니고 이 법안은 21개 직영센터를 운영, 딱 적시되어 있는 안입니다.  일단 다른 의견 없으면 시작한 지 지금 1시간 40분 됐거든요. 그래서 조금 쉬었다 하시지요. 쉬었다가 하도록 하겠습니다.  잠시 정회하였다가 4시에 속개하겠습니다.

- speech_order=357, tf_trigger=False, agenda_items=[]
  발언 요약: 의석을 정돈해 주시기 바랍니다.  회의를 속개하겠습니다.  저희가 이 문제에 대해서는 나올 얘기는 다 나온 것 같지요?     (「예」 하는 위원 있음)  그래서 혹시 이 문제에 대해서 정리될 의견 있으면 정리해서 말씀해 주시고요.

- speech_order=359, tf_trigger=False, agenda_items=[]
  발언 요약: 법안 내신 임오경 위원님 말씀해 주시겠어요?

- speech_order=362, tf_trigger=False, agenda_items=[]
  발언 요약: 잠깐만요, 지금 첫 번째 두 번째 쟁점에서 세 번째로 넘어갔습니다. 그렇지요?

- speech_order=364, tf_trigger=False, agenda_items=[]
  발언 요약: 넘어가도 되겠습니까?    (「예」 하는 위원 있음)  첫 번째 두 번째는 또 정리해 가면서 논의하도록 하고요.  복권위원회에서 이 문제에 답변할 내용이 있습니까?

- speech_order=366, tf_trigger=False, agenda_items=[]
  발언 요약: 서서 답변해 주세요, 마스크 벗으시고요.

- speech_order=368, tf_trigger=False, agenda_items=[]
  발언 요약: 다른 위원님들 의견 있으면 말씀해 주시지요.  먼저 전문위원님 말씀 한번 해 보시겠어요, 그러면?

- speech_order=370, tf_trigger=False, agenda_items=[]
  발언 요약: 말씀하세요.

- speech_order=373, tf_trigger=False, agenda_items=[]
  발언 요약: 이용 위원님이나 김예지 위원님 의견 있으십니까?

- speech_order=389, tf_trigger=False, agenda_items=[]
  발언 요약: 일단 복권위원회에서 말씀하신 건 굉장히 새로운 얘기여서요. 그 취지에 대해서 사행산업감독위원회 또 문체부 입장 한번 말씀해 주시지요.

- speech_order=392, tf_trigger=False, agenda_items=[]
  발언 요약: 복권위원회는 말씀을 많이 하셨으니까 일단 거기까지 하시고요.

- speech_order=394, tf_trigger=False, agenda_items=[]
  발언 요약: 지금 현재 복권위원회 측에서 평가 지표로 유병률을 넣자는 제안이 있었고요.   전재수 위원님 말처럼 현재 법안에 들어가 있는 내용이 아니기 때문에 일단 다음으로 논의를 유보해서 처리하는 것으로 그렇게 하는 게 좋겠습니까? 아니면 지금 몇 분 위원님께서는 그걸 동의하시는

- speech_order=396, tf_trigger=False, agenda_items=[]
  발언 요약: 그러면 그 용역 결과가 언제 나옵니까?

- speech_order=398, tf_trigger=False, agenda_items=[]
  발언 요약: 그러면 그 용역 결과에 대해서 저희 국회에도 보고를 해 주시고요.   현재 어쨌든 사행산업감독위원회의 보고에 따르면 용역이 진행되고 있으니까 또 현재 법규 내에서 ‘등’ 자를 매겨서 할 수 있는 폭이 있다고 보여지니까 이 문제에 대해서는 전재수 위원님 말처럼 다음 기회

- speech_order=400, tf_trigger=False, agenda_items=[]
  발언 요약: 그러면 현재 임오경 의원님 안에 약간 수정해야 되는 정부 측 의견 말씀이 있었고요. 특별한 이견이 없으면 넘어가도 되겠습니까? 임오경 위원님, 없으면 또 넘어가시지요.  지금 현재 우리가 첫 번째, 위원의 구성 문제 그다음에 지역센터 문제 그리고 치유부담금 문제 논의까

- speech_order=403, tf_trigger=False, agenda_items=[]
  발언 요약: 아니, 그런 얘기가 아니고요. 21개 직영센터를 해야 한다가 아니고, 그렇지요? 그 성안해 주시라고요.

- speech_order=417, tf_trigger=False, agenda_items=[]
  발언 요약: 차관님 좀 서서 답변을 해 주시는데요, 지금 현재 직영센터를 만들 경우에 그 예산의 근거는 국가예산이 아니잖아요.

- speech_order=419, tf_trigger=False, agenda_items=[]
  발언 요약: 지금 7개의, 뭐지요?

- speech_order=421, tf_trigger=False, agenda_items=[]
  발언 요약: 부담금으로 하고 있는 거잖아요. 그렇지요?

- speech_order=423, tf_trigger=False, agenda_items=[]
  발언 요약: 기재부가 직접 내는 건 아니잖아요, 국가세입에서. 일단 재원은 단체에서 내는 거다라고 하는 것하고요. 두 번째로 아까 적립한다고 표현하셨잖아요, 사행산업처장님?

- speech_order=425, tf_trigger=False, agenda_items=[]
  발언 요약: 그런데 적립할 때 260억 남았다고 그랬지요?

- speech_order=427, tf_trigger=False, agenda_items=[]
  발언 요약: 적립돼 있는 거잖아요. 그러면 남는 거잖아요. 그러면 아까 보니까 20여 개의 센터를 직영해야 된다고 해도 60억 쓸 수 있는 재원은 거기에 있어 보이는데 어떻게 생각하세요?

- speech_order=429, tf_trigger=False, agenda_items=[]
  발언 요약: 지난해에는 코로나라고 하는 특별한 시기 아닙니까? 그렇지요? 코로나 시기 때 생긴 것 말고 지금 회복세로 들어갔잖아요. 제가 볼 때는 그렇거든요. 재원이 없다가 아니라 재원이 백번 양보해도 코로나 국면에서 90억 손실금 난 것 감안해 보면 불안정하다 할 수 있다고 인정

- speech_order=431, tf_trigger=False, agenda_items=[]
  발언 요약: 아니, 그건 지금 현재 민간업자로 수탁돼 있는 것 아닙니까? 그것을 직영센터로 하라는 거예요.

- speech_order=433, tf_trigger=False, agenda_items=[]
  발언 요약: 그러면 여기서 위원님들의 우려는 뭐냐면 지난 몇 년간 이 문제를 제기해 왔는데 변하는 게 아무것도 없다예요. 그렇지요? 그렇다면 이것을 가장 확실하게 위원님들의 요구대로 진짜 부처 의견대로 강제규정으로 하지 않고 임의규정으로 했을 때 변화가 없을 가능성을 약화시킬 수 

- speech_order=435, tf_trigger=False, agenda_items=[]
  발언 요약: 위원님들 어떠세요?

- speech_order=437, tf_trigger=False, agenda_items=[]
  발언 요약: 문체부차관님, 계획안 사행성감독위원회하고 정리해서 보고해 줄 수 있겠습니까?

- speech_order=439, tf_trigger=False, agenda_items=[]
  발언 요약: 언제까지 하시겠어요?

- speech_order=441, tf_trigger=False, agenda_items=[]
  발언 요약: 아니, 그러지 마시고요. 아까 예산부담금 관련해서 용역 진행되고 있다고 했잖아요. 그때 발맞춰서 용역 결과보고 그리고 센터 문제 두 개 동시에 보고해 주세요.

- speech_order=443, tf_trigger=False, agenda_items=[]
  발언 요약: 그러면 위원님들 이렇게 정리하면 되겠습니까?    (「예」 하는 위원 있음)  김예지 위원님 의견 있으십니까?

- speech_order=445, tf_trigger=False, agenda_items=[]
  발언 요약: 그러면 지역센터 확대 문제에 대해서 그리고 부담금 문제에 대해서 문체부와 사행성감독위원회에서 용역 결과보고 및 그 대안에 대해서 정리해서 보고하는 것으로 하고요. 법안 문구 자체로는 정부안을 수용하는 방식으로 마무리해도 되겠습니까?    (「예」 하는 위원 있음)  그

- speech_order=456, tf_trigger=False, agenda_items=[]
  발언 요약: ‘등’이 들어가야 되는 거예요, 그러니까.

- speech_order=458, tf_trigger=True, agenda_items=[9]
  발언 요약: 그러면 의결은 조금 이따가 하겠습니다. 혹시 실수가 나오면 안 되니까요. 바로 될 것 같아요? 그렇게 하실까요?    (「예」 하는 위원 있음)  그러면 아까 우리가 정리된 내용 다 공유되셨지요?  그러면 의결하겠습니다.  의사일정 제8항 사행산업통합감독위원회법 일부개

- speech_order=461, tf_trigger=False, agenda_items=[]
  발언 요약: 수용이에요?

- speech_order=463, tf_trigger=True, agenda_items=[10, 11]
  발언 요약: 그러면 바로 의결해도 되겠지요, 정부 수용이면?  의결하도록 하겠습니다.  의사일정 제9항 생활체육진흥법 일부개정법률안은 원안 의결하고자 하는데 이의 없으십니까?    (「예」 하는 위원 있음)  이의 없으면 가결되었음을 선포합니다.  다음 의사일정 제10항 및 제11

- speech_order=465, tf_trigger=False, agenda_items=[]
  발언 요약: 혹시 정부 측에서 더 부가 설명할 내용이 있습니까?

- speech_order=467, tf_trigger=False, agenda_items=[]
  발언 요약: 위원님들 의견 말씀해 주시기 바랍니다.    (「정부 측 의견 동의합니다」 하는 위원 있음)  특별한 이견 없습니까?    (「예」 하는 위원 있음)  김예지 위원님 혹시 이견 있으십니까?

- speech_order=470, tf_trigger=True, agenda_items=[11]
  발언 요약: 예, 11항 설명해 주십시오.

- speech_order=472, tf_trigger=False, agenda_items=[]
  발언 요약: 정부 측 의견 말씀해 주십시오.

- speech_order=474, tf_trigger=False, agenda_items=[]
  발언 요약: 위원님들 질의답변해 주십시오.

- speech_order=476, tf_trigger=False, agenda_items=[]
  발언 요약: 말씀하세요.

- speech_order=495, tf_trigger=False, agenda_items=[]
  발언 요약: 잠깐만요. 김예지 위원님 말씀해 주세요.

- speech_order=508, tf_trigger=False, agenda_items=[]
  발언 요약: 마이크 켜고 말씀해 주시겠어요.

- speech_order=521, tf_trigger=False, agenda_items=[]
  발언 요약: 잠깐만요, 국장님. 지금 현재 이게 아주 많은 쟁점이 포함돼 있다고 봐요, 그렇지요?

- speech_order=523, tf_trigger=False, agenda_items=[]
  발언 요약: 그러니까 지금 정부에서 체육시설업을 굳이 요가와 필라테스를 하지 않은 이유는 체육시설업을 했을 때 여러 가지 자격요건을 거쳐야 되니까 더 복잡하다, 안 넣는 게 더 좋다 이렇게 말씀하셨잖아요.  역으로 보면 체육시설업에 현재 지정돼 있는 시설업 중에서 여러 가지 조건이

- speech_order=525, tf_trigger=False, agenda_items=[]
  발언 요약: 그러면 그것 체육국장이 고민해서 별도로 정리해 주시고요.  또 하나는 체육시설업이라고 규정해서 딱딱 두부 자르듯이 잘라지면 편하겠는데 헬스장 안에 요가도 있고 필라테스도 있더라 이거지요. 그래서 이게 처음에는 표면적으로 별문제가 안 되다가 이번 코로나를 거치면서 보니 

- speech_order=527, tf_trigger=False, agenda_items=[]
  발언 요약: 그래야 지금 현재 정부에서 이 법안에 대해서 수용곤란 입장, 바뀐 것에 대한 일관성이 생기는 것 아니겠습니까, 그러면 되겠지요?

- speech_order=529, tf_trigger=True, agenda_items=[12]
  발언 요약: 그러면 의사일정 제10항 골프장 문제와 관련해서는 수정 의결이고요. 그다음에 의사일정 제11항은 계속 계류하는 것으로 그렇게 의결해도 되겠습니까?    (「예」 하는 위원 있음)  그러면 의결하도록 하겠습니다.  의사일정 제10항 체육시설의 설치․이용에 관한 법률 일부

- speech_order=531, tf_trigger=False, agenda_items=[]
  발언 요약: 정부 측 의견 말씀해 주십시오.

- speech_order=533, tf_trigger=False, agenda_items=[]
  발언 요약: 어떤 점이 적절하지 않으세요? 이것을 전면 부정해 버리는 건 아닐 것 아니에요.

- speech_order=535, tf_trigger=False, agenda_items=[]
  발언 요약: 말씀해 주세요.

- speech_order=537, tf_trigger=False, agenda_items=[]
  발언 요약: 이용 위원님 말씀하세요.

- speech_order=539, tf_trigger=False, agenda_items=[]
  발언 요약: 김예지 위원님 하실 말씀 계십니까?

- speech_order=541, tf_trigger=False, agenda_items=[]
  발언 요약: 차관님께 질문을 한번 드리고 싶은데요.  옛날에 모스크바올림픽 단독 올림픽이었잖아요. 차관님께서는 그때 모스크바올림픽이 더 좋다 이렇게 생각하시는가요?

- speech_order=543, tf_trigger=False, agenda_items=[]
  발언 요약: 그러니까 예를 들면 그때 모스크바올림픽이 있었고 미국올림픽이 있었잖아요.

- speech_order=545, tf_trigger=False, agenda_items=[]
  발언 요약: 소위 말하면 동서이념 대결 구도 때문에 미국에서는 완전히 폐쇄적이고 독재 국가가 하는 올림픽 못 가겠다 그다음에 소련에서는 니네 서방도 못 하겠다 이렇게 해서 불참하고 했던 것 아닙니까? 그래서 그걸 반성하면서 이념을 떠나서 또 상대방이 뭐라고 하든 간에 스포츠만큼은 

- speech_order=547, tf_trigger=False, agenda_items=[]
  발언 요약: 그러니까 가능성이 없기 때문에 그렇다 이런 건가요, 결론은? 하고 싶은데 별로 가능성이 떨어진다가 핵심인가요? 정부는 현재 북한이 미사일 쏘아대고 있는 조건에서 남북 평화올림픽 한다고 뭔가 결의안을 채택하는 게 무의미하다, 의미가 없다, 할 필요가 없다, 오히려 상당히

- speech_order=553, tf_trigger=False, agenda_items=[]
  발언 요약: 예, 김예지 위원님 말씀하세요.

- speech_order=559, tf_trigger=False, agenda_items=[]
  발언 요약: 말씀 끝나셨습니까?

- speech_order=561, tf_trigger=False, agenda_items=[]
  발언 요약: 지금 세 분 위원님 말씀하셨는데요.  차관님, 이 견해는 어떻게 생각하십니까? 모든 어떤 정치적, 정책적 결정에는 양지가 있고 음지가 있거든요. 그래서 이것을 잘 평가하지 않으면 양지만을 보고 음지가 죽어 나가는 현상도 있을 수 있고 또 음지를 너무 배려하다 보면 전향

- speech_order=563, tf_trigger=False, agenda_items=[]
  발언 요약: 김혜지 위원님은 반대 입장을 표명하신 건가요?

- speech_order=565, tf_trigger=False, agenda_items=[]
  발언 요약: 일단 그러면 이 문제에 대해서는 김예지 위원님 보좌진 중심으로 해 가지고 확인 한번 부탁드리고요. 또 문체부에서도 확인을 해 보시고.

- speech_order=567, tf_trigger=False, agenda_items=[]
  발언 요약: 일단 아까 미진하게 처리된 것이, 국민체육진흥법 일부개정법률안은 처리를 못 한 것이 있거든요. 그래서 그것으로 다시 넘어가서 논의하고 의결한 다음에 마지막에 이것을 논의하면 어떻겠습니까?    (「예」 하는 위원 있음)  그렇게 하겠습니다.  15쪽 맞는가요? 15쪽 

- speech_order=571, tf_trigger=False, agenda_items=[]
  발언 요약: 예.

- speech_order=584, tf_trigger=False, agenda_items=[]
  발언 요약: 그러면 쟁점이 해소되었습니까?    (「예」 하는 위원 있음)  전문위원님, 지금 현재 의사일정 제3항, 5항, 6항 있는데요. 3항, 5항, 6항의 수정의결을 위해서, 위원회 대안으로 의결하기 위해서 내용을 쭉 한번 정리해 주시지요.

- speech_order=586, tf_trigger=False, agenda_items=[]
  발언 요약: 그다음에 5항요.

- speech_order=588, tf_trigger=False, agenda_items=[]
  발언 요약: 특별한 이견이 없지요, 위원님들?    (「예」 하는 위원 있음)  자, 확인하고 있습니다.  5항, 6항이 같이 들어 있다고 그러는 거예요. 그러면 정리가 된 거지요?   그다음에 제4항, 7항은 계류하는 것으로 하겠습니다.    (「예」 하는 위원 있음)  그러면 

- speech_order=591, tf_trigger=False, agenda_items=[]
  발언 요약: 일단 그 상황을 일단 공유해 보려고 하는 거고요.  두 번째로는 지금 현재 강원도 통해서 북한에 제안했던 내용 그것 혹시 확인된 게 있습니까? 현재 상태로는 확인이 좀 어려운 거지요?  우리가 아무리 급해도 좀 생각을 해 봅시다.  5분간 잠시 정회하도록 하겠습니다.

- speech_order=592, tf_trigger=False, agenda_items=[]
  발언 요약: 그러면 의사일정 제12항 2024 강원 동계청소년올림픽대회의 평화올림픽 구현을 위한 촉구 결의안은 보다 심도 있는 심사를 위하여 법안심사소위에 계류토록 하겠습니다.  이상으로 오늘 상정된 법률안 심사를 모두 마쳤습니다.   조용만 제2차관님 수고하셨습니다.   오늘 의


=== 최종 심사구간(deliberation segments) ===

[delib 1] trigger_speech_order=2 (speech_id=5991237170513855432)
  발언자: 소위원장 김윤덕
  구간: speech_order 2 ~ 46
  심사 의사일정: 의사일정 제1항부터 제2항까지 (raw: [1, 2])
  bill_review (bill_pool 매칭 결과):
    - 1. 관광진흥법 일부개정법률안(김승원 의원 대표발의)(의안번호 2114660)
    - 2. 관광진흥법 일부개정법률안(이상헌 의원 대표발의)(의안번호 2115529)

[delib 2] trigger_speech_order=47 (speech_id=8577299634526017158)
  발언자: 소위원장 김윤덕
  구간: speech_order 47 ~ 236
  심사 의사일정: 의사일정 제3항부터 제7항까지 (raw: [3, 4, 5, 6, 7])
  bill_review (bill_pool 매칭 결과):
    - 3. 국민체육진흥법 일부개정법률안(이상헌 의원 대표발의)(의안번호 2105547)
    - 4. 국민체육진흥법 일부개정법률안(임오경 의원 대표발의)(의안번호 2111538)
    - 5. 국민체육진흥법 일부개정법률안(김승수 의원 대표발의)(의안번호 2114846)
    - 6. 국민체육진흥법 일부개정법률안(임오경 의원 대표발의)(의안번호 2115803)
    - 7. 국민체육진흥법 일부개정법률안(이병훈 의원 대표발의)(의안번호 2114853)

[delib 3] trigger_speech_order=237 (speech_id=147849082704258391)
  발언자: 소위원장 김윤덕
  구간: speech_order 237 ~ 457
  심사 의사일정: 의사일정 제8항 (raw: [8])
  bill_review (bill_pool 매칭 결과):
    - 8. 사행산업통합감독위원회법 일부개정법률안(임오경 의원 대표발의)(의안번호 2108842)

[delib 4] trigger_speech_order=458 (speech_id=5213514126117334028)
  발언자: 소위원장 김윤덕
  구간: speech_order 458 ~ 462
  심사 의사일정: 의사일정 제9항 (raw: [9])
  bill_review (bill_pool 매칭 결과):
    - 9. 생활체육진흥법 일부개정법률안(임오경 의원 대표발의)(의안번호 2112445)

[delib 5] trigger_speech_order=463 (speech_id=1771662770745737735)
  발언자: 소위원장 김윤덕
  구간: speech_order 463 ~ 469
  심사 의사일정: 의사일정 제10항부터 제11항까지 (raw: [10, 11])
  bill_review (bill_pool 매칭 결과):
    - 10. 체육시설의 설치․이용에 관한 법률 일부개정법률안(정부 제출)(의안번호 2101073)
    - 11. 체육시설의 설치․이용에 관한 법률 일부개정법률안(홍익표 의원 대표발의)(의안번호 2110690)

[delib 6] trigger_speech_order=470 (speech_id=1274417779252401138)
  발언자: 소위원장 김윤덕
  구간: speech_order 470 ~ 528
  심사 의사일정: 의사일정 제11항 (raw: [11])
  bill_review (bill_pool 매칭 결과):
    - 11. 체육시설의 설치․이용에 관한 법률 일부개정법률안(홍익표 의원 대표발의)(의안번호 2110690)

[delib 7] trigger_speech_order=529 (speech_id=7485172536103440010)
  발언자: 소위원장 김윤덕
  구간: speech_order 529 ~ 592
  심사 의사일정: 의사일정 제12항 (raw: [12])
  bill_review (bill_pool 매칭 결과):
    - 12. 2024 강원 동계청소년올림픽대회의 평화올림픽 구현을 위한 촉구 결의안(임오경 의원 등 125인 발의)(의안번호 2112415)

