=== Trigger Deliber Log (meeting_id=51889) 2025-11-17 23:08:08.722008 ===

총 발언 수: 318
bill_pool 크기(의사일정 항 개수): 39

bill_pool 텍스트 저장: C:\pythonproject\k_legisight\preprocess_model\trigger_deliber_output\bill_pool_51889.txt

소위원장 발언 수(전체): 105
소위원장 트리거 후보 발언 수(키워드 필터): 8

소위원장 트리거 후보 TXT 저장: C:\pythonproject\k_legisight\preprocess_model\trigger_deliber_output\chair_trigger_candidates_51889.txt


=== 소위원장 트리거 판별 결과 (후보 발언 기준) ===

- speech_order=2, tf_trigger=True, agenda_items=[1, 2, 3, 4, 5, 6, 7, 8, 9, 10, 11, 12, 13, 14, 15, 16, 17, 18, 19, 20, 21, 22, 23, 24, 25, 26, 27, 28, 29, 30, 31, 32, 33, 34, 35, 36, 37, 38, 39]
  발언 요약: 의사일정 제1항부터 제39항까지 법률안을 일괄하여 상정합니다.   전문위원께서는 소위 자료를 중심으로 설명해 주시기 바랍니다.

- speech_order=56, tf_trigger=False, agenda_items=[]
  발언 요약: 또 다른 의견 있으십니까?     (「없습니다」 하는 위원 있음)  없지요? 다음으로 넘어가겠습니다.

- speech_order=130, tf_trigger=False, agenda_items=[]
  발언 요약: 다음으로 넘어가겠습니다.

- speech_order=256, tf_trigger=True, agenda_items=[33, 34]
  발언 요약: 그러면 나머지 부분들은 다 위원님들 이견 없으시지요?    (「예」 하는 위원 있음)  그러면 보고․검사 관련 사전통지규정 삭제 부분만 빼고 나머지는 그대로 가는 걸로 하겠습니다.  다음 33항, 34항 폐기물처리시설 설치촉진 및 주변지역지원 등에 관한 법률 일부개정법

- speech_order=281, tf_trigger=True, agenda_items=[35]
  발언 요약: 그래요. 그러면 나중에 또 다시 보시고 나서 보완하더라도 일단은 그렇게 가는 걸로 하고요.  나머지 부분에 대해서는 문제없지요?    (「예」 하는 위원 있음)  다음 35항 미세먼지 저감 및 관리에 관한 특별법 일부개정법률안에 대해서 심의하기로 하겠습니다.

- speech_order=285, tf_trigger=True, agenda_items=[36]
  발언 요약: 위원님들 의견 있으십니까?    (「없습니다」 하는 위원 있음)  다음으로 넘어가겠습니다.  36항 대기환경보전법 일부개정법률안에 대해서 심의하도록 하겠습니다.

- speech_order=291, tf_trigger=False, agenda_items=[]
  발언 요약: 이의 없으시지요?    (「예」 하는 위원 있음)  다음으로 넘어가겠습니다.

- speech_order=300, tf_trigger=True, agenda_items=[38, 39]
  발언 요약: 의석을 정돈하여 주시기 바랍니다.  성원이 되었으므로 회의를 속개하겠습니다.  수석전문위원님, 의사일정 제38항과 제39항에 대하여 설명하여 주시기 바랍니다.


=== 최종 심사구간(deliberation segments) ===

[delib 1] trigger_speech_order=2 (speech_id=8909715028870030853)
  발언자: 소위원장 임이자
  구간: speech_order 2 ~ 255
  심사 의사일정: 의사일정 제1항부터 제39항까지 (raw: [1, 2, 3, 4, 5, 6, 7, 8, 9, 10, 11, 12, 13, 14, 15, 16, 17, 18, 19, 20, 21, 22, 23, 24, 25, 26, 27, 28, 29, 30, 31, 32, 33, 34, 35, 36, 37, 38, 39])
  bill_review (bill_pool 매칭 결과):
    - 1. 환경정책기본법 일부개정법률안(노웅래 의원 대표발의)(의안번호 2114360)
    - 2. 하수도법 일부개정법률안(김성원 의원 대표발의)(의안번호 2109956)
    - 3. 하수도법 일부개정법률안(임종성 의원 대표발의)(의안번호 2111845)
    - 4. 화학물질관리법 일부개정법률안(이수진 의원 대표발의)(의안번호 2111260)
    - 5. 화학물질관리법 일부개정법률안(안호영 의원 대표발의)(의안번호 2111392)
    - 6. 화학물질관리법 일부개정법률안(윤준병 의원 대표발의)(의안번호 2111599)
    - 7. 환경교육진흥법 일부개정법률안(안호영 의원 대표발의)(의안번호 2110701)
    - 8. 환경교육의 활성화 및 지원에 관한 법률 일부개정법률안(임이자 의원 대표발의)(의안번호 2114656)
    - 9. 환경오염시설의 통합관리에 관한 법률 일부개정법률안(안호영 의원 대표발의)(의안번호 2106136)
    - 10. 환경오염시설의 통합관리에 관한 법률 일부개정법률안(노웅래 의원 대표발의)(의안번호 2113967)
    - 11. 야생생물 보호 및 관리에 관한 법률 일부개정법률안(강은미 의원 대표발의)(의안번호 2107020)
    - 12. 야생생물 보호 및 관리에 관한 법률 일부개정법률안(양이원영 의원 대표발의)(의안번호 2107177)
    - 13. 야생생물 보호 및 관리에 관한 법률 일부개정법률안(허영 의원 대표발의)(의안번호 2109040)
    - 14. 야생생물 보호 및 관리에 관한 법률 일부개정법률안(김선교 의원 대표발의)(의안번호 2111107)
    - 15. 야생생물 보호 및 관리에 관한 법률 일부개정법률안(노웅래 의원 대표발의)(의안번호 2111500)
    - 16. 야생생물 보호 및 관리에 관한 법률 일부개정법률안(임이자 의원 대표발의)(의안번호 2113375)
    - 17. 야생생물 보호 및 관리에 관한 법률 일부개정법률안(임이자 의원 대표발의)(의안번호 2113527)
    - 18. 유기성 폐자원을 활용한 바이오가스의 생산 및 이용 촉진법안(송옥주 의원 대표발의)(의안번호 2111209)
    - 19. 유기성 폐자원을 활용한 바이오가스의 생산 및 이용 촉진법안(임이자 의원 대표발의)(의안번호 2112363)
    - 20. 자연환경보전법 일부개정법률안(송옥주 의원 대표발의)(의안번호 2110436)
    - 21. 자연공원법 일부개정법률안(송옥주 의원 대표발의)(의안번호 2113868)
    - 22. 국립공원공단법 일부개정법률안(임이자 의원 대표발의)(의안번호 2113529)
    - 23. 하천법 일부개정법률안(이수진 의원 대표발의)(의안번호 2110706)
    - 24. 전기․전자제품 및 자동차의 자원순환에 관한 법률 일부개정법률안(윤준병 의원 대표발의)(의안번호 2108576)
    - 25. 건설폐기물의 재활용촉진에 관한 법률 일부개정법률안(정부 제출)(의안번호 2102161)
    - 26. 건설폐기물의 재활용촉진에 관한 법률 일부개정법률안(이수진 의원 대표발의)(의안번호 2109472)
    - 27. 건설폐기물의 재활용촉진에 관한 법률 일부개정법률안(박대수 의원 대표발의)(의안번호 2109761)
    - 28. 석면안전관리법 일부개정법률안(정부 제출)(의안번호 2102101)
    - 29. 석면안전관리법 일부개정법률안(윤준병 의원 대표발의)(의안번호 2111203)
    - 30. 석면안전관리법 일부개정법률안(윤준병 의원 대표발의)(의안번호 2114266)
    - 31. 잔류성오염물질 관리법 일부개정법률안(정부 제출)(의안번호 2102085)
    - 32. 잔류성오염물질 관리법 일부개정법률안(장철민 의원 대표발의)(의안번호 2114026)
    - 33. 폐기물처리시설 설치촉진 및 주변지역지원 등에 관한 법률 일부개정법률안(박대수 의원 대표발의)(의안번호 2107298)
    - 34. 폐기물처리시설 설치촉진 및 주변지역지원 등에 관한 법률 일부개정법률안(윤준병 의원 대표발의)(의안번호 2111387)
    - 35. 미세먼지 저감 및 관리에 관한 특별법 일부개정법률안(김성원 의원 대표발의)(의안번호 2112459)
    - 36. 대기환경보전법 일부개정법률안(장철민 의원 대표발의)(의안번호 2114479)
    - 37. 환경보건법 일부개정법률안(윤미향 의원 대표발의)(의안번호 2112309)
    - 38. 기상관측표준화법 일부개정법률안(이수진 의원 대표발의)(의안번호 2113474)
    - 39. 기상관측표준화법 일부개정법률안(노웅래 의원 대표발의)(의안번호 2113970)

[delib 2] trigger_speech_order=256 (speech_id=7044661084003460598)
  발언자: 소위원장 임이자
  구간: speech_order 256 ~ 280
  심사 의사일정: 의사일정 제33항부터 제34항까지 (raw: [33, 34])
  bill_review (bill_pool 매칭 결과):
    - 33. 폐기물처리시설 설치촉진 및 주변지역지원 등에 관한 법률 일부개정법률안(박대수 의원 대표발의)(의안번호 2107298)
    - 34. 폐기물처리시설 설치촉진 및 주변지역지원 등에 관한 법률 일부개정법률안(윤준병 의원 대표발의)(의안번호 2111387)

[delib 3] trigger_speech_order=281 (speech_id=7741206570211603349)
  발언자: 소위원장 임이자
  구간: speech_order 281 ~ 284
  심사 의사일정: 의사일정 제35항 (raw: [35])
  bill_review (bill_pool 매칭 결과):
    - 35. 미세먼지 저감 및 관리에 관한 특별법 일부개정법률안(김성원 의원 대표발의)(의안번호 2112459)

[delib 4] trigger_speech_order=285 (speech_id=5691480073630820059)
  발언자: 소위원장 임이자
  구간: speech_order 285 ~ 299
  심사 의사일정: 의사일정 제36항 (raw: [36])
  bill_review (bill_pool 매칭 결과):
    - 36. 대기환경보전법 일부개정법률안(장철민 의원 대표발의)(의안번호 2114479)

[delib 5] trigger_speech_order=300 (speech_id=8956523217379264641)
  발언자: 소위원장 임이자
  구간: speech_order 300 ~ 318
  심사 의사일정: 의사일정 제38항부터 제39항까지 (raw: [38, 39])
  bill_review (bill_pool 매칭 결과):
    - 38. 기상관측표준화법 일부개정법률안(이수진 의원 대표발의)(의안번호 2113474)
    - 39. 기상관측표준화법 일부개정법률안(노웅래 의원 대표발의)(의안번호 2113970)

