=== Trigger Deliber Log (meeting_id=51924) 2025-11-17 00:56:39.097999 ===

총 발언 수: 688
bill_pool 크기(의사일정 항 개수): 31

bill_pool 텍스트 저장: C:\pythonproject\k_legisight\preprocess_model\trigger_deliber_output\bill_pool_51924.txt

소위원장 발언 수(전체): 196
소위원장 트리거 후보 발언 수(키워드 필터): 30

소위원장 트리거 후보 TXT 저장: C:\pythonproject\k_legisight\preprocess_model\trigger_deliber_output\chair_trigger_candidates_51924.txt


=== 소위원장 트리거 판별 결과 (후보 발언 기준) ===

- speech_order=1, tf_trigger=True, agenda_items=[]
  발언 요약: 의석을 정돈해 주시기 바랍니다.   성원이 되었으므로 제397회 국회(임시회) 제1차 국토교통위원회 국토법안심사소위원회 회의를 개회합니다.  바쁘신 중에도 참석해 주신 위원님들과 관계 공무원 여러분들께 감사의 말씀을 드립니다.  오늘 오전에 전체회의를 여는 관계로 지금

- speech_order=2, tf_trigger=True, agenda_items=[33, 34, 35, 36]
  발언 요약: 그러면 의사일정 제33항부터 제36항까지, 이상 4건의 도시 및 주거환경정비법 일부 개정법률안을 일괄하여 상정합니다.  먼저 수석전문위원 보고해 주시기 바랍니다.

- speech_order=161, tf_trigger=False, agenda_items=[]
  발언 요약: 그러면 과태료 부과하는 대상으로 하는 것을 전제로 하고 일단 의결하겠습니다.    (「예」 하는 위원 있음)  자구 수정은 위원장한테 맡겨 주시기 바랍니다.  더 이상 의견이 없으시면 토론을 종결하고 의결하도록 하겠습니다.  의사일정 제35항은 소위원회에서 계속 심사하

- speech_order=162, tf_trigger=True, agenda_items=[1, 2]
  발언 요약: 다음은 의사일정 제1항 및 제2항, 이상 2건의 개발제한구역의 지정 및 관리에 관한 특별조치법 일부개정법률안을 일괄하여 상정합니다.  수석전문위원 보고해 주시기 바랍니다.

- speech_order=171, tf_trigger=False, agenda_items=[]
  발언 요약: 더 이상 의견 없으시면 토론 종결하고 의결하도록 하겠습니다.  의사일정 제1항 및 제2항, 이상 2건의 개발제한구역의 지정 및 관리에 관한 특별조치법 일부개정법률안은 각각 본회의에 부의하지 아니하고 지금까지 심사한 결과를 반영하여 이를 하나의 위원회 대안으로 제안하고자

- speech_order=172, tf_trigger=True, agenda_items=[3]
  발언 요약: 다음은 의사일정 제3항 건축물관리법 일부개정법률안을 상정합니다.  수석전문위원 보고해 주시기 바랍니다.

- speech_order=192, tf_trigger=False, agenda_items=[]
  발언 요약: 제가 아까 모두에 원활한 회의 진행과 또 속기록 작성을 위해 가지고 배석하시는 분들 소속․직위․성명을 먼저 밝혀 주시고 답변해 주시기 바란다고 했는데, 소속․직위․성명을……

- speech_order=222, tf_trigger=False, agenda_items=[]
  발언 요약: 더 이상 의견 없으십니까?     (「예」 하는 위원 있음)  그러면 취지에는 다 동의하신 걸로 알고 수정 의견대로 처리해도 되겠지요?    (「예」 하는 위원 있음)  더 이상 의견이 없으시므로 토론을 종결하고 의결하도록 하겠습니다.   의사일정 제3항 건축물관리법 

- speech_order=223, tf_trigger=True, agenda_items=[4]
  발언 요약: 다음은 의사일정 제4항 건축법 일부개정법률안을 상정합니다.  수석전문위원 보고해 주시기 바랍니다.

- speech_order=264, tf_trigger=False, agenda_items=[]
  발언 요약: 어떻게 수정 의견대로 의결하면 되겠습니까?    (「예」 하는 위원 있음)  더 이상 의견이 없으시므로 토론을 종결하고 의결을 하도록 하겠습니다.  의사일정 제4항 건축법 일부개정법률안은 지금까지 심사한 결과를 반영하여 수정한 부분은 수정한 대로 기타 부분은 원안대로 

- speech_order=265, tf_trigger=True, agenda_items=[5]
  발언 요약: 다음은 의사일정 제5항 경관법 일부개정법률안을 상정합니다.  수석전문위원 보고해 주시기 바랍니다.

- speech_order=325, tf_trigger=True, agenda_items=[6]
  발언 요약: 다음은 의사일정 제6항 공공건축특별법안을 상정합니다.   수석전문위원 보고해 주시기 바랍니다.

- speech_order=348, tf_trigger=False, agenda_items=[]
  발언 요약: 오늘 아까도 말씀드렸지만 사실상 전반기 우리 국토소위 법안심사 마지막 날짜입니다. 지금 시간이 별로 없어 가지고 효율적인 심의를 위해서 이 정도로 토론 종결하고 의결하도록 하겠습니다.  의사일정 제6항 공공건축특별법안은 우리 소위원회에서 계속 심사하고자 하는데 이의 없

- speech_order=349, tf_trigger=True, agenda_items=[7, 8, 9, 10]
  발언 요약: 다음, 의사일정 제7항부터 제10항까지 이상 4건의 도시재생 활성화 및 지원에 관한 특별법 일부개정법률안을 일괄하여 상정합니다.  수석전문위원 보고해 주시기 바랍니다.

- speech_order=369, tf_trigger=False, agenda_items=[]
  발언 요약: 의견 없으십니까?     (「동의합니다」 하는 위원 있음)  그러면 15쪽의 수정의견을 능동태로 다시 자구 수정하는 것 외에는 수석전문위원 수정의견에 다 동의하시는 걸로 이해하고 있겠습니다.     (「예」 하는 위원 있음)  그러면 그렇게 정리하겠습니다.  자구 수정

- speech_order=370, tf_trigger=True, agenda_items=[11]
  발언 요약: 다음은 의사일정 제11항 산업입지 및 개발에 관한 법률 일부개정법률안을 상정합니다.   수석전문위원 보고해 주시기 바랍니다.

- speech_order=394, tf_trigger=True, agenda_items=[12, 13, 14]
  발언 요약: 다음으로 의사일정 제12항부터 제14항까지, 이상 3건의 신행정수도 후속대책을 위한 연기․공주지역 행정중심복합도시 건설을 위한 특별법 일부개정법률안을 일괄하여 상정합니다.   수석전문위원 보고해 주시기 바랍니다.

- speech_order=454, tf_trigger=False, agenda_items=[]
  발언 요약: 예, 그러면 그렇게 정리하면 되겠네요?    (「예」 하는 위원 있음)  그러면 그대로 정리하겠습니다.   더 이상 의견 없으십니다.   더 이상 의견이 없으시므로 토론을 종결하고 의결하도록 하겠습니다.  의사일정 제12항부터 제14항까지, 이상 3건의 신행정수도 후속

- speech_order=455, tf_trigger=True, agenda_items=[15]
  발언 요약: 다음은 의사일정 제15항 용산공원 조성 특별법 일부개정법률안을 상정합니다.   수석전문위원 보고해 주시기 바랍니다.

- speech_order=471, tf_trigger=False, agenda_items=[]
  발언 요약: 더 이상 의견이 없으시므로 토론 종결하고 의결하도록 하겠습니다.  의사일정 제15항 용산공원 조성 특별법 일부개정법률안은 지금까지 심사한 결과를 반영하여 수정한 부분은 수정한 대로, 기타 부분은 원안대로 의결하고자 하는데 이의가 없으십니까?     (「예」 하는 위원 

- speech_order=472, tf_trigger=True, agenda_items=[16]
  발언 요약: 다음 의사일정 제16항 행정중심복합도시 국립박물관단지 통합운영지원센터 운영 및 지원에 관한 법률안을 상정합니다.  수석전문위원 보고해 주시기 바랍니다.

- speech_order=570, tf_trigger=True, agenda_items=[20, 21, 22]
  발언 요약: 다음은 의사일정 제20항부터 제22항까지 이상 3건의 공간정보의 구축 및 관리 등에 관한 법률 일부개정법률안을 일괄하여 상정합니다.  수석전문위원 보고해 주시기 바랍니다.

- speech_order=578, tf_trigger=False, agenda_items=[]
  발언 요약: 위원님들 말씀해 주십시오.  다른 의견 없으시면 토론 종결하고 의결하도록 하겠습니다. 그래도 되겠습니까?    (「예」 하는 위원 있음)  그러면 수정의견대로 의결하는 걸로 하겠습니다.   의사일정 제20항부터 22항까지 이상 3건의 공간정보의 구축 및 관리 등에 관한

- speech_order=579, tf_trigger=True, agenda_items=[27, 28, 29, 30, 31]
  발언 요약: 다음은 의사일정 제27항부터 제31항까지 이상 5건의 공동주택관리법 일부개정법률안을 일괄하여 상정합니다.   수석전문위원 보고해 주시기 바랍니다.

- speech_order=638, tf_trigger=False, agenda_items=[]
  발언 요약: 고맙습니다. 그러면 그대로 처리하겠습니다. 그러면 장경태 위원님 말씀하신 그 수정안만 추가하는 것으로 그렇게 하겠습니다.   더 이상 의견이 없으시기 때문에 토론 종결하고 의결하도록 하겠습니다.   의사일정 제27항부터 제31항까지 이상 5건의 공동주택관리법 일부개정법

- speech_order=639, tf_trigger=True, agenda_items=[40]
  발언 요약: 다음은 의사일정 제40항 건설기술 진흥법 일부개정법률안을 상정합니다.   수석전문위원 보고해 주시기 바랍니다.

- speech_order=643, tf_trigger=False, agenda_items=[]
  발언 요약: 위원님들 의견 말씀해 주십시오.  의견 없으시면 토론 종결하고 의결하도록 하겠습니다.   의사일정 제40항 건설기술 진흥법 일부개정법률안은 지금까지 심사한 결과를 반영하여 수정한 부분은 수정한 대로 기타 부분은 원안대로 의결하고자 하는데 이의가 없으십니까?     (「

- speech_order=651, tf_trigger=False, agenda_items=[]
  발언 요약: 예, 그다음 것부터 할게요. 알겠습니다.  다음, 의사일정 제44항 한국국토정보공사법안, 의사일정 제45항……

- speech_order=667, tf_trigger=True, agenda_items=[44, 45]
  발언 요약: 의사일정 제44항 한국국토정보공사법안, 의사일정 제45항 국가공간정보 기본법 일부개정법률안 이상 2건의 법률안을 일괄하여 상정합니다.  수석전문위원 간략하게 보고를 해 주시기 바랍니다. 시간이 지금 별로 없어서요.

- speech_order=683, tf_trigger=False, agenda_items=[]
  발언 요약: 그러니까 광주 사고 후속 법안인데, 이것까지 끝냈어야 되는데 정말 미안합니다.  이상으로 오늘 예정된 의사일정을 모두 마쳤습니다.   오늘 소위원회에서 심사 의결된 법률안의 심사보고 수정안 및 대안의 작성, 기타 체계․자구의 정리 등에 대해서는 소위원장한테 위임해 주시


=== 최종 심사구간(deliberation segments) ===

[delib 1] trigger_speech_order=2 (speech_id=2809663943093060129)
  발언자: 소위원장 조응천
  구간: speech_order 2 ~ 161
  심사 의사일정: 의사일정 제33항부터 제36항까지 (raw: [33, 34, 35, 36])
  bill_review (bill_pool 매칭 결과):
    - 33. 도시 및 주거환경정비법 일부개정법률안(조오섭 의원 대표발의)(의안번호 2111337)
    - 34. 도시 및 주거환경정비법 일부개정법률안(천준호 의원 대표발의)(의안번호 2112170)
    - 35. 도시 및 주거환경정비법 일부개정법률안(김윤덕 의원 대표발의)(의안번호 2112763)
    - 36. 도시 및 주거환경정비법 일부개정법률안(천준호 의원 대표발의)(의안번호 2112940)

[delib 2] trigger_speech_order=162 (speech_id=5655857239468144644)
  발언자: 소위원장 조응천
  구간: speech_order 162 ~ 171
  심사 의사일정: 의사일정 제1항부터 제2항까지 (raw: [1, 2])
  bill_review (bill_pool 매칭 결과):
    - 1. 개발제한구역의 지정 및 관리에 관한 특별조치법 일부개정법률안(강준현 의원 대표발의)(의안번호 2111252)
    - 2. 개발제한구역의 지정 및 관리에 관한 특별조치법 일부개정법률안(정동만 의원 대표발의)(의안번호 2112131)

[delib 3] trigger_speech_order=172 (speech_id=8922749926216070002)
  발언자: 소위원장 조응천
  구간: speech_order 172 ~ 222
  심사 의사일정: 의사일정 제3항 (raw: [3])
  bill_review (bill_pool 매칭 결과):
    - 3. 건축물관리법 일부개정법률안(조오섭 의원 대표발의)(의안번호 2114040)

[delib 4] trigger_speech_order=223 (speech_id=3721767601868903410)
  발언자: 소위원장 조응천
  구간: speech_order 223 ~ 264
  심사 의사일정: 의사일정 제4항 (raw: [4])
  bill_review (bill_pool 매칭 결과):
    - 4. 건축법 일부개정법률안(홍기원 의원 대표발의)(의안번호 2112397)

[delib 5] trigger_speech_order=265 (speech_id=7350948771612102405)
  발언자: 소위원장 조응천
  구간: speech_order 265 ~ 324
  심사 의사일정: 의사일정 제5항 (raw: [5])
  bill_review (bill_pool 매칭 결과):
    - 5. 경관법 일부개정법률안(한준호 의원 대표발의)(의안번호 2113934)

[delib 6] trigger_speech_order=325 (speech_id=1501413031292693740)
  발언자: 소위원장 조응천
  구간: speech_order 325 ~ 348
  심사 의사일정: 의사일정 제6항 (raw: [6])
  bill_review (bill_pool 매칭 결과):
    - 6. 공공건축특별법안(허영 의원 대표발의)(의안번호 2102199)

[delib 7] trigger_speech_order=349 (speech_id=7042484404334320208)
  발언자: 소위원장 조응천
  구간: speech_order 349 ~ 369
  심사 의사일정: 의사일정 제7항부터 제10항까지 (raw: [7, 8, 9, 10])
  bill_review (bill_pool 매칭 결과):
    - 7. 도시재생 활성화 및 지원에 관한 특별법 일부개정법률안(홍정민 의원 대표발의)(의안번호 2110826)
    - 8. 도시재생 활성화 및 지원에 관한 특별법 일부개정법률안(천준호 의원 대표발의)(의안번호 2111270)
    - 9. 도시재생 활성화 및 지원에 관한 특별법 일부개정법률안(심상정 의원 대표발의)(의안번호 2111397)
    - 10. 도시재생 활성화 및 지원에 관한 특별법 일부개정법률안(박영순 의원 대표발의)(의안번호 2112355)

[delib 8] trigger_speech_order=370 (speech_id=2507196086097052333)
  발언자: 소위원장 조응천
  구간: speech_order 370 ~ 393
  심사 의사일정: 의사일정 제11항 (raw: [11])
  bill_review (bill_pool 매칭 결과):
    - 11. 산업입지 및 개발에 관한 법률 일부개정법률안(허영 의원 대표발의)(의안번호 2113816)

[delib 9] trigger_speech_order=394 (speech_id=2051930701155699659)
  발언자: 소위원장 조응천
  구간: speech_order 394 ~ 454
  심사 의사일정: 의사일정 제12항부터 제14항까지 (raw: [12, 13, 14])
  bill_review (bill_pool 매칭 결과):
    - 12. 신행정수도 후속대책을 위한 연기․공주지역 행정중심복합도시 건설을 위한 특별법 일부개정법률안(강준현 의원 대표발의)(의안번호 2102019)
    - 13. 신행정수도 후속대책을 위한 연기․공주지역 행정중심복합도시 건설을 위한 특별법 일부개정법률안(정진석 의원 대표발의)(의안번호 2113723)
    - 14. 신행정수도 후속대책을 위한 연기․공주지역 행정중심복합도시 건설을 위한 특별법 일부개정법률안(강준현 의원 발의)(의안번호 2114057)

[delib 10] trigger_speech_order=455 (speech_id=5104506125340449138)
  발언자: 소위원장 조응천
  구간: speech_order 455 ~ 471
  심사 의사일정: 의사일정 제15항 (raw: [15])
  bill_review (bill_pool 매칭 결과):
    - 15. 용산공원 조성 특별법 일부개정법률안(천준호 의원 대표발의)(의안번호 2111570)

[delib 11] trigger_speech_order=472 (speech_id=4603265820441396114)
  발언자: 소위원장 조응천
  구간: speech_order 472 ~ 569
  심사 의사일정: 의사일정 제16항 (raw: [16])
  bill_review (bill_pool 매칭 결과):
    - 16. 행정중심복합도시 국립박물관단지 통합운영지원센터 운영 및 지원에 관한 법률안(강준현 의원 대표발의)(의안번호 2105842)

[delib 12] trigger_speech_order=570 (speech_id=6514643557885657560)
  발언자: 소위원장 조응천
  구간: speech_order 570 ~ 578
  심사 의사일정: 의사일정 제20항부터 제22항까지 (raw: [20, 21, 22])
  bill_review (bill_pool 매칭 결과):
    - 20. 공간정보의 구축 및 관리 등에 관한 법률 일부개정법률안(조응천 의원 대표발의)(의안번호 2110056)
    - 21. 공간정보의 구축 및 관리 등에 관한 법률 일부개정법률안(송석준 의원 대표발의)(의안번호 2111267)
    - 22. 공간정보의 구축 및 관리 등에 관한 법률 일부개정법률안(조오섭 의원 대표발의)(의안번호 2114048)

[delib 13] trigger_speech_order=579 (speech_id=3107806026399370020)
  발언자: 소위원장 조응천
  구간: speech_order 579 ~ 638
  심사 의사일정: 의사일정 제27항부터 제31항까지 (raw: [27, 28, 29, 30, 31])
  bill_review (bill_pool 매칭 결과):
    - 27. 공동주택관리법 일부개정법률안(김희국 의원 대표발의)(의안번호 2109316)
    - 28. 공동주택관리법 일부개정법률안(박상혁 의원 대표발의)(의안번호 2109363)
    - 29. 공동주택관리법 일부개정법률안(박성민 의원 대표발의)(의안번호 2109377)
    - 30. 공동주택관리법 일부개정법률안(박상혁 의원 대표발의)(의안번호 2109383)
    - 31. 공동주택관리법 일부개정법률안(김교흥 의원 대표발의)(의안번호 2110763)

[delib 14] trigger_speech_order=639 (speech_id=7231489470945913033)
  발언자: 소위원장 조응천
  구간: speech_order 639 ~ 666
  심사 의사일정: 의사일정 제40항 (raw: [40])
  bill_review (bill_pool 매칭 결과):
    - 40. 건설기술 진흥법 일부개정법률안(김교흥 의원 대표발의)(의안번호 2114566)

[delib 15] trigger_speech_order=667 (speech_id=1280188646635218344)
  발언자: 소위원장 조응천
  구간: speech_order 667 ~ 688
  심사 의사일정: 의사일정 제44항부터 제45항까지 (raw: [44, 45])
  bill_review (bill_pool 매칭 결과):
    - 44. 한국국토정보공사법안(김윤덕 의원 대표발의)(의안번호 2107773)
    - 45. 국가공간정보 기본법 일부개정법률안(강기윤 의원 대표발의)(의안번호 2108173)

