=== Trigger Deliber Log (meeting_id=52665) 2025-11-13 21:36:36.472179 ===

총 발언 수: 11
bill_pool 크기(의사일정 항 개수): 4

소위원장 발언 수: 7


=== 소위원장 트리거 판별 결과 ===

- speech_order=1, tf_trigger=False, agenda_items=[]
  발언 요약: 의석을 정돈해 주시기 바랍니다.   성원이 되었으므로 제402회 국회(임시회) 정보위원회 제1차 법안심사소위원회를 개의하겠습니다.  잠시 안내말씀 드리겠습니다.  오늘 법안 심사와 관련하여 좋은 의견을 주시기 위하여 김병기 의원님이 참석하셨다는 점을 먼저 말씀드립니다.

- speech_order=2, tf_trigger=True, agenda_items=[1, 2, 3, 4]
  발언 요약: 그러면 의사일정 제1항부터 제4항까지 4건의 국가정보원직원법 일부개정법률안을 일괄하여 상정합니다.   오늘 법안 심사는 소위 심사자료를 중심으로 수석전문위원의 보고를 듣고 정부의 의견을 청취한 다음 위원님들의 논의 순서로 진행하겠습니다. 4건의 법안을 전부 심사한 후에

- speech_order=3, tf_trigger=False, agenda_items=[]
  발언 요약: 심사가 모두 끝났으니까 지금부터는 회의를 공개로 전환하겠습니다.  이원욱 위원님, 웃음과 더불어 한 말씀 하시지요, 마지막으로.

- speech_order=5, tf_trigger=False, agenda_items=[]
  발언 요약: 김의겸 위원님 한 말씀 하시지요.

- speech_order=7, tf_trigger=False, agenda_items=[]
  발언 요약: 조해진 위원님.

- speech_order=9, tf_trigger=False, agenda_items=[]
  발언 요약: 제가 국회의장님을 따라서 민주당 의원님 세 분과 같이 순방을 한 10일 나갔다 왔습니다.

- speech_order=11, tf_trigger=False, agenda_items=[]
  발언 요약: 베트남과 인도네시아를 갔다 왔는데 함께 계속 식사를 같이하고 여러 가지 얘기를 하면서 결국은 조금씩 조금씩 마음을 허물 수 있지 않았나 생각합니다. 특히 전재수 의원님 같은 경우는 사실 같은 상임위도 아니고 아침에 잠시 얼굴 보는 관계였는데 한 10일을 같이 지내면서 


=== 최종 심사구간(deliberation segments) ===

[delib 1] trigger_speech_order=2 (speech_id=2467686172229961744)
  발언자: 소위원장 유상범
  구간: speech_order 2 ~ 11
  심사 의사일정: 의사일정 제1항부터 제4항까지 (raw: [1, 2, 3, 4])
  bill_review (bill_pool 매칭 결과):
    - 1. 국가정보원직원법 일부개정법률안(송갑석 의원 대표발의)(의안번호 2101642)
    - 2. 국가정보원직원법 일부개정법률안(박주민 의원 대표발의)(의안번호 2113362)
    - 3. 국가정보원직원법 일부개정법률안(신원식 의원 대표발의)(의안번호 2116367)
    - 4. 국가정보원직원법 일부개정법률안(유상범 의원 대표발의)(의안번호 2118040)

