=== Trigger Deliber Log (meeting_id=52737) 2025-11-16 21:52:45.627439 ===

총 발언 수: 472
bill_pool 크기(의사일정 항 개수): 19

bill_pool 텍스트 저장: C:\pythonproject\k_legisight\preprocess_model\trigger_deliber_output\bill_pool_52737.txt

소위원장 발언 수(전체): 136
소위원장 트리거 후보 발언 수(키워드 필터): 15

소위원장 트리거 후보 TXT 저장: C:\pythonproject\k_legisight\preprocess_model\trigger_deliber_output\chair_trigger_candidates_52737.txt


=== 소위원장 트리거 판별 결과 (후보 발언 기준) ===

- speech_order=1, tf_trigger=True, agenda_items=[]
  발언 요약: 의석을 정돈해 주시기 바랍니다.   성원이 되었으므로 제403회 국회(임시회) 국방위원회 제2차 법률안심사소위원회를 개의합니다.  바쁘신 가운데 오늘 회의에 참석해 주신 위원님들께 감사의 말씀을 드립니다.   우리 소위원회는 어제에 이어서 오늘은 국방부, 방사청 및 병

- speech_order=2, tf_trigger=True, agenda_items=[1, 2, 3, 4]
  발언 요약: 그러면 의사일정 제1항부터 제19항까지 19건의 안건을 일괄하여 상정하겠습니다.  안건 심사는 먼저 심사 경과와 검토의견에 대한 수석전문위원의 보고와 정부 측의 의견을 듣고 위원님들의 질의 답변과 토론을 마치고 나서 해당 안건을 처리하도록 하겠습니다.   그리고 정부 

- speech_order=14, tf_trigger=False, agenda_items=[]
  발언 요약: 보건복지관 직책과 성함을 나오면 먼저 얘기하고, 성함까지 얘기하고 발표해 주세요.

- speech_order=39, tf_trigger=False, agenda_items=[]
  발언 요약: 알았어요.  그러면 존경하는 한기호 위원님 먼저 말씀하시고 또……

- speech_order=130, tf_trigger=False, agenda_items=[]
  발언 요약: 잠깐만, 한기호 위원님. 여기 먼저 발언권을 얻어서 송 위원님 얘기 듣고……

- speech_order=144, tf_trigger=False, agenda_items=[]
  발언 요약: 예, 무슨 말인지 잘 알겠습니다. 이것 가지고 밤새 토론을 해도 현재 수준으로는 결론이 좀 어려울 것 같습니다. 왜냐하면 국방부도 기재부와 협조가 좀 더 필요한 것 같고 보훈처하고도 필요한 것 같고요.  그다음에 한기호 위원님이 말씀했듯이 한국전쟁이라든가 다른 것과의 

- speech_order=172, tf_trigger=False, agenda_items=[]
  발언 요약: 송옥주 위원님 먼저 말씀하시고 설훈 위원님 충분히 시간 드릴게요.

- speech_order=209, tf_trigger=True, agenda_items=[5]
  발언 요약: 의석을 정돈해 주시기 바랍니다.   성원이 되었으므로 회의를 속개하겠습니다.  다음은 의사일정 제5항 국방․군사시설 사업에 관한 법률 일부개정법률안을 심사하겠습니다.  전문위원께서 보고해 주시기 바랍니다.

- speech_order=255, tf_trigger=True, agenda_items=[6, 7, 8]
  발언 요약: 오늘 아침에 홍영표 위원님이 주관해서 사실 여기에 대해서 세미나도 했어요. 오늘 시간관계 때문에 참석을 못했는데 저도 공동 주최는 일단 해 드렸었는데, 홍영표 위원이 이걸 제기한 이유는 이렇게 하다 보니까 지자체라든가 민간에서 부대 이전했을 때 개발이 많이 들어가니까 

- speech_order=303, tf_trigger=False, agenda_items=[]
  발언 요약: 9쪽을 한번 비교해 보시지요. 저도 이 분야는 관심이 많기 때문에 사실 스터디를 많이 했고 지금 정부 측 안, 신원식 의원님 안, 한기호 의원님 안 법조항을 다 제가 검토를 해 봤는데 기존 무기체계하고 이걸 먼저 위원님들이 이해하실 필요가 있습니다. 여기서 보면 기존 

- speech_order=315, tf_trigger=False, agenda_items=[]
  발언 요약: 그러면 똑같은 거고, 거기서 생략된 것이 선행연구고 그다음에 죽 왔을 때 입찰공고․경쟁계약 똑같고 연구개발 똑같고, 여기 된 것이 개발시험평가와 운용시험평가를 통합평가 하나로 통일한다는 것 아닙니까? 이건 뭔가 하면 개발했을 때 먼저 시험평가를 하고 또 운용하면서 평가

- speech_order=321, tf_trigger=False, agenda_items=[]
  발언 요약: 그러니까 그런 것들을 좀 자세히 위원님들한테 설명을 해 드려야 이것이…… 사실 얼핏 보면 설훈 위원님의 우려가 맞아요. 그렇게 갈 확률이 많은 것이지. 이것을 먼저 숲을 얘기해 주고 설명하면 쉬운데, 그런 것이지요.

- speech_order=332, tf_trigger=False, agenda_items=[]
  발언 요약: 그러니까 이것은 어떤 특정 업체가 예를 들어서 AI 기술이나 로봇 기술을 가졌다고 했을 때 그런 기술은 가졌는데 중소기업인 경우 제가 봤을 때 혼자 개발하면 돈이 많이 들잖아요. 그리고 그 기술은 이미 입증이 됐는데, 그러면 국방부가 그 회사와 협약을 해서 먼저 그 상

- speech_order=406, tf_trigger=True, agenda_items=[9, 10, 11]
  발언 요약: 그러면 의사일정 제9항부터 11항까지 이상 3건의 방위사업법 일부개정법률안을 함께 심사하겠습니다.  전문위원 말씀해 주세요.

- speech_order=470, tf_trigger=False, agenda_items=[]
  발언 요약: 위원님들 말씀해 주십시오.    (「없습니다」 하는 위원 있음)  그러면 오늘 방금 심사한 의사일정 제6항부터 제11항까지 6건의 방위사업법 일부개정법률안은 보다 심도 있는 논의를 위해서 계속 심사하도록 하겠습니다.  다음번에 법안소위를 3월 달에 임시회가 열리면 조금


=== 최종 심사구간(deliberation segments) ===

[delib 1] trigger_speech_order=2 (speech_id=5071179079668680718)
  발언자: 소위원장 김병주
  구간: speech_order 2 ~ 208
  심사 의사일정: 의사일정 제1항부터 제4항까지 (raw: [1, 2, 3, 4])
  bill_review (bill_pool 매칭 결과):
    - 1. 월남전 참전군인 전투근무 보상특별법안(윤상현 의원 대표발의)(의안번호 2102627)
    - 2. 월남전 참전군인 보상에 관한 특별법안(설훈 의원 대표발의)(의안번호 2110208)
    - 3. 월남전 참전군인의 전투근무수당 미지급 관련 진상규명 및 전투근무급여금 지급에 관한 특별법안(설훈 의원 대표발의)(의안번호 2110212)
    - 4. 월남전 참전군인의 전투근무수당 미지급 관련 진상규명 및 전투근무급여금 지급에 관한 특별법안(강민국 의원 대표발의)(의안번호 2112134)

[delib 2] trigger_speech_order=209 (speech_id=7253790473676621799)
  발언자: 소위원장 김병주
  구간: speech_order 209 ~ 254
  심사 의사일정: 의사일정 제5항 (raw: [5])
  bill_review (bill_pool 매칭 결과):
    - 5. 국방․군사시설 사업에 관한 법률 일부개정법률안(홍영표 의원 대표발의)(의안번호 2118121)

[delib 3] trigger_speech_order=255 (speech_id=3257430025494167085)
  발언자: 소위원장 김병주
  구간: speech_order 255 ~ 405
  심사 의사일정: 의사일정 제6항부터 제8항까지 (raw: [6, 7, 8])
  bill_review (bill_pool 매칭 결과):
    - 6. 방위사업법 일부개정법률안(정부 제출)(의안번호 2110066)
    - 7. 방위사업법 일부개정법률안(신원식 의원 대표발의)(의안번호 2117465)
    - 8. 방위사업법 일부개정법률안(한기호 의원 대표발의)(의안번호 2119701)

[delib 4] trigger_speech_order=406 (speech_id=3098366775017293537)
  발언자: 소위원장 김병주
  구간: speech_order 406 ~ 472
  심사 의사일정: 의사일정 제9항부터 제11항까지 (raw: [9, 10, 11])
  bill_review (bill_pool 매칭 결과):
    - 9. 방위사업법 일부개정법률안(민홍철 의원 대표발의)(의안번호 2103838)
    - 10. 방위사업법 일부개정법률안(정부 제출)(의안번호 2104620)
    - 11. 방위사업법 일부개정법률안(한기호 의원 대표발의)(의안번호 2107628)

